2023-10-10 16:29:54,233 INFO m.ApplicationManager [ApplicationManager.java:27] Navigated to the link --->https://telranedu.web.app/home
2023-10-10 16:29:54,251 INFO t.TestBase [TestBase.java:19] Started test ---->addNewContactPositive
2023-10-10 16:29:54,252 INFO m.WDListener [WDListener.java:20] Start searching element by locator -->By.xpath: //button[.='Sign Out']
2023-10-10 16:29:57,289 INFO m.WDListener [WDListener.java:26] Element with locator -->By.xpath: //button[.='Sign Out']is found
2023-10-10 16:29:57,291 INFO m.WDListener [WDListener.java:20] Start searching element by locator -->By.xpath: //*[.='LOGIN']
2023-10-10 16:29:57,310 INFO m.WDListener [WDListener.java:26] Element with locator -->By.xpath: //*[.='LOGIN']is found
2023-10-10 16:29:57,361 INFO m.WDListener [WDListener.java:20] Start searching element by locator -->By.xpath: //input[@placeholder='Email']
2023-10-10 16:29:57,372 INFO m.WDListener [WDListener.java:26] Element with locator -->By.xpath: //input[@placeholder='Email']is found
2023-10-10 16:29:57,522 INFO m.WDListener [WDListener.java:20] Start searching element by locator -->By.xpath: //input[@placeholder='Password']
2023-10-10 16:29:57,530 INFO m.WDListener [WDListener.java:26] Element with locator -->By.xpath: //input[@placeholder='Password']is found
2023-10-10 16:29:57,573 INFO m.WDListener [WDListener.java:20] Start searching element by locator -->By.xpath: //button[1]
2023-10-10 16:29:57,581 INFO m.WDListener [WDListener.java:26] Element with locator -->By.xpath: //button[1]is found
2023-10-10 16:29:57,603 INFO m.NGListener [NGListener.java:15] Start of the test --> addNewContactPositive
2023-10-10 16:29:57,607 INFO m.WDListener [WDListener.java:20] Start searching element by locator -->By.xpath: //a[.='ADD']
2023-10-10 16:29:58,599 INFO m.WDListener [WDListener.java:26] Element with locator -->By.xpath: //a[.='ADD']is found
2023-10-10 16:29:58,631 INFO m.WDListener [WDListener.java:20] Start searching element by locator -->By.cssSelector: [placeholder='Name']
2023-10-10 16:29:58,639 INFO m.WDListener [WDListener.java:26] Element with locator -->By.cssSelector: [placeholder='Name']is found
2023-10-10 16:29:58,695 INFO m.WDListener [WDListener.java:20] Start searching element by locator -->By.cssSelector: [placeholder='Last Name']
2023-10-10 16:29:58,702 INFO m.WDListener [WDListener.java:26] Element with locator -->By.cssSelector: [placeholder='Last Name']is found
2023-10-10 16:29:58,743 INFO m.WDListener [WDListener.java:20] Start searching element by locator -->By.cssSelector: [placeholder='Phone']
2023-10-10 16:29:58,750 INFO m.WDListener [WDListener.java:26] Element with locator -->By.cssSelector: [placeholder='Phone']is found
2023-10-10 16:29:58,793 INFO m.WDListener [WDListener.java:20] Start searching element by locator -->By.cssSelector: [placeholder='email']
2023-10-10 16:29:58,800 INFO m.WDListener [WDListener.java:26] Element with locator -->By.cssSelector: [placeholder='email']is found
2023-10-10 16:29:58,843 INFO m.WDListener [WDListener.java:20] Start searching element by locator -->By.cssSelector: [placeholder='Address']
2023-10-10 16:29:58,851 INFO m.WDListener [WDListener.java:26] Element with locator -->By.cssSelector: [placeholder='Address']is found
2023-10-10 16:29:58,894 INFO m.WDListener [WDListener.java:20] Start searching element by locator -->By.cssSelector: [placeholder='description']
2023-10-10 16:29:58,901 INFO m.WDListener [WDListener.java:26] Element with locator -->By.cssSelector: [placeholder='description']is found
2023-10-10 16:29:58,951 INFO m.WDListener [WDListener.java:20] Start searching element by locator -->By.xpath: //button[.='Save']
2023-10-10 16:29:58,959 INFO m.WDListener [WDListener.java:26] Element with locator -->By.xpath: //button[.='Save']is found
2023-10-10 16:29:58,987 INFO m.WDListener [WDListener.java:20] Start searching element by locator -->By.xpath: //div[@class='contact-item_card__2SOIM'][last()]//h3
2023-10-10 16:29:59,522 INFO m.WDListener [WDListener.java:26] Element with locator -->By.xpath: //div[@class='contact-item_card__2SOIM'][last()]//h3is found
2023-10-10 16:29:59,539 INFO m.NGListener [NGListener.java:21] Success test --> addNewContactPositive
2023-10-10 16:29:59,539 INFO t.TestBase [TestBase.java:23] Finished test ---->addNewContactPositive
2023-10-10 16:29:59,540 INFO t.TestBase [TestBase.java:24] =====================================================================
2023-10-10 16:29:59,540 INFO t.TestBase [TestBase.java:19] Started test ---->addNewContactPositive
2023-10-10 16:29:59,540 INFO m.WDListener [WDListener.java:20] Start searching element by locator -->By.xpath: //button[.='Sign Out']
2023-10-10 16:29:59,548 INFO m.WDListener [WDListener.java:26] Element with locator -->By.xpath: //button[.='Sign Out']is found
2023-10-10 16:29:59,548 INFO m.NGListener [NGListener.java:15] Start of the test --> addNewContactPositive
2023-10-10 16:29:59,549 INFO m.WDListener [WDListener.java:20] Start searching element by locator -->By.xpath: //a[.='ADD']
2023-10-10 16:29:59,555 INFO m.WDListener [WDListener.java:26] Element with locator -->By.xpath: //a[.='ADD']is found
2023-10-10 16:29:59,575 INFO m.WDListener [WDListener.java:20] Start searching element by locator -->By.cssSelector: [placeholder='Name']
2023-10-10 16:29:59,583 INFO m.WDListener [WDListener.java:26] Element with locator -->By.cssSelector: [placeholder='Name']is found
2023-10-10 16:29:59,630 INFO m.WDListener [WDListener.java:20] Start searching element by locator -->By.cssSelector: [placeholder='Last Name']
2023-10-10 16:29:59,636 INFO m.WDListener [WDListener.java:26] Element with locator -->By.cssSelector: [placeholder='Last Name']is found
2023-10-10 16:29:59,677 INFO m.WDListener [WDListener.java:20] Start searching element by locator -->By.cssSelector: [placeholder='Phone']
2023-10-10 16:29:59,682 INFO m.WDListener [WDListener.java:26] Element with locator -->By.cssSelector: [placeholder='Phone']is found
2023-10-10 16:29:59,726 INFO m.WDListener [WDListener.java:20] Start searching element by locator -->By.cssSelector: [placeholder='email']
2023-10-10 16:29:59,731 INFO m.WDListener [WDListener.java:26] Element with locator -->By.cssSelector: [placeholder='email']is found
2023-10-10 16:29:59,776 INFO m.WDListener [WDListener.java:20] Start searching element by locator -->By.cssSelector: [placeholder='Address']
2023-10-10 16:29:59,783 INFO m.WDListener [WDListener.java:26] Element with locator -->By.cssSelector: [placeholder='Address']is found
2023-10-10 16:29:59,838 INFO m.WDListener [WDListener.java:20] Start searching element by locator -->By.cssSelector: [placeholder='description']
2023-10-10 16:29:59,844 INFO m.WDListener [WDListener.java:26] Element with locator -->By.cssSelector: [placeholder='description']is found
2023-10-10 16:29:59,895 INFO m.WDListener [WDListener.java:20] Start searching element by locator -->By.xpath: //button[.='Save']
2023-10-10 16:29:59,903 INFO m.WDListener [WDListener.java:26] Element with locator -->By.xpath: //button[.='Save']is found
2023-10-10 16:29:59,922 INFO m.WDListener [WDListener.java:20] Start searching element by locator -->By.xpath: //div[@class='contact-item_card__2SOIM'][last()]//h3
2023-10-10 16:30:00,332 INFO m.WDListener [WDListener.java:26] Element with locator -->By.xpath: //div[@class='contact-item_card__2SOIM'][last()]//h3is found
2023-10-10 16:30:00,341 INFO m.NGListener [NGListener.java:21] Success test --> addNewContactPositive
2023-10-10 16:30:00,341 INFO t.TestBase [TestBase.java:23] Finished test ---->addNewContactPositive
2023-10-10 16:30:00,341 INFO t.TestBase [TestBase.java:24] =====================================================================
2023-10-10 16:30:00,342 INFO t.TestBase [TestBase.java:19] Started test ---->addNewContactPositive
2023-10-10 16:30:00,342 INFO m.WDListener [WDListener.java:20] Start searching element by locator -->By.xpath: //button[.='Sign Out']
2023-10-10 16:30:00,349 INFO m.WDListener [WDListener.java:26] Element with locator -->By.xpath: //button[.='Sign Out']is found
2023-10-10 16:30:00,350 INFO m.NGListener [NGListener.java:15] Start of the test --> addNewContactPositive
2023-10-10 16:30:00,350 INFO m.WDListener [WDListener.java:20] Start searching element by locator -->By.xpath: //a[.='ADD']
2023-10-10 16:30:00,357 INFO m.WDListener [WDListener.java:26] Element with locator -->By.xpath: //a[.='ADD']is found
2023-10-10 16:30:00,381 INFO m.WDListener [WDListener.java:20] Start searching element by locator -->By.cssSelector: [placeholder='Name']
2023-10-10 16:30:00,386 INFO m.WDListener [WDListener.java:26] Element with locator -->By.cssSelector: [placeholder='Name']is found
2023-10-10 16:30:00,431 INFO m.WDListener [WDListener.java:20] Start searching element by locator -->By.cssSelector: [placeholder='Last Name']
2023-10-10 16:30:00,437 INFO m.WDListener [WDListener.java:26] Element with locator -->By.cssSelector: [placeholder='Last Name']is found
2023-10-10 16:30:00,483 INFO m.WDListener [WDListener.java:20] Start searching element by locator -->By.cssSelector: [placeholder='Phone']
2023-10-10 16:30:00,489 INFO m.WDListener [WDListener.java:26] Element with locator -->By.cssSelector: [placeholder='Phone']is found
2023-10-10 16:30:00,537 INFO m.WDListener [WDListener.java:20] Start searching element by locator -->By.cssSelector: [placeholder='email']
2023-10-10 16:30:00,543 INFO m.WDListener [WDListener.java:26] Element with locator -->By.cssSelector: [placeholder='email']is found
2023-10-10 16:30:00,587 INFO m.WDListener [WDListener.java:20] Start searching element by locator -->By.cssSelector: [placeholder='Address']
2023-10-10 16:30:00,595 INFO m.WDListener [WDListener.java:26] Element with locator -->By.cssSelector: [placeholder='Address']is found
2023-10-10 16:30:00,639 INFO m.WDListener [WDListener.java:20] Start searching element by locator -->By.cssSelector: [placeholder='description']
2023-10-10 16:30:00,644 INFO m.WDListener [WDListener.java:26] Element with locator -->By.cssSelector: [placeholder='description']is found
2023-10-10 16:30:00,689 INFO m.WDListener [WDListener.java:20] Start searching element by locator -->By.xpath: //button[.='Save']
2023-10-10 16:30:00,696 INFO m.WDListener [WDListener.java:26] Element with locator -->By.xpath: //button[.='Save']is found
2023-10-10 16:30:00,711 INFO m.WDListener [WDListener.java:20] Start searching element by locator -->By.xpath: //div[@class='contact-item_card__2SOIM'][last()]//h3
2023-10-10 16:30:01,135 INFO m.WDListener [WDListener.java:26] Element with locator -->By.xpath: //div[@class='contact-item_card__2SOIM'][last()]//h3is found
2023-10-10 16:30:01,144 INFO m.NGListener [NGListener.java:21] Success test --> addNewContactPositive
2023-10-10 16:30:01,145 INFO t.TestBase [TestBase.java:23] Finished test ---->addNewContactPositive
2023-10-10 16:30:01,145 INFO t.TestBase [TestBase.java:24] =====================================================================
2023-10-10 16:30:01,146 INFO t.TestBase [TestBase.java:19] Started test ---->addNewContactPositive
2023-10-10 16:30:01,146 INFO m.WDListener [WDListener.java:20] Start searching element by locator -->By.xpath: //button[.='Sign Out']
2023-10-10 16:30:01,154 INFO m.WDListener [WDListener.java:26] Element with locator -->By.xpath: //button[.='Sign Out']is found
2023-10-10 16:30:01,155 INFO m.NGListener [NGListener.java:15] Start of the test --> addNewContactPositive
2023-10-10 16:30:01,155 INFO m.WDListener [WDListener.java:20] Start searching element by locator -->By.xpath: //a[.='ADD']
2023-10-10 16:30:01,162 INFO m.WDListener [WDListener.java:26] Element with locator -->By.xpath: //a[.='ADD']is found
2023-10-10 16:30:01,185 INFO m.WDListener [WDListener.java:20] Start searching element by locator -->By.cssSelector: [placeholder='Name']
2023-10-10 16:30:01,190 INFO m.WDListener [WDListener.java:26] Element with locator -->By.cssSelector: [placeholder='Name']is found
2023-10-10 16:30:01,241 INFO m.WDListener [WDListener.java:20] Start searching element by locator -->By.cssSelector: [placeholder='Last Name']
2023-10-10 16:30:01,247 INFO m.WDListener [WDListener.java:26] Element with locator -->By.cssSelector: [placeholder='Last Name']is found
2023-10-10 16:30:01,292 INFO m.WDListener [WDListener.java:20] Start searching element by locator -->By.cssSelector: [placeholder='Phone']
2023-10-10 16:30:01,298 INFO m.WDListener [WDListener.java:26] Element with locator -->By.cssSelector: [placeholder='Phone']is found
2023-10-10 16:30:01,346 INFO m.WDListener [WDListener.java:20] Start searching element by locator -->By.cssSelector: [placeholder='email']
2023-10-10 16:30:01,351 INFO m.WDListener [WDListener.java:26] Element with locator -->By.cssSelector: [placeholder='email']is found
2023-10-10 16:30:01,397 INFO m.WDListener [WDListener.java:20] Start searching element by locator -->By.cssSelector: [placeholder='Address']
2023-10-10 16:30:01,403 INFO m.WDListener [WDListener.java:26] Element with locator -->By.cssSelector: [placeholder='Address']is found
2023-10-10 16:30:01,449 INFO m.WDListener [WDListener.java:20] Start searching element by locator -->By.cssSelector: [placeholder='description']
2023-10-10 16:30:01,454 INFO m.WDListener [WDListener.java:26] Element with locator -->By.cssSelector: [placeholder='description']is found
2023-10-10 16:30:01,502 INFO m.WDListener [WDListener.java:20] Start searching element by locator -->By.xpath: //button[.='Save']
2023-10-10 16:30:01,507 INFO m.WDListener [WDListener.java:26] Element with locator -->By.xpath: //button[.='Save']is found
2023-10-10 16:30:01,523 INFO m.WDListener [WDListener.java:20] Start searching element by locator -->By.xpath: //div[@class='contact-item_card__2SOIM'][last()]//h3
2023-10-10 16:30:01,949 INFO m.WDListener [WDListener.java:26] Element with locator -->By.xpath: //div[@class='contact-item_card__2SOIM'][last()]//h3is found
2023-10-10 16:30:01,962 INFO m.NGListener [NGListener.java:21] Success test --> addNewContactPositive
2023-10-10 16:30:01,963 INFO t.TestBase [TestBase.java:23] Finished test ---->addNewContactPositive
2023-10-10 16:30:01,963 INFO t.TestBase [TestBase.java:24] =====================================================================
2023-10-10 16:30:01,963 INFO t.TestBase [TestBase.java:19] Started test ---->addNewContactPositive
2023-10-10 16:30:01,964 INFO m.WDListener [WDListener.java:20] Start searching element by locator -->By.xpath: //button[.='Sign Out']
2023-10-10 16:30:01,973 INFO m.WDListener [WDListener.java:26] Element with locator -->By.xpath: //button[.='Sign Out']is found
2023-10-10 16:30:01,973 INFO m.NGListener [NGListener.java:15] Start of the test --> addNewContactPositive
2023-10-10 16:30:01,973 INFO m.WDListener [WDListener.java:20] Start searching element by locator -->By.xpath: //a[.='ADD']
2023-10-10 16:30:01,980 INFO m.WDListener [WDListener.java:26] Element with locator -->By.xpath: //a[.='ADD']is found
2023-10-10 16:30:02,005 INFO m.WDListener [WDListener.java:20] Start searching element by locator -->By.cssSelector: [placeholder='Name']
2023-10-10 16:30:02,013 INFO m.WDListener [WDListener.java:26] Element with locator -->By.cssSelector: [placeholder='Name']is found
2023-10-10 16:30:02,062 INFO m.WDListener [WDListener.java:20] Start searching element by locator -->By.cssSelector: [placeholder='Last Name']
2023-10-10 16:30:02,068 INFO m.WDListener [WDListener.java:26] Element with locator -->By.cssSelector: [placeholder='Last Name']is found
2023-10-10 16:30:02,113 INFO m.WDListener [WDListener.java:20] Start searching element by locator -->By.cssSelector: [placeholder='Phone']
2023-10-10 16:30:02,118 INFO m.WDListener [WDListener.java:26] Element with locator -->By.cssSelector: [placeholder='Phone']is found
2023-10-10 16:30:02,166 INFO m.WDListener [WDListener.java:20] Start searching element by locator -->By.cssSelector: [placeholder='email']
2023-10-10 16:30:02,170 INFO m.WDListener [WDListener.java:26] Element with locator -->By.cssSelector: [placeholder='email']is found
2023-10-10 16:30:02,215 INFO m.WDListener [WDListener.java:20] Start searching element by locator -->By.cssSelector: [placeholder='Address']
2023-10-10 16:30:02,220 INFO m.WDListener [WDListener.java:26] Element with locator -->By.cssSelector: [placeholder='Address']is found
2023-10-10 16:30:02,261 INFO m.WDListener [WDListener.java:20] Start searching element by locator -->By.cssSelector: [placeholder='description']
2023-10-10 16:30:02,267 INFO m.WDListener [WDListener.java:26] Element with locator -->By.cssSelector: [placeholder='description']is found
2023-10-10 16:30:02,312 INFO m.WDListener [WDListener.java:20] Start searching element by locator -->By.xpath: //button[.='Save']
2023-10-10 16:30:02,317 INFO m.WDListener [WDListener.java:26] Element with locator -->By.xpath: //button[.='Save']is found
2023-10-10 16:30:02,333 INFO m.WDListener [WDListener.java:20] Start searching element by locator -->By.xpath: //div[@class='contact-item_card__2SOIM'][last()]//h3
2023-10-10 16:30:02,735 INFO m.WDListener [WDListener.java:26] Element with locator -->By.xpath: //div[@class='contact-item_card__2SOIM'][last()]//h3is found
2023-10-10 16:30:02,742 INFO m.NGListener [NGListener.java:21] Success test --> addNewContactPositive
2023-10-10 16:30:02,743 INFO t.TestBase [TestBase.java:23] Finished test ---->addNewContactPositive
2023-10-10 16:30:02,743 INFO t.TestBase [TestBase.java:24] =====================================================================
2023-10-10 16:30:02,744 INFO t.TestBase [TestBase.java:19] Started test ---->loginNegativeTestWrongEmail
2023-10-10 16:30:02,745 INFO m.NGListener [NGListener.java:15] Start of the test --> loginNegativeTestWrongEmail
2023-10-10 16:30:02,745 INFO m.WDListener [WDListener.java:20] Start searching element by locator -->By.xpath: //*[.='LOGIN']
2023-10-10 16:30:05,836 INFO m.WDListener [WDListener.java:32] Something went wrong!!!
2023-10-10 16:30:05,836 INFO m.WDListener [WDListener.java:33] no such element: Unable to locate element: {"method":"xpath","selector":"//*[.='LOGIN']"}
  (Session info: chrome=117.0.5938.149)
For documentation on this error, please visit: https://www.seleniumhq.org/exceptions/no_such_element.html
Build info: version: '3.141.59', revision: 'e82be7d358', time: '2018-11-14T08:17:03'
System info: host: 'MacBook-Elena', ip: 'fdc4:b336:629f:4bd4:894:bc40:15f8:74f6%en0', os.name: 'Mac OS X', os.arch: 'aarch64', os.version: '13.5.2', java.version: '17.0.8'
Driver info: org.openqa.selenium.chrome.ChromeDriver
Capabilities {acceptInsecureCerts: false, browserName: chrome, browserVersion: 117.0.5938.149, chrome: {chromedriverVersion: 116.0.5845.96 (1a3918166880..., userDataDir: /var/folders/xj/ypscvp816dg...}, fedcm:accounts: true, goog:chromeOptions: {debuggerAddress: localhost:58896}, javascriptEnabled: true, networkConnectionEnabled: false, pageLoadStrategy: normal, platform: MAC, platformName: MAC, proxy: Proxy(), setWindowRect: true, strictFileInteractability: false, timeouts: {implicit: 0, pageLoad: 300000, script: 30000}, unhandledPromptBehavior: dismiss and notify, webauthn:extension:credBlob: true, webauthn:extension:largeBlob: true, webauthn:extension:minPinLength: true, webauthn:extension:prf: true, webauthn:virtualAuthenticators: true}
Session ID: 985ee13071ffe4d54a9c1043799b223d
*** Element info: {Using=xpath, value=//*[.='LOGIN']}
2023-10-10 16:30:05,836 INFO m.WDListener [WDListener.java:34] org.openqa.selenium.NoSuchElementException: no such element: Unable to locate element: {"method":"xpath","selector":"//*[.='LOGIN']"}
  (Session info: chrome=117.0.5938.149)
For documentation on this error, please visit: https://www.seleniumhq.org/exceptions/no_such_element.html
Build info: version: '3.141.59', revision: 'e82be7d358', time: '2018-11-14T08:17:03'
System info: host: 'MacBook-Elena', ip: 'fdc4:b336:629f:4bd4:894:bc40:15f8:74f6%en0', os.name: 'Mac OS X', os.arch: 'aarch64', os.version: '13.5.2', java.version: '17.0.8'
Driver info: org.openqa.selenium.chrome.ChromeDriver
Capabilities {acceptInsecureCerts: false, browserName: chrome, browserVersion: 117.0.5938.149, chrome: {chromedriverVersion: 116.0.5845.96 (1a3918166880..., userDataDir: /var/folders/xj/ypscvp816dg...}, fedcm:accounts: true, goog:chromeOptions: {debuggerAddress: localhost:58896}, javascriptEnabled: true, networkConnectionEnabled: false, pageLoadStrategy: normal, platform: MAC, platformName: MAC, proxy: Proxy(), setWindowRect: true, strictFileInteractability: false, timeouts: {implicit: 0, pageLoad: 300000, script: 30000}, unhandledPromptBehavior: dismiss and notify, webauthn:extension:credBlob: true, webauthn:extension:largeBlob: true, webauthn:extension:minPinLength: true, webauthn:extension:prf: true, webauthn:virtualAuthenticators: true}
Session ID: 985ee13071ffe4d54a9c1043799b223d
*** Element info: {Using=xpath, value=//*[.='LOGIN']}
2023-10-10 16:30:06,295 INFO m.WDListener [WDListener.java:39] Here is the path to screenshot with error --> src/test/ScreenShots/screenshot-1805.png
2023-10-10 16:30:06,296 INFO m.NGListener [NGListener.java:27] Failure test --> org.openqa.selenium.NoSuchElementException: no such element: Unable to locate element: {"method":"xpath","selector":"//*[.='LOGIN']"}
  (Session info: chrome=117.0.5938.149)
For documentation on this error, please visit: https://www.seleniumhq.org/exceptions/no_such_element.html
Build info: version: '3.141.59', revision: 'e82be7d358', time: '2018-11-14T08:17:03'
System info: host: 'MacBook-Elena', ip: 'fdc4:b336:629f:4bd4:894:bc40:15f8:74f6%en0', os.name: 'Mac OS X', os.arch: 'aarch64', os.version: '13.5.2', java.version: '17.0.8'
Driver info: org.openqa.selenium.chrome.ChromeDriver
Capabilities {acceptInsecureCerts: false, browserName: chrome, browserVersion: 117.0.5938.149, chrome: {chromedriverVersion: 116.0.5845.96 (1a3918166880..., userDataDir: /var/folders/xj/ypscvp816dg...}, fedcm:accounts: true, goog:chromeOptions: {debuggerAddress: localhost:58896}, javascriptEnabled: true, networkConnectionEnabled: false, pageLoadStrategy: normal, platform: MAC, platformName: MAC, proxy: Proxy(), setWindowRect: true, strictFileInteractability: false, timeouts: {implicit: 0, pageLoad: 300000, script: 30000}, unhandledPromptBehavior: dismiss and notify, webauthn:extension:credBlob: true, webauthn:extension:largeBlob: true, webauthn:extension:minPinLength: true, webauthn:extension:prf: true, webauthn:virtualAuthenticators: true}
Session ID: 985ee13071ffe4d54a9c1043799b223d
*** Element info: {Using=xpath, value=//*[.='LOGIN']}
2023-10-10 16:30:06,297 INFO t.TestBase [TestBase.java:23] Finished test ---->loginNegativeTestWrongEmail
2023-10-10 16:30:06,300 INFO t.TestBase [TestBase.java:24] =====================================================================
2023-10-10 16:30:06,301 INFO t.TestBase [TestBase.java:19] Started test ---->loginNegativeTestWrongPasswordHW
2023-10-10 16:30:06,304 INFO m.NGListener [NGListener.java:15] Start of the test --> loginNegativeTestWrongPasswordHW
2023-10-10 16:30:06,304 INFO m.WDListener [WDListener.java:20] Start searching element by locator -->By.xpath: //*[.='LOGIN']
2023-10-10 16:30:09,319 INFO m.WDListener [WDListener.java:32] Something went wrong!!!
2023-10-10 16:30:09,319 INFO m.WDListener [WDListener.java:33] no such element: Unable to locate element: {"method":"xpath","selector":"//*[.='LOGIN']"}
  (Session info: chrome=117.0.5938.149)
For documentation on this error, please visit: https://www.seleniumhq.org/exceptions/no_such_element.html
Build info: version: '3.141.59', revision: 'e82be7d358', time: '2018-11-14T08:17:03'
System info: host: 'MacBook-Elena', ip: 'fdc4:b336:629f:4bd4:894:bc40:15f8:74f6%en0', os.name: 'Mac OS X', os.arch: 'aarch64', os.version: '13.5.2', java.version: '17.0.8'
Driver info: org.openqa.selenium.chrome.ChromeDriver
Capabilities {acceptInsecureCerts: false, browserName: chrome, browserVersion: 117.0.5938.149, chrome: {chromedriverVersion: 116.0.5845.96 (1a3918166880..., userDataDir: /var/folders/xj/ypscvp816dg...}, fedcm:accounts: true, goog:chromeOptions: {debuggerAddress: localhost:58896}, javascriptEnabled: true, networkConnectionEnabled: false, pageLoadStrategy: normal, platform: MAC, platformName: MAC, proxy: Proxy(), setWindowRect: true, strictFileInteractability: false, timeouts: {implicit: 0, pageLoad: 300000, script: 30000}, unhandledPromptBehavior: dismiss and notify, webauthn:extension:credBlob: true, webauthn:extension:largeBlob: true, webauthn:extension:minPinLength: true, webauthn:extension:prf: true, webauthn:virtualAuthenticators: true}
Session ID: 985ee13071ffe4d54a9c1043799b223d
*** Element info: {Using=xpath, value=//*[.='LOGIN']}
2023-10-10 16:30:09,319 INFO m.WDListener [WDListener.java:34] org.openqa.selenium.NoSuchElementException: no such element: Unable to locate element: {"method":"xpath","selector":"//*[.='LOGIN']"}
  (Session info: chrome=117.0.5938.149)
For documentation on this error, please visit: https://www.seleniumhq.org/exceptions/no_such_element.html
Build info: version: '3.141.59', revision: 'e82be7d358', time: '2018-11-14T08:17:03'
System info: host: 'MacBook-Elena', ip: 'fdc4:b336:629f:4bd4:894:bc40:15f8:74f6%en0', os.name: 'Mac OS X', os.arch: 'aarch64', os.version: '13.5.2', java.version: '17.0.8'
Driver info: org.openqa.selenium.chrome.ChromeDriver
Capabilities {acceptInsecureCerts: false, browserName: chrome, browserVersion: 117.0.5938.149, chrome: {chromedriverVersion: 116.0.5845.96 (1a3918166880..., userDataDir: /var/folders/xj/ypscvp816dg...}, fedcm:accounts: true, goog:chromeOptions: {debuggerAddress: localhost:58896}, javascriptEnabled: true, networkConnectionEnabled: false, pageLoadStrategy: normal, platform: MAC, platformName: MAC, proxy: Proxy(), setWindowRect: true, strictFileInteractability: false, timeouts: {implicit: 0, pageLoad: 300000, script: 30000}, unhandledPromptBehavior: dismiss and notify, webauthn:extension:credBlob: true, webauthn:extension:largeBlob: true, webauthn:extension:minPinLength: true, webauthn:extension:prf: true, webauthn:virtualAuthenticators: true}
Session ID: 985ee13071ffe4d54a9c1043799b223d
*** Element info: {Using=xpath, value=//*[.='LOGIN']}
2023-10-10 16:30:09,745 INFO m.WDListener [WDListener.java:39] Here is the path to screenshot with error --> src/test/ScreenShots/screenshot-1809.png
2023-10-10 16:30:09,745 INFO m.NGListener [NGListener.java:27] Failure test --> org.openqa.selenium.NoSuchElementException: no such element: Unable to locate element: {"method":"xpath","selector":"//*[.='LOGIN']"}
  (Session info: chrome=117.0.5938.149)
For documentation on this error, please visit: https://www.seleniumhq.org/exceptions/no_such_element.html
Build info: version: '3.141.59', revision: 'e82be7d358', time: '2018-11-14T08:17:03'
System info: host: 'MacBook-Elena', ip: 'fdc4:b336:629f:4bd4:894:bc40:15f8:74f6%en0', os.name: 'Mac OS X', os.arch: 'aarch64', os.version: '13.5.2', java.version: '17.0.8'
Driver info: org.openqa.selenium.chrome.ChromeDriver
Capabilities {acceptInsecureCerts: false, browserName: chrome, browserVersion: 117.0.5938.149, chrome: {chromedriverVersion: 116.0.5845.96 (1a3918166880..., userDataDir: /var/folders/xj/ypscvp816dg...}, fedcm:accounts: true, goog:chromeOptions: {debuggerAddress: localhost:58896}, javascriptEnabled: true, networkConnectionEnabled: false, pageLoadStrategy: normal, platform: MAC, platformName: MAC, proxy: Proxy(), setWindowRect: true, strictFileInteractability: false, timeouts: {implicit: 0, pageLoad: 300000, script: 30000}, unhandledPromptBehavior: dismiss and notify, webauthn:extension:credBlob: true, webauthn:extension:largeBlob: true, webauthn:extension:minPinLength: true, webauthn:extension:prf: true, webauthn:virtualAuthenticators: true}
Session ID: 985ee13071ffe4d54a9c1043799b223d
*** Element info: {Using=xpath, value=//*[.='LOGIN']}
2023-10-10 16:30:09,745 INFO t.TestBase [TestBase.java:23] Finished test ---->loginNegativeTestWrongPasswordHW
2023-10-10 16:30:09,745 INFO t.TestBase [TestBase.java:24] =====================================================================
2023-10-10 16:30:09,746 INFO t.TestBase [TestBase.java:19] Started test ---->loginPositiveTest
2023-10-10 16:30:09,746 INFO m.NGListener [NGListener.java:15] Start of the test --> loginPositiveTest
2023-10-10 16:30:09,746 INFO m.WDListener [WDListener.java:20] Start searching element by locator -->By.xpath: //*[.='LOGIN']
2023-10-10 16:30:12,794 INFO m.WDListener [WDListener.java:32] Something went wrong!!!
2023-10-10 16:30:12,794 INFO m.WDListener [WDListener.java:33] no such element: Unable to locate element: {"method":"xpath","selector":"//*[.='LOGIN']"}
  (Session info: chrome=117.0.5938.149)
For documentation on this error, please visit: https://www.seleniumhq.org/exceptions/no_such_element.html
Build info: version: '3.141.59', revision: 'e82be7d358', time: '2018-11-14T08:17:03'
System info: host: 'MacBook-Elena', ip: 'fdc4:b336:629f:4bd4:894:bc40:15f8:74f6%en0', os.name: 'Mac OS X', os.arch: 'aarch64', os.version: '13.5.2', java.version: '17.0.8'
Driver info: org.openqa.selenium.chrome.ChromeDriver
Capabilities {acceptInsecureCerts: false, browserName: chrome, browserVersion: 117.0.5938.149, chrome: {chromedriverVersion: 116.0.5845.96 (1a3918166880..., userDataDir: /var/folders/xj/ypscvp816dg...}, fedcm:accounts: true, goog:chromeOptions: {debuggerAddress: localhost:58896}, javascriptEnabled: true, networkConnectionEnabled: false, pageLoadStrategy: normal, platform: MAC, platformName: MAC, proxy: Proxy(), setWindowRect: true, strictFileInteractability: false, timeouts: {implicit: 0, pageLoad: 300000, script: 30000}, unhandledPromptBehavior: dismiss and notify, webauthn:extension:credBlob: true, webauthn:extension:largeBlob: true, webauthn:extension:minPinLength: true, webauthn:extension:prf: true, webauthn:virtualAuthenticators: true}
Session ID: 985ee13071ffe4d54a9c1043799b223d
*** Element info: {Using=xpath, value=//*[.='LOGIN']}
2023-10-10 16:30:12,795 INFO m.WDListener [WDListener.java:34] org.openqa.selenium.NoSuchElementException: no such element: Unable to locate element: {"method":"xpath","selector":"//*[.='LOGIN']"}
  (Session info: chrome=117.0.5938.149)
For documentation on this error, please visit: https://www.seleniumhq.org/exceptions/no_such_element.html
Build info: version: '3.141.59', revision: 'e82be7d358', time: '2018-11-14T08:17:03'
System info: host: 'MacBook-Elena', ip: 'fdc4:b336:629f:4bd4:894:bc40:15f8:74f6%en0', os.name: 'Mac OS X', os.arch: 'aarch64', os.version: '13.5.2', java.version: '17.0.8'
Driver info: org.openqa.selenium.chrome.ChromeDriver
Capabilities {acceptInsecureCerts: false, browserName: chrome, browserVersion: 117.0.5938.149, chrome: {chromedriverVersion: 116.0.5845.96 (1a3918166880..., userDataDir: /var/folders/xj/ypscvp816dg...}, fedcm:accounts: true, goog:chromeOptions: {debuggerAddress: localhost:58896}, javascriptEnabled: true, networkConnectionEnabled: false, pageLoadStrategy: normal, platform: MAC, platformName: MAC, proxy: Proxy(), setWindowRect: true, strictFileInteractability: false, timeouts: {implicit: 0, pageLoad: 300000, script: 30000}, unhandledPromptBehavior: dismiss and notify, webauthn:extension:credBlob: true, webauthn:extension:largeBlob: true, webauthn:extension:minPinLength: true, webauthn:extension:prf: true, webauthn:virtualAuthenticators: true}
Session ID: 985ee13071ffe4d54a9c1043799b223d
*** Element info: {Using=xpath, value=//*[.='LOGIN']}
2023-10-10 16:30:13,217 INFO m.WDListener [WDListener.java:39] Here is the path to screenshot with error --> src/test/ScreenShots/screenshot-1812.png
2023-10-10 16:30:13,218 INFO m.NGListener [NGListener.java:27] Failure test --> org.openqa.selenium.NoSuchElementException: no such element: Unable to locate element: {"method":"xpath","selector":"//*[.='LOGIN']"}
  (Session info: chrome=117.0.5938.149)
For documentation on this error, please visit: https://www.seleniumhq.org/exceptions/no_such_element.html
Build info: version: '3.141.59', revision: 'e82be7d358', time: '2018-11-14T08:17:03'
System info: host: 'MacBook-Elena', ip: 'fdc4:b336:629f:4bd4:894:bc40:15f8:74f6%en0', os.name: 'Mac OS X', os.arch: 'aarch64', os.version: '13.5.2', java.version: '17.0.8'
Driver info: org.openqa.selenium.chrome.ChromeDriver
Capabilities {acceptInsecureCerts: false, browserName: chrome, browserVersion: 117.0.5938.149, chrome: {chromedriverVersion: 116.0.5845.96 (1a3918166880..., userDataDir: /var/folders/xj/ypscvp816dg...}, fedcm:accounts: true, goog:chromeOptions: {debuggerAddress: localhost:58896}, javascriptEnabled: true, networkConnectionEnabled: false, pageLoadStrategy: normal, platform: MAC, platformName: MAC, proxy: Proxy(), setWindowRect: true, strictFileInteractability: false, timeouts: {implicit: 0, pageLoad: 300000, script: 30000}, unhandledPromptBehavior: dismiss and notify, webauthn:extension:credBlob: true, webauthn:extension:largeBlob: true, webauthn:extension:minPinLength: true, webauthn:extension:prf: true, webauthn:virtualAuthenticators: true}
Session ID: 985ee13071ffe4d54a9c1043799b223d
*** Element info: {Using=xpath, value=//*[.='LOGIN']}
2023-10-10 16:30:13,218 INFO t.TestBase [TestBase.java:23] Finished test ---->loginPositiveTest
2023-10-10 16:30:13,218 INFO t.TestBase [TestBase.java:24] =====================================================================
2023-10-10 16:30:13,218 INFO t.TestBase [TestBase.java:19] Started test ---->loginPositiveTestUser
2023-10-10 16:30:13,218 INFO m.NGListener [NGListener.java:15] Start of the test --> loginPositiveTestUser
2023-10-10 16:30:13,218 INFO m.WDListener [WDListener.java:20] Start searching element by locator -->By.xpath: //*[.='LOGIN']
2023-10-10 16:30:16,280 INFO m.WDListener [WDListener.java:32] Something went wrong!!!
2023-10-10 16:30:16,281 INFO m.WDListener [WDListener.java:33] no such element: Unable to locate element: {"method":"xpath","selector":"//*[.='LOGIN']"}
  (Session info: chrome=117.0.5938.149)
For documentation on this error, please visit: https://www.seleniumhq.org/exceptions/no_such_element.html
Build info: version: '3.141.59', revision: 'e82be7d358', time: '2018-11-14T08:17:03'
System info: host: 'MacBook-Elena', ip: 'fdc4:b336:629f:4bd4:894:bc40:15f8:74f6%en0', os.name: 'Mac OS X', os.arch: 'aarch64', os.version: '13.5.2', java.version: '17.0.8'
Driver info: org.openqa.selenium.chrome.ChromeDriver
Capabilities {acceptInsecureCerts: false, browserName: chrome, browserVersion: 117.0.5938.149, chrome: {chromedriverVersion: 116.0.5845.96 (1a3918166880..., userDataDir: /var/folders/xj/ypscvp816dg...}, fedcm:accounts: true, goog:chromeOptions: {debuggerAddress: localhost:58896}, javascriptEnabled: true, networkConnectionEnabled: false, pageLoadStrategy: normal, platform: MAC, platformName: MAC, proxy: Proxy(), setWindowRect: true, strictFileInteractability: false, timeouts: {implicit: 0, pageLoad: 300000, script: 30000}, unhandledPromptBehavior: dismiss and notify, webauthn:extension:credBlob: true, webauthn:extension:largeBlob: true, webauthn:extension:minPinLength: true, webauthn:extension:prf: true, webauthn:virtualAuthenticators: true}
Session ID: 985ee13071ffe4d54a9c1043799b223d
*** Element info: {Using=xpath, value=//*[.='LOGIN']}
2023-10-10 16:30:16,281 INFO m.WDListener [WDListener.java:34] org.openqa.selenium.NoSuchElementException: no such element: Unable to locate element: {"method":"xpath","selector":"//*[.='LOGIN']"}
  (Session info: chrome=117.0.5938.149)
For documentation on this error, please visit: https://www.seleniumhq.org/exceptions/no_such_element.html
Build info: version: '3.141.59', revision: 'e82be7d358', time: '2018-11-14T08:17:03'
System info: host: 'MacBook-Elena', ip: 'fdc4:b336:629f:4bd4:894:bc40:15f8:74f6%en0', os.name: 'Mac OS X', os.arch: 'aarch64', os.version: '13.5.2', java.version: '17.0.8'
Driver info: org.openqa.selenium.chrome.ChromeDriver
Capabilities {acceptInsecureCerts: false, browserName: chrome, browserVersion: 117.0.5938.149, chrome: {chromedriverVersion: 116.0.5845.96 (1a3918166880..., userDataDir: /var/folders/xj/ypscvp816dg...}, fedcm:accounts: true, goog:chromeOptions: {debuggerAddress: localhost:58896}, javascriptEnabled: true, networkConnectionEnabled: false, pageLoadStrategy: normal, platform: MAC, platformName: MAC, proxy: Proxy(), setWindowRect: true, strictFileInteractability: false, timeouts: {implicit: 0, pageLoad: 300000, script: 30000}, unhandledPromptBehavior: dismiss and notify, webauthn:extension:credBlob: true, webauthn:extension:largeBlob: true, webauthn:extension:minPinLength: true, webauthn:extension:prf: true, webauthn:virtualAuthenticators: true}
Session ID: 985ee13071ffe4d54a9c1043799b223d
*** Element info: {Using=xpath, value=//*[.='LOGIN']}
2023-10-10 16:30:16,695 INFO m.WDListener [WDListener.java:39] Here is the path to screenshot with error --> src/test/ScreenShots/screenshot-1816.png
2023-10-10 16:30:16,695 INFO m.NGListener [NGListener.java:27] Failure test --> org.openqa.selenium.NoSuchElementException: no such element: Unable to locate element: {"method":"xpath","selector":"//*[.='LOGIN']"}
  (Session info: chrome=117.0.5938.149)
For documentation on this error, please visit: https://www.seleniumhq.org/exceptions/no_such_element.html
Build info: version: '3.141.59', revision: 'e82be7d358', time: '2018-11-14T08:17:03'
System info: host: 'MacBook-Elena', ip: 'fdc4:b336:629f:4bd4:894:bc40:15f8:74f6%en0', os.name: 'Mac OS X', os.arch: 'aarch64', os.version: '13.5.2', java.version: '17.0.8'
Driver info: org.openqa.selenium.chrome.ChromeDriver
Capabilities {acceptInsecureCerts: false, browserName: chrome, browserVersion: 117.0.5938.149, chrome: {chromedriverVersion: 116.0.5845.96 (1a3918166880..., userDataDir: /var/folders/xj/ypscvp816dg...}, fedcm:accounts: true, goog:chromeOptions: {debuggerAddress: localhost:58896}, javascriptEnabled: true, networkConnectionEnabled: false, pageLoadStrategy: normal, platform: MAC, platformName: MAC, proxy: Proxy(), setWindowRect: true, strictFileInteractability: false, timeouts: {implicit: 0, pageLoad: 300000, script: 30000}, unhandledPromptBehavior: dismiss and notify, webauthn:extension:credBlob: true, webauthn:extension:largeBlob: true, webauthn:extension:minPinLength: true, webauthn:extension:prf: true, webauthn:virtualAuthenticators: true}
Session ID: 985ee13071ffe4d54a9c1043799b223d
*** Element info: {Using=xpath, value=//*[.='LOGIN']}
2023-10-10 16:30:16,695 INFO t.TestBase [TestBase.java:23] Finished test ---->loginPositiveTestUser
2023-10-10 16:30:16,696 INFO t.TestBase [TestBase.java:24] =====================================================================
2023-10-10 16:30:16,696 INFO t.TestBase [TestBase.java:19] Started test ---->registrationNegativeWrongEmailHW
2023-10-10 16:30:16,785 INFO m.WDListener [WDListener.java:20] Start searching element by locator -->By.xpath: //button[.='Sign Out']
2023-10-10 16:30:16,790 INFO m.WDListener [WDListener.java:26] Element with locator -->By.xpath: //button[.='Sign Out']is found
2023-10-10 16:30:16,790 INFO m.WDListener [WDListener.java:20] Start searching element by locator -->By.xpath: //*[.=Sign Out]
2023-10-10 16:30:16,806 INFO m.WDListener [WDListener.java:32] Something went wrong!!!
2023-10-10 16:30:16,806 INFO m.WDListener [WDListener.java:33] invalid selector: Unable to locate an element with the xpath expression //*[.=Sign Out] because of the following error:
SyntaxError: Failed to execute 'evaluate' on 'Document': The string '//*[.=Sign Out]' is not a valid XPath expression.
  (Session info: chrome=117.0.5938.149)
For documentation on this error, please visit: https://www.seleniumhq.org/exceptions/invalid_selector_exception.html
Build info: version: '3.141.59', revision: 'e82be7d358', time: '2018-11-14T08:17:03'
System info: host: 'MacBook-Elena', ip: 'fdc4:b336:629f:4bd4:894:bc40:15f8:74f6%en0', os.name: 'Mac OS X', os.arch: 'aarch64', os.version: '13.5.2', java.version: '17.0.8'
Driver info: org.openqa.selenium.chrome.ChromeDriver
Capabilities {acceptInsecureCerts: false, browserName: chrome, browserVersion: 117.0.5938.149, chrome: {chromedriverVersion: 116.0.5845.96 (1a3918166880..., userDataDir: /var/folders/xj/ypscvp816dg...}, fedcm:accounts: true, goog:chromeOptions: {debuggerAddress: localhost:58896}, javascriptEnabled: true, networkConnectionEnabled: false, pageLoadStrategy: normal, platform: MAC, platformName: MAC, proxy: Proxy(), setWindowRect: true, strictFileInteractability: false, timeouts: {implicit: 0, pageLoad: 300000, script: 30000}, unhandledPromptBehavior: dismiss and notify, webauthn:extension:credBlob: true, webauthn:extension:largeBlob: true, webauthn:extension:minPinLength: true, webauthn:extension:prf: true, webauthn:virtualAuthenticators: true}
Session ID: 985ee13071ffe4d54a9c1043799b223d
*** Element info: {Using=xpath, value=//*[.=Sign Out]}
2023-10-10 16:30:16,806 INFO m.WDListener [WDListener.java:34] org.openqa.selenium.InvalidSelectorException: invalid selector: Unable to locate an element with the xpath expression //*[.=Sign Out] because of the following error:
SyntaxError: Failed to execute 'evaluate' on 'Document': The string '//*[.=Sign Out]' is not a valid XPath expression.
  (Session info: chrome=117.0.5938.149)
For documentation on this error, please visit: https://www.seleniumhq.org/exceptions/invalid_selector_exception.html
Build info: version: '3.141.59', revision: 'e82be7d358', time: '2018-11-14T08:17:03'
System info: host: 'MacBook-Elena', ip: 'fdc4:b336:629f:4bd4:894:bc40:15f8:74f6%en0', os.name: 'Mac OS X', os.arch: 'aarch64', os.version: '13.5.2', java.version: '17.0.8'
Driver info: org.openqa.selenium.chrome.ChromeDriver
Capabilities {acceptInsecureCerts: false, browserName: chrome, browserVersion: 117.0.5938.149, chrome: {chromedriverVersion: 116.0.5845.96 (1a3918166880..., userDataDir: /var/folders/xj/ypscvp816dg...}, fedcm:accounts: true, goog:chromeOptions: {debuggerAddress: localhost:58896}, javascriptEnabled: true, networkConnectionEnabled: false, pageLoadStrategy: normal, platform: MAC, platformName: MAC, proxy: Proxy(), setWindowRect: true, strictFileInteractability: false, timeouts: {implicit: 0, pageLoad: 300000, script: 30000}, unhandledPromptBehavior: dismiss and notify, webauthn:extension:credBlob: true, webauthn:extension:largeBlob: true, webauthn:extension:minPinLength: true, webauthn:extension:prf: true, webauthn:virtualAuthenticators: true}
Session ID: 985ee13071ffe4d54a9c1043799b223d
*** Element info: {Using=xpath, value=//*[.=Sign Out]}
2023-10-10 16:30:17,198 INFO m.WDListener [WDListener.java:39] Here is the path to screenshot with error --> src/test/ScreenShots/screenshot-1816.png
2023-10-10 16:30:17,199 INFO m.NGListener [NGListener.java:15] Start of the test --> registrationNegativeWrongEmailHW
2023-10-10 16:30:17,199 INFO m.NGListener [NGListener.java:15] Start of the test --> registrationPositiveTest
2023-10-10 16:30:17,201 INFO m.ApplicationManager [ApplicationManager.java:36] Test completed
