2023-10-11 15:24:57,660 INFO m.ApplicationManager [ApplicationManager.java:35] Test started on Firefox
2023-10-11 15:24:58,496 INFO m.ApplicationManager [ApplicationManager.java:40] Navigated to the link --->https://telranedu.web.app/home
2023-10-11 15:24:58,518 INFO t.TestBase [TestBase.java:22] Started test ---->loginNegativeTestWrongEmail
2023-10-11 15:24:58,518 INFO m.NGListener [NGListener.java:15] Start of the test --> loginNegativeTestWrongEmail
2023-10-11 15:24:58,519 INFO m.WDListener [WDListener.java:20] Start searching element by locator -->By.xpath: //*[.='LOGIN']
2023-10-11 15:24:58,531 INFO m.WDListener [WDListener.java:26] Element with locator -->By.xpath: //*[.='LOGIN']is found
2023-10-11 15:24:58,764 INFO m.WDListener [WDListener.java:20] Start searching element by locator -->By.xpath: //input[1]
2023-10-11 15:24:58,770 INFO m.WDListener [WDListener.java:26] Element with locator -->By.xpath: //input[1]is found
2023-10-11 15:24:59,020 INFO m.WDListener [WDListener.java:20] Start searching element by locator -->By.xpath: //input[2]
2023-10-11 15:24:59,025 INFO m.WDListener [WDListener.java:26] Element with locator -->By.xpath: //input[2]is found
2023-10-11 15:24:59,259 INFO m.WDListener [WDListener.java:20] Start searching element by locator -->By.xpath: //button[1]
2023-10-11 15:24:59,264 INFO m.WDListener [WDListener.java:26] Element with locator -->By.xpath: //button[1]is found
2023-10-11 15:25:09,540 INFO m.NGListener [NGListener.java:21] Success test --> loginNegativeTestWrongEmail
2023-10-11 15:25:09,541 INFO t.TestBase [TestBase.java:26] Finished test ---->loginNegativeTestWrongEmail
2023-10-11 15:25:09,541 INFO t.TestBase [TestBase.java:27] =====================================================================
2023-10-11 15:25:09,542 INFO t.TestBase [TestBase.java:22] Started test ---->loginNegativeTestWrongPasswordHW
2023-10-11 15:25:09,543 INFO m.NGListener [NGListener.java:15] Start of the test --> loginNegativeTestWrongPasswordHW
2023-10-11 15:25:09,543 INFO m.WDListener [WDListener.java:20] Start searching element by locator -->By.xpath: //*[.='LOGIN']
2023-10-11 15:25:09,548 INFO m.WDListener [WDListener.java:26] Element with locator -->By.xpath: //*[.='LOGIN']is found
2023-10-11 15:25:09,761 INFO m.WDListener [WDListener.java:20] Start searching element by locator -->By.xpath: //input[1]
2023-10-11 15:25:09,765 INFO m.WDListener [WDListener.java:26] Element with locator -->By.xpath: //input[1]is found
2023-10-11 15:25:10,008 INFO m.WDListener [WDListener.java:20] Start searching element by locator -->By.xpath: //input[2]
2023-10-11 15:25:10,012 INFO m.WDListener [WDListener.java:26] Element with locator -->By.xpath: //input[2]is found
2023-10-11 15:25:10,250 INFO m.WDListener [WDListener.java:20] Start searching element by locator -->By.xpath: //button[1]
2023-10-11 15:25:10,255 INFO m.WDListener [WDListener.java:26] Element with locator -->By.xpath: //button[1]is found
2023-10-11 15:25:20,505 INFO m.NGListener [NGListener.java:21] Success test --> loginNegativeTestWrongPasswordHW
2023-10-11 15:25:20,506 INFO t.TestBase [TestBase.java:26] Finished test ---->loginNegativeTestWrongPasswordHW
2023-10-11 15:25:20,506 INFO t.TestBase [TestBase.java:27] =====================================================================
2023-10-11 15:25:20,506 INFO t.TestBase [TestBase.java:22] Started test ---->loginPositiveTest
2023-10-11 15:25:20,507 INFO m.NGListener [NGListener.java:15] Start of the test --> loginPositiveTest
2023-10-11 15:25:20,507 INFO m.WDListener [WDListener.java:20] Start searching element by locator -->By.xpath: //*[.='LOGIN']
2023-10-11 15:25:20,512 INFO m.WDListener [WDListener.java:26] Element with locator -->By.xpath: //*[.='LOGIN']is found
2023-10-11 15:25:20,728 INFO m.WDListener [WDListener.java:20] Start searching element by locator -->By.xpath: //input[1]
2023-10-11 15:25:20,737 INFO m.WDListener [WDListener.java:26] Element with locator -->By.xpath: //input[1]is found
2023-10-11 15:25:20,979 INFO m.WDListener [WDListener.java:20] Start searching element by locator -->By.xpath: //input[2]
2023-10-11 15:25:20,984 INFO m.WDListener [WDListener.java:26] Element with locator -->By.xpath: //input[2]is found
2023-10-11 15:25:21,214 INFO m.WDListener [WDListener.java:20] Start searching element by locator -->By.xpath: //button[1]
2023-10-11 15:25:21,218 INFO m.WDListener [WDListener.java:26] Element with locator -->By.xpath: //button[1]is found
2023-10-11 15:25:31,440 INFO m.WDListener [WDListener.java:20] Start searching element by locator -->By.tagName: button
2023-10-11 15:25:31,460 INFO m.WDListener [WDListener.java:26] Element with locator -->By.tagName: buttonis found
2023-10-11 15:25:31,460 INFO m.NGListener [NGListener.java:21] Success test --> loginPositiveTest
2023-10-11 15:25:31,461 INFO t.TestBase [TestBase.java:26] Finished test ---->loginPositiveTest
2023-10-11 15:25:31,461 INFO t.TestBase [TestBase.java:27] =====================================================================
2023-10-11 15:25:31,462 INFO t.TestBase [TestBase.java:22] Started test ---->loginPositiveTestUser
2023-10-11 15:25:31,462 INFO m.NGListener [NGListener.java:15] Start of the test --> loginPositiveTestUser
2023-10-11 15:25:31,465 INFO m.WDListener [WDListener.java:20] Start searching element by locator -->By.xpath: //*[.='LOGIN']
2023-10-11 15:25:34,505 INFO m.WDListener [WDListener.java:32] Something went wrong!!!
2023-10-11 15:25:34,505 INFO m.WDListener [WDListener.java:33] Unable to locate element: //*[.='LOGIN']
For documentation on this error, please visit: https://www.seleniumhq.org/exceptions/no_such_element.html
Build info: version: '3.141.59', revision: 'e82be7d358', time: '2018-11-14T08:17:03'
System info: host: 'MacBook-Elena', ip: 'fdc4:b336:629f:4bd4:894:bc40:15f8:74f6%en0', os.name: 'Mac OS X', os.arch: 'aarch64', os.version: '13.5.2', java.version: '17.0.8'
Driver info: org.openqa.selenium.firefox.FirefoxDriver
Capabilities {acceptInsecureCerts: true, browserName: firefox, browserVersion: 118.0.1, javascriptEnabled: true, moz:accessibilityChecks: false, moz:buildID: 20230927232528, moz:geckodriverVersion: 0.33.0, moz:headless: false, moz:platformVersion: 22.6.0, moz:processID: 53711, moz:profile: /var/folders/xj/ypscvp816dg..., moz:shutdownTimeout: 60000, moz:webdriverClick: true, moz:windowless: false, pageLoadStrategy: normal, platform: MAC, platformName: MAC, proxy: Proxy(), setWindowRect: true, strictFileInteractability: false, timeouts: {implicit: 0, pageLoad: 300000, script: 30000}, unhandledPromptBehavior: dismiss and notify}
Session ID: 3427624a-661b-430c-b9a8-fb53a7f6198e
*** Element info: {Using=xpath, value=//*[.='LOGIN']}
2023-10-11 15:25:34,505 INFO m.WDListener [WDListener.java:34] org.openqa.selenium.NoSuchElementException: Unable to locate element: //*[.='LOGIN']
For documentation on this error, please visit: https://www.seleniumhq.org/exceptions/no_such_element.html
Build info: version: '3.141.59', revision: 'e82be7d358', time: '2018-11-14T08:17:03'
System info: host: 'MacBook-Elena', ip: 'fdc4:b336:629f:4bd4:894:bc40:15f8:74f6%en0', os.name: 'Mac OS X', os.arch: 'aarch64', os.version: '13.5.2', java.version: '17.0.8'
Driver info: org.openqa.selenium.firefox.FirefoxDriver
Capabilities {acceptInsecureCerts: true, browserName: firefox, browserVersion: 118.0.1, javascriptEnabled: true, moz:accessibilityChecks: false, moz:buildID: 20230927232528, moz:geckodriverVersion: 0.33.0, moz:headless: false, moz:platformVersion: 22.6.0, moz:processID: 53711, moz:profile: /var/folders/xj/ypscvp816dg..., moz:shutdownTimeout: 60000, moz:webdriverClick: true, moz:windowless: false, pageLoadStrategy: normal, platform: MAC, platformName: MAC, proxy: Proxy(), setWindowRect: true, strictFileInteractability: false, timeouts: {implicit: 0, pageLoad: 300000, script: 30000}, unhandledPromptBehavior: dismiss and notify}
Session ID: 3427624a-661b-430c-b9a8-fb53a7f6198e
*** Element info: {Using=xpath, value=//*[.='LOGIN']}
2023-10-11 15:25:34,760 INFO m.WDListener [WDListener.java:39] Here is the path to screenshot with error --> src/test/ScreenShots/screenshot-1534.png
2023-10-11 15:25:34,760 INFO m.NGListener [NGListener.java:27] Failure test --> org.openqa.selenium.NoSuchElementException: Unable to locate element: //*[.='LOGIN']
For documentation on this error, please visit: https://www.seleniumhq.org/exceptions/no_such_element.html
Build info: version: '3.141.59', revision: 'e82be7d358', time: '2018-11-14T08:17:03'
System info: host: 'MacBook-Elena', ip: 'fdc4:b336:629f:4bd4:894:bc40:15f8:74f6%en0', os.name: 'Mac OS X', os.arch: 'aarch64', os.version: '13.5.2', java.version: '17.0.8'
Driver info: org.openqa.selenium.firefox.FirefoxDriver
Capabilities {acceptInsecureCerts: true, browserName: firefox, browserVersion: 118.0.1, javascriptEnabled: true, moz:accessibilityChecks: false, moz:buildID: 20230927232528, moz:geckodriverVersion: 0.33.0, moz:headless: false, moz:platformVersion: 22.6.0, moz:processID: 53711, moz:profile: /var/folders/xj/ypscvp816dg..., moz:shutdownTimeout: 60000, moz:webdriverClick: true, moz:windowless: false, pageLoadStrategy: normal, platform: MAC, platformName: MAC, proxy: Proxy(), setWindowRect: true, strictFileInteractability: false, timeouts: {implicit: 0, pageLoad: 300000, script: 30000}, unhandledPromptBehavior: dismiss and notify}
Session ID: 3427624a-661b-430c-b9a8-fb53a7f6198e
*** Element info: {Using=xpath, value=//*[.='LOGIN']}
2023-10-11 15:25:34,762 INFO t.TestBase [TestBase.java:26] Finished test ---->loginPositiveTestUser
2023-10-11 15:25:34,762 INFO t.TestBase [TestBase.java:27] =====================================================================
2023-10-11 15:25:34,763 INFO m.ApplicationManager [ApplicationManager.java:49] Test completed
