2023-10-20 13:35:44,810 INFO m.ApplicationManager [ApplicationManager.java:44] Test started on Chrome
2023-10-20 13:35:45,280 INFO m.ApplicationManager [ApplicationManager.java:52] Navigated to the link --->https://telranedu.web.app/home
2023-10-20 13:35:45,305 INFO t.TestBase [TestBase.java:23] Started test ---->loginPositiveTestProps
2023-10-20 13:35:45,388 INFO m.WDListener [WDListener.java:20] Start searching element by locator -->By.xpath: //button[.='Sign Out']
2023-10-20 13:35:48,447 INFO m.WDListener [WDListener.java:26] Element with locator -->By.xpath: //button[.='Sign Out']is found
2023-10-20 13:35:48,449 INFO m.NGListener [NGListener.java:15] Start of the test --> loginPositiveTestProps
2023-10-20 13:35:48,450 INFO m.WDListener [WDListener.java:20] Start searching element by locator -->By.xpath: //*[.='LOGIN']
2023-10-20 13:35:48,467 INFO m.WDListener [WDListener.java:26] Element with locator -->By.xpath: //*[.='LOGIN']is found
2023-10-20 13:35:48,522 INFO m.WDListener [WDListener.java:20] Start searching element by locator -->By.xpath: //input[1]
2023-10-20 13:35:48,531 INFO m.WDListener [WDListener.java:26] Element with locator -->By.xpath: //input[1]is found
2023-10-20 13:35:48,720 INFO m.WDListener [WDListener.java:20] Start searching element by locator -->By.xpath: //input[2]
2023-10-20 13:35:48,728 INFO m.WDListener [WDListener.java:26] Element with locator -->By.xpath: //input[2]is found
2023-10-20 13:35:48,785 INFO m.WDListener [WDListener.java:20] Start searching element by locator -->By.xpath: //button[1]
2023-10-20 13:35:48,794 INFO m.WDListener [WDListener.java:26] Element with locator -->By.xpath: //button[1]is found
2023-10-20 13:35:50,820 INFO m.WDListener [WDListener.java:20] Start searching element by locator -->By.tagName: button
2023-10-20 13:35:50,851 INFO m.WDListener [WDListener.java:32] Something went wrong!!!
2023-10-20 13:35:50,851 INFO m.WDListener [WDListener.java:33] no such window: target window already closed
from unknown error: web view not found
  (Session info: chrome=118.0.5993.88)
Build info: version: '3.141.59', revision: 'e82be7d358', time: '2018-11-14T08:17:03'
System info: host: 'MBP-Elena', ip: 'fdc4:b336:629f:4bd4:6d:456b:d747:7335%en0', os.name: 'Mac OS X', os.arch: 'aarch64', os.version: '14.0', java.version: '1.8.0_392'
Driver info: org.openqa.selenium.chrome.ChromeDriver
Capabilities {acceptInsecureCerts: false, browserName: chrome, browserVersion: 118.0.5993.88, chrome: {chromedriverVersion: 118.0.5993.70 (e52f33f30b91..., userDataDir: /var/folders/vb/ksgv90hd0qn...}, fedcm:accounts: true, goog:chromeOptions: {debuggerAddress: localhost:51059}, javascriptEnabled: true, networkConnectionEnabled: false, pageLoadStrategy: normal, platform: MAC, platformName: MAC, proxy: Proxy(), setWindowRect: true, strictFileInteractability: false, timeouts: {implicit: 0, pageLoad: 300000, script: 30000}, unhandledPromptBehavior: dismiss and notify, webauthn:extension:credBlob: true, webauthn:extension:largeBlob: true, webauthn:extension:minPinLength: true, webauthn:extension:prf: true, webauthn:virtualAuthenticators: true}
Session ID: 3cc83282ebc23e0009cbca240505c7b9
*** Element info: {Using=tag name, value=button}
2023-10-20 13:35:50,852 INFO m.WDListener [WDListener.java:34] org.openqa.selenium.NoSuchWindowException: no such window: target window already closed
from unknown error: web view not found
  (Session info: chrome=118.0.5993.88)
Build info: version: '3.141.59', revision: 'e82be7d358', time: '2018-11-14T08:17:03'
System info: host: 'MBP-Elena', ip: 'fdc4:b336:629f:4bd4:6d:456b:d747:7335%en0', os.name: 'Mac OS X', os.arch: 'aarch64', os.version: '14.0', java.version: '1.8.0_392'
Driver info: org.openqa.selenium.chrome.ChromeDriver
Capabilities {acceptInsecureCerts: false, browserName: chrome, browserVersion: 118.0.5993.88, chrome: {chromedriverVersion: 118.0.5993.70 (e52f33f30b91..., userDataDir: /var/folders/vb/ksgv90hd0qn...}, fedcm:accounts: true, goog:chromeOptions: {debuggerAddress: localhost:51059}, javascriptEnabled: true, networkConnectionEnabled: false, pageLoadStrategy: normal, platform: MAC, platformName: MAC, proxy: Proxy(), setWindowRect: true, strictFileInteractability: false, timeouts: {implicit: 0, pageLoad: 300000, script: 30000}, unhandledPromptBehavior: dismiss and notify, webauthn:extension:credBlob: true, webauthn:extension:largeBlob: true, webauthn:extension:minPinLength: true, webauthn:extension:prf: true, webauthn:virtualAuthenticators: true}
Session ID: 3cc83282ebc23e0009cbca240505c7b9
*** Element info: {Using=tag name, value=button}
2023-10-20 13:35:50,856 INFO m.NGListener [NGListener.java:27] Failure test --> org.openqa.selenium.NoSuchWindowException: no such window: target window already closed
from unknown error: web view not found
  (Session info: chrome=118.0.5993.88)
Build info: version: '3.141.59', revision: 'e82be7d358', time: '2018-11-14T08:17:03'
System info: host: 'MBP-Elena', ip: 'fdc4:b336:629f:4bd4:6d:456b:d747:7335%en0', os.name: 'Mac OS X', os.arch: 'aarch64', os.version: '14.0', java.version: '1.8.0_392'
Driver info: org.openqa.selenium.chrome.ChromeDriver
Capabilities {acceptInsecureCerts: false, browserName: chrome, browserVersion: 118.0.5993.88, chrome: {chromedriverVersion: 118.0.5993.70 (e52f33f30b91..., userDataDir: /var/folders/vb/ksgv90hd0qn...}, fedcm:accounts: true, goog:chromeOptions: {debuggerAddress: localhost:51059}, javascriptEnabled: true, networkConnectionEnabled: false, pageLoadStrategy: normal, platform: MAC, platformName: MAC, proxy: Proxy(), setWindowRect: true, strictFileInteractability: false, timeouts: {implicit: 0, pageLoad: 300000, script: 30000}, unhandledPromptBehavior: dismiss and notify, webauthn:extension:credBlob: true, webauthn:extension:largeBlob: true, webauthn:extension:minPinLength: true, webauthn:extension:prf: true, webauthn:virtualAuthenticators: true}
Session ID: 3cc83282ebc23e0009cbca240505c7b9
2023-10-20 13:35:50,858 INFO t.TestBase [TestBase.java:27] Finished test ---->loginPositiveTestProps
2023-10-20 13:35:50,858 INFO t.TestBase [TestBase.java:28] =====================================================================
2023-10-20 13:35:50,861 INFO m.ApplicationManager [ApplicationManager.java:61] Test completed
