2023-10-15 12:52:35,000 INFO m.ApplicationManager [ApplicationManager.java:32] Test started on Chrome
2023-10-15 12:52:35,785 INFO m.ApplicationManager [ApplicationManager.java:40] Navigated to the link --->https://telranedu.web.app/home
2023-10-15 12:52:35,830 INFO t.TestBase [TestBase.java:22] Started test ---->loginPositiveTestUserDTO
2023-10-15 12:52:36,021 INFO m.WDListener [WDListener.java:20] Start searching element by locator -->By.xpath: //button[.='Sign Out']
2023-10-15 12:52:39,088 INFO m.WDListener [WDListener.java:26] Element with locator -->By.xpath: //button[.='Sign Out']is found
2023-10-15 12:52:39,092 INFO m.NGListener [NGListener.java:15] Start of the test --> loginPositiveTestUserDTO
2023-10-15 12:52:39,093 INFO m.WDListener [WDListener.java:20] Start searching element by locator -->By.xpath: //*[.='LOGIN']
2023-10-15 12:52:39,122 INFO m.WDListener [WDListener.java:26] Element with locator -->By.xpath: //*[.='LOGIN']is found
2023-10-15 12:52:39,470 INFO m.WDListener [WDListener.java:20] Start searching element by locator -->By.xpath: //input[1]
2023-10-15 12:52:39,586 INFO m.WDListener [WDListener.java:26] Element with locator -->By.xpath: //input[1]is found
2023-10-15 12:52:40,277 INFO m.WDListener [WDListener.java:20] Start searching element by locator -->By.xpath: //input[2]
2023-10-15 12:52:40,290 INFO m.WDListener [WDListener.java:26] Element with locator -->By.xpath: //input[2]is found
2023-10-15 12:52:40,570 INFO m.WDListener [WDListener.java:20] Start searching element by locator -->By.xpath: //button[1]
2023-10-15 12:52:40,584 INFO m.WDListener [WDListener.java:26] Element with locator -->By.xpath: //button[1]is found
2023-10-15 12:52:43,798 INFO m.WDListener [WDListener.java:20] Start searching element by locator -->By.tagName: button
2023-10-15 12:52:43,836 INFO m.WDListener [WDListener.java:26] Element with locator -->By.tagName: buttonis found
2023-10-15 12:52:43,843 INFO m.NGListener [NGListener.java:21] Success test --> loginPositiveTestUserDTO
2023-10-15 12:52:43,847 INFO t.TestBase [TestBase.java:26] Finished test ---->loginPositiveTestUserDTO
2023-10-15 12:52:43,847 INFO t.TestBase [TestBase.java:27] =====================================================================
2023-10-15 12:52:43,848 INFO t.TestBase [TestBase.java:22] Started test ---->loginPositiveTestUserDTO
2023-10-15 12:52:44,030 INFO m.WDListener [WDListener.java:20] Start searching element by locator -->By.xpath: //button[.='Sign Out']
2023-10-15 12:52:44,076 INFO m.WDListener [WDListener.java:26] Element with locator -->By.xpath: //button[.='Sign Out']is found
2023-10-15 12:52:44,076 INFO m.WDListener [WDListener.java:20] Start searching element by locator -->By.xpath: //*[.=Sign Out]
2023-10-15 12:52:44,149 INFO m.WDListener [WDListener.java:32] Something went wrong!!!
2023-10-15 12:52:44,150 INFO m.WDListener [WDListener.java:33] invalid selector: Unable to locate an element with the xpath expression //*[.=Sign Out] because of the following error:
SyntaxError: Failed to execute 'evaluate' on 'Document': The string '//*[.=Sign Out]' is not a valid XPath expression.
  (Session info: chrome=118.0.5993.70)
For documentation on this error, please visit: https://www.seleniumhq.org/exceptions/invalid_selector_exception.html
Build info: version: '3.141.59', revision: 'e82be7d358', time: '2018-11-14T08:17:03'
System info: host: 'MacBook-Elena', ip: 'fdc4:b336:629f:4bd4:894:bc40:15f8:74f6%en0', os.name: 'Mac OS X', os.arch: 'x86_64', os.version: '13.5.2', java.version: '1.8.0_333'
Driver info: org.openqa.selenium.chrome.ChromeDriver
Capabilities {acceptInsecureCerts: false, browserName: chrome, browserVersion: 118.0.5993.70, chrome: {chromedriverVersion: 118.0.5993.70 (e52f33f30b91..., userDataDir: /var/folders/xj/ypscvp816dg...}, fedcm:accounts: true, goog:chromeOptions: {debuggerAddress: localhost:61805}, javascriptEnabled: true, networkConnectionEnabled: false, pageLoadStrategy: normal, platform: MAC, platformName: MAC, proxy: Proxy(), setWindowRect: true, strictFileInteractability: false, timeouts: {implicit: 0, pageLoad: 300000, script: 30000}, unhandledPromptBehavior: dismiss and notify, webauthn:extension:credBlob: true, webauthn:extension:largeBlob: true, webauthn:extension:minPinLength: true, webauthn:extension:prf: true, webauthn:virtualAuthenticators: true}
Session ID: 4d03c084dcf4fd2d47ef3bf30773cee4
*** Element info: {Using=xpath, value=//*[.=Sign Out]}
2023-10-15 12:52:44,150 INFO m.WDListener [WDListener.java:34] org.openqa.selenium.InvalidSelectorException: invalid selector: Unable to locate an element with the xpath expression //*[.=Sign Out] because of the following error:
SyntaxError: Failed to execute 'evaluate' on 'Document': The string '//*[.=Sign Out]' is not a valid XPath expression.
  (Session info: chrome=118.0.5993.70)
For documentation on this error, please visit: https://www.seleniumhq.org/exceptions/invalid_selector_exception.html
Build info: version: '3.141.59', revision: 'e82be7d358', time: '2018-11-14T08:17:03'
System info: host: 'MacBook-Elena', ip: 'fdc4:b336:629f:4bd4:894:bc40:15f8:74f6%en0', os.name: 'Mac OS X', os.arch: 'x86_64', os.version: '13.5.2', java.version: '1.8.0_333'
Driver info: org.openqa.selenium.chrome.ChromeDriver
Capabilities {acceptInsecureCerts: false, browserName: chrome, browserVersion: 118.0.5993.70, chrome: {chromedriverVersion: 118.0.5993.70 (e52f33f30b91..., userDataDir: /var/folders/xj/ypscvp816dg...}, fedcm:accounts: true, goog:chromeOptions: {debuggerAddress: localhost:61805}, javascriptEnabled: true, networkConnectionEnabled: false, pageLoadStrategy: normal, platform: MAC, platformName: MAC, proxy: Proxy(), setWindowRect: true, strictFileInteractability: false, timeouts: {implicit: 0, pageLoad: 300000, script: 30000}, unhandledPromptBehavior: dismiss and notify, webauthn:extension:credBlob: true, webauthn:extension:largeBlob: true, webauthn:extension:minPinLength: true, webauthn:extension:prf: true, webauthn:virtualAuthenticators: true}
Session ID: 4d03c084dcf4fd2d47ef3bf30773cee4
*** Element info: {Using=xpath, value=//*[.=Sign Out]}
2023-10-15 12:52:44,665 INFO m.WDListener [WDListener.java:39] Here is the path to screenshot with error --> src/test/ScreenShots/screenshot-3164.png
2023-10-15 12:52:44,688 INFO m.NGListener [NGListener.java:15] Start of the test --> loginPositiveTestUserDTO
2023-10-15 12:52:44,691 INFO t.TestBase [TestBase.java:26] Finished test ---->loginPositiveTestUserDTO
2023-10-15 12:52:44,691 INFO t.TestBase [TestBase.java:27] =====================================================================
2023-10-15 12:52:44,692 INFO t.TestBase [TestBase.java:22] Started test ---->loginPositiveTestUserDTO
2023-10-15 12:52:44,848 INFO m.WDListener [WDListener.java:20] Start searching element by locator -->By.xpath: //button[.='Sign Out']
2023-10-15 12:52:44,859 INFO m.WDListener [WDListener.java:26] Element with locator -->By.xpath: //button[.='Sign Out']is found
2023-10-15 12:52:44,860 INFO m.WDListener [WDListener.java:20] Start searching element by locator -->By.xpath: //*[.=Sign Out]
2023-10-15 12:52:44,875 INFO m.WDListener [WDListener.java:32] Something went wrong!!!
2023-10-15 12:52:44,875 INFO m.WDListener [WDListener.java:33] invalid selector: Unable to locate an element with the xpath expression //*[.=Sign Out] because of the following error:
SyntaxError: Failed to execute 'evaluate' on 'Document': The string '//*[.=Sign Out]' is not a valid XPath expression.
  (Session info: chrome=118.0.5993.70)
For documentation on this error, please visit: https://www.seleniumhq.org/exceptions/invalid_selector_exception.html
Build info: version: '3.141.59', revision: 'e82be7d358', time: '2018-11-14T08:17:03'
System info: host: 'MacBook-Elena', ip: 'fdc4:b336:629f:4bd4:894:bc40:15f8:74f6%en0', os.name: 'Mac OS X', os.arch: 'x86_64', os.version: '13.5.2', java.version: '1.8.0_333'
Driver info: org.openqa.selenium.chrome.ChromeDriver
Capabilities {acceptInsecureCerts: false, browserName: chrome, browserVersion: 118.0.5993.70, chrome: {chromedriverVersion: 118.0.5993.70 (e52f33f30b91..., userDataDir: /var/folders/xj/ypscvp816dg...}, fedcm:accounts: true, goog:chromeOptions: {debuggerAddress: localhost:61805}, javascriptEnabled: true, networkConnectionEnabled: false, pageLoadStrategy: normal, platform: MAC, platformName: MAC, proxy: Proxy(), setWindowRect: true, strictFileInteractability: false, timeouts: {implicit: 0, pageLoad: 300000, script: 30000}, unhandledPromptBehavior: dismiss and notify, webauthn:extension:credBlob: true, webauthn:extension:largeBlob: true, webauthn:extension:minPinLength: true, webauthn:extension:prf: true, webauthn:virtualAuthenticators: true}
Session ID: 4d03c084dcf4fd2d47ef3bf30773cee4
*** Element info: {Using=xpath, value=//*[.=Sign Out]}
2023-10-15 12:52:44,875 INFO m.WDListener [WDListener.java:34] org.openqa.selenium.InvalidSelectorException: invalid selector: Unable to locate an element with the xpath expression //*[.=Sign Out] because of the following error:
SyntaxError: Failed to execute 'evaluate' on 'Document': The string '//*[.=Sign Out]' is not a valid XPath expression.
  (Session info: chrome=118.0.5993.70)
For documentation on this error, please visit: https://www.seleniumhq.org/exceptions/invalid_selector_exception.html
Build info: version: '3.141.59', revision: 'e82be7d358', time: '2018-11-14T08:17:03'
System info: host: 'MacBook-Elena', ip: 'fdc4:b336:629f:4bd4:894:bc40:15f8:74f6%en0', os.name: 'Mac OS X', os.arch: 'x86_64', os.version: '13.5.2', java.version: '1.8.0_333'
Driver info: org.openqa.selenium.chrome.ChromeDriver
Capabilities {acceptInsecureCerts: false, browserName: chrome, browserVersion: 118.0.5993.70, chrome: {chromedriverVersion: 118.0.5993.70 (e52f33f30b91..., userDataDir: /var/folders/xj/ypscvp816dg...}, fedcm:accounts: true, goog:chromeOptions: {debuggerAddress: localhost:61805}, javascriptEnabled: true, networkConnectionEnabled: false, pageLoadStrategy: normal, platform: MAC, platformName: MAC, proxy: Proxy(), setWindowRect: true, strictFileInteractability: false, timeouts: {implicit: 0, pageLoad: 300000, script: 30000}, unhandledPromptBehavior: dismiss and notify, webauthn:extension:credBlob: true, webauthn:extension:largeBlob: true, webauthn:extension:minPinLength: true, webauthn:extension:prf: true, webauthn:virtualAuthenticators: true}
Session ID: 4d03c084dcf4fd2d47ef3bf30773cee4
*** Element info: {Using=xpath, value=//*[.=Sign Out]}
2023-10-15 12:52:45,352 INFO m.WDListener [WDListener.java:39] Here is the path to screenshot with error --> src/test/ScreenShots/screenshot-3164.png
2023-10-15 12:52:45,354 INFO m.NGListener [NGListener.java:15] Start of the test --> loginPositiveTestUserDTO
2023-10-15 12:52:45,356 INFO t.TestBase [TestBase.java:26] Finished test ---->loginPositiveTestUserDTO
2023-10-15 12:52:45,356 INFO t.TestBase [TestBase.java:27] =====================================================================
2023-10-15 12:52:45,358 INFO t.TestBase [TestBase.java:22] Started test ---->loginPositiveTestUserDTO
2023-10-15 12:52:45,477 INFO m.WDListener [WDListener.java:20] Start searching element by locator -->By.xpath: //button[.='Sign Out']
2023-10-15 12:52:45,490 INFO m.WDListener [WDListener.java:26] Element with locator -->By.xpath: //button[.='Sign Out']is found
2023-10-15 12:52:45,491 INFO m.WDListener [WDListener.java:20] Start searching element by locator -->By.xpath: //*[.=Sign Out]
2023-10-15 12:52:45,522 INFO m.WDListener [WDListener.java:32] Something went wrong!!!
2023-10-15 12:52:45,523 INFO m.WDListener [WDListener.java:33] invalid selector: Unable to locate an element with the xpath expression //*[.=Sign Out] because of the following error:
SyntaxError: Failed to execute 'evaluate' on 'Document': The string '//*[.=Sign Out]' is not a valid XPath expression.
  (Session info: chrome=118.0.5993.70)
For documentation on this error, please visit: https://www.seleniumhq.org/exceptions/invalid_selector_exception.html
Build info: version: '3.141.59', revision: 'e82be7d358', time: '2018-11-14T08:17:03'
System info: host: 'MacBook-Elena', ip: 'fdc4:b336:629f:4bd4:894:bc40:15f8:74f6%en0', os.name: 'Mac OS X', os.arch: 'x86_64', os.version: '13.5.2', java.version: '1.8.0_333'
Driver info: org.openqa.selenium.chrome.ChromeDriver
Capabilities {acceptInsecureCerts: false, browserName: chrome, browserVersion: 118.0.5993.70, chrome: {chromedriverVersion: 118.0.5993.70 (e52f33f30b91..., userDataDir: /var/folders/xj/ypscvp816dg...}, fedcm:accounts: true, goog:chromeOptions: {debuggerAddress: localhost:61805}, javascriptEnabled: true, networkConnectionEnabled: false, pageLoadStrategy: normal, platform: MAC, platformName: MAC, proxy: Proxy(), setWindowRect: true, strictFileInteractability: false, timeouts: {implicit: 0, pageLoad: 300000, script: 30000}, unhandledPromptBehavior: dismiss and notify, webauthn:extension:credBlob: true, webauthn:extension:largeBlob: true, webauthn:extension:minPinLength: true, webauthn:extension:prf: true, webauthn:virtualAuthenticators: true}
Session ID: 4d03c084dcf4fd2d47ef3bf30773cee4
*** Element info: {Using=xpath, value=//*[.=Sign Out]}
2023-10-15 12:52:45,523 INFO m.WDListener [WDListener.java:34] org.openqa.selenium.InvalidSelectorException: invalid selector: Unable to locate an element with the xpath expression //*[.=Sign Out] because of the following error:
SyntaxError: Failed to execute 'evaluate' on 'Document': The string '//*[.=Sign Out]' is not a valid XPath expression.
  (Session info: chrome=118.0.5993.70)
For documentation on this error, please visit: https://www.seleniumhq.org/exceptions/invalid_selector_exception.html
Build info: version: '3.141.59', revision: 'e82be7d358', time: '2018-11-14T08:17:03'
System info: host: 'MacBook-Elena', ip: 'fdc4:b336:629f:4bd4:894:bc40:15f8:74f6%en0', os.name: 'Mac OS X', os.arch: 'x86_64', os.version: '13.5.2', java.version: '1.8.0_333'
Driver info: org.openqa.selenium.chrome.ChromeDriver
Capabilities {acceptInsecureCerts: false, browserName: chrome, browserVersion: 118.0.5993.70, chrome: {chromedriverVersion: 118.0.5993.70 (e52f33f30b91..., userDataDir: /var/folders/xj/ypscvp816dg...}, fedcm:accounts: true, goog:chromeOptions: {debuggerAddress: localhost:61805}, javascriptEnabled: true, networkConnectionEnabled: false, pageLoadStrategy: normal, platform: MAC, platformName: MAC, proxy: Proxy(), setWindowRect: true, strictFileInteractability: false, timeouts: {implicit: 0, pageLoad: 300000, script: 30000}, unhandledPromptBehavior: dismiss and notify, webauthn:extension:credBlob: true, webauthn:extension:largeBlob: true, webauthn:extension:minPinLength: true, webauthn:extension:prf: true, webauthn:virtualAuthenticators: true}
Session ID: 4d03c084dcf4fd2d47ef3bf30773cee4
*** Element info: {Using=xpath, value=//*[.=Sign Out]}
2023-10-15 12:52:45,980 INFO m.WDListener [WDListener.java:39] Here is the path to screenshot with error --> src/test/ScreenShots/screenshot-3165.png
2023-10-15 12:52:45,983 INFO m.NGListener [NGListener.java:15] Start of the test --> loginPositiveTestUserDTO
2023-10-15 12:52:45,984 INFO t.TestBase [TestBase.java:26] Finished test ---->loginPositiveTestUserDTO
2023-10-15 12:52:45,984 INFO t.TestBase [TestBase.java:27] =====================================================================
2023-10-15 12:52:45,993 INFO m.ApplicationManager [ApplicationManager.java:49] Test completed
