2023-10-15 12:50:47,201 INFO m.ApplicationManager [ApplicationManager.java:32] Test started on Chrome
2023-10-15 12:50:48,014 INFO m.ApplicationManager [ApplicationManager.java:40] Navigated to the link --->https://telranedu.web.app/home
2023-10-15 12:50:48,067 INFO t.TestBase [TestBase.java:22] Started test ---->loginPositiveTestUserDTO
2023-10-15 12:50:48,070 INFO m.NGListener [NGListener.java:15] Start of the test --> loginPositiveTestUserDTO
2023-10-15 12:50:48,070 INFO m.WDListener [WDListener.java:20] Start searching element by locator -->By.xpath: //*[.='LOGIN']
2023-10-15 12:50:48,149 INFO m.WDListener [WDListener.java:26] Element with locator -->By.xpath: //*[.='LOGIN']is found
2023-10-15 12:50:48,545 INFO m.WDListener [WDListener.java:20] Start searching element by locator -->By.xpath: //input[1]
2023-10-15 12:50:48,660 INFO m.WDListener [WDListener.java:26] Element with locator -->By.xpath: //input[1]is found
2023-10-15 12:50:49,474 INFO m.WDListener [WDListener.java:20] Start searching element by locator -->By.xpath: //input[2]
2023-10-15 12:50:49,488 INFO m.WDListener [WDListener.java:26] Element with locator -->By.xpath: //input[2]is found
2023-10-15 12:50:49,756 INFO m.WDListener [WDListener.java:20] Start searching element by locator -->By.xpath: //button[1]
2023-10-15 12:50:49,772 INFO m.WDListener [WDListener.java:26] Element with locator -->By.xpath: //button[1]is found
2023-10-15 12:50:52,983 INFO m.WDListener [WDListener.java:20] Start searching element by locator -->By.tagName: button
2023-10-15 12:50:53,033 INFO m.WDListener [WDListener.java:26] Element with locator -->By.tagName: buttonis found
2023-10-15 12:50:53,037 INFO m.NGListener [NGListener.java:21] Success test --> loginPositiveTestUserDTO
2023-10-15 12:50:53,040 INFO t.TestBase [TestBase.java:26] Finished test ---->loginPositiveTestUserDTO
2023-10-15 12:50:53,040 INFO t.TestBase [TestBase.java:27] =====================================================================
2023-10-15 12:50:53,043 INFO t.TestBase [TestBase.java:22] Started test ---->loginPositiveTestUserDTO
2023-10-15 12:50:53,043 INFO m.NGListener [NGListener.java:15] Start of the test --> loginPositiveTestUserDTO
2023-10-15 12:50:53,044 INFO m.WDListener [WDListener.java:20] Start searching element by locator -->By.xpath: //*[.='LOGIN']
2023-10-15 12:50:56,104 INFO m.WDListener [WDListener.java:32] Something went wrong!!!
2023-10-15 12:50:56,105 INFO m.WDListener [WDListener.java:33] no such element: Unable to locate element: {"method":"xpath","selector":"//*[.='LOGIN']"}
  (Session info: chrome=118.0.5993.70)
For documentation on this error, please visit: https://www.seleniumhq.org/exceptions/no_such_element.html
Build info: version: '3.141.59', revision: 'e82be7d358', time: '2018-11-14T08:17:03'
System info: host: 'MacBook-Elena', ip: 'fdc4:b336:629f:4bd4:894:bc40:15f8:74f6%en0', os.name: 'Mac OS X', os.arch: 'x86_64', os.version: '13.5.2', java.version: '1.8.0_333'
Driver info: org.openqa.selenium.chrome.ChromeDriver
Capabilities {acceptInsecureCerts: false, browserName: chrome, browserVersion: 118.0.5993.70, chrome: {chromedriverVersion: 118.0.5993.70 (e52f33f30b91..., userDataDir: /var/folders/xj/ypscvp816dg...}, fedcm:accounts: true, goog:chromeOptions: {debuggerAddress: localhost:61776}, javascriptEnabled: true, networkConnectionEnabled: false, pageLoadStrategy: normal, platform: MAC, platformName: MAC, proxy: Proxy(), setWindowRect: true, strictFileInteractability: false, timeouts: {implicit: 0, pageLoad: 300000, script: 30000}, unhandledPromptBehavior: dismiss and notify, webauthn:extension:credBlob: true, webauthn:extension:largeBlob: true, webauthn:extension:minPinLength: true, webauthn:extension:prf: true, webauthn:virtualAuthenticators: true}
Session ID: 7dd89e282f51120836629ab36a9f875e
*** Element info: {Using=xpath, value=//*[.='LOGIN']}
2023-10-15 12:50:56,105 INFO m.WDListener [WDListener.java:34] org.openqa.selenium.NoSuchElementException: no such element: Unable to locate element: {"method":"xpath","selector":"//*[.='LOGIN']"}
  (Session info: chrome=118.0.5993.70)
For documentation on this error, please visit: https://www.seleniumhq.org/exceptions/no_such_element.html
Build info: version: '3.141.59', revision: 'e82be7d358', time: '2018-11-14T08:17:03'
System info: host: 'MacBook-Elena', ip: 'fdc4:b336:629f:4bd4:894:bc40:15f8:74f6%en0', os.name: 'Mac OS X', os.arch: 'x86_64', os.version: '13.5.2', java.version: '1.8.0_333'
Driver info: org.openqa.selenium.chrome.ChromeDriver
Capabilities {acceptInsecureCerts: false, browserName: chrome, browserVersion: 118.0.5993.70, chrome: {chromedriverVersion: 118.0.5993.70 (e52f33f30b91..., userDataDir: /var/folders/xj/ypscvp816dg...}, fedcm:accounts: true, goog:chromeOptions: {debuggerAddress: localhost:61776}, javascriptEnabled: true, networkConnectionEnabled: false, pageLoadStrategy: normal, platform: MAC, platformName: MAC, proxy: Proxy(), setWindowRect: true, strictFileInteractability: false, timeouts: {implicit: 0, pageLoad: 300000, script: 30000}, unhandledPromptBehavior: dismiss and notify, webauthn:extension:credBlob: true, webauthn:extension:largeBlob: true, webauthn:extension:minPinLength: true, webauthn:extension:prf: true, webauthn:virtualAuthenticators: true}
Session ID: 7dd89e282f51120836629ab36a9f875e
*** Element info: {Using=xpath, value=//*[.='LOGIN']}
2023-10-15 12:50:56,719 INFO m.WDListener [WDListener.java:39] Here is the path to screenshot with error --> src/test/ScreenShots/screenshot-3056.png
2023-10-15 12:50:56,722 INFO m.NGListener [NGListener.java:27] Failure test --> org.openqa.selenium.NoSuchElementException: no such element: Unable to locate element: {"method":"xpath","selector":"//*[.='LOGIN']"}
  (Session info: chrome=118.0.5993.70)
For documentation on this error, please visit: https://www.seleniumhq.org/exceptions/no_such_element.html
Build info: version: '3.141.59', revision: 'e82be7d358', time: '2018-11-14T08:17:03'
System info: host: 'MacBook-Elena', ip: 'fdc4:b336:629f:4bd4:894:bc40:15f8:74f6%en0', os.name: 'Mac OS X', os.arch: 'x86_64', os.version: '13.5.2', java.version: '1.8.0_333'
Driver info: org.openqa.selenium.chrome.ChromeDriver
Capabilities {acceptInsecureCerts: false, browserName: chrome, browserVersion: 118.0.5993.70, chrome: {chromedriverVersion: 118.0.5993.70 (e52f33f30b91..., userDataDir: /var/folders/xj/ypscvp816dg...}, fedcm:accounts: true, goog:chromeOptions: {debuggerAddress: localhost:61776}, javascriptEnabled: true, networkConnectionEnabled: false, pageLoadStrategy: normal, platform: MAC, platformName: MAC, proxy: Proxy(), setWindowRect: true, strictFileInteractability: false, timeouts: {implicit: 0, pageLoad: 300000, script: 30000}, unhandledPromptBehavior: dismiss and notify, webauthn:extension:credBlob: true, webauthn:extension:largeBlob: true, webauthn:extension:minPinLength: true, webauthn:extension:prf: true, webauthn:virtualAuthenticators: true}
Session ID: 7dd89e282f51120836629ab36a9f875e
*** Element info: {Using=xpath, value=//*[.='LOGIN']}
2023-10-15 12:50:56,731 INFO t.TestBase [TestBase.java:26] Finished test ---->loginPositiveTestUserDTO
2023-10-15 12:50:56,731 INFO t.TestBase [TestBase.java:27] =====================================================================
2023-10-15 12:50:56,733 INFO t.TestBase [TestBase.java:22] Started test ---->loginPositiveTestUserDTO
2023-10-15 12:50:56,734 INFO m.NGListener [NGListener.java:15] Start of the test --> loginPositiveTestUserDTO
2023-10-15 12:50:56,734 INFO m.WDListener [WDListener.java:20] Start searching element by locator -->By.xpath: //*[.='LOGIN']
2023-10-15 12:50:59,808 INFO m.WDListener [WDListener.java:32] Something went wrong!!!
2023-10-15 12:50:59,810 INFO m.WDListener [WDListener.java:33] no such element: Unable to locate element: {"method":"xpath","selector":"//*[.='LOGIN']"}
  (Session info: chrome=118.0.5993.70)
For documentation on this error, please visit: https://www.seleniumhq.org/exceptions/no_such_element.html
Build info: version: '3.141.59', revision: 'e82be7d358', time: '2018-11-14T08:17:03'
System info: host: 'MacBook-Elena', ip: 'fdc4:b336:629f:4bd4:894:bc40:15f8:74f6%en0', os.name: 'Mac OS X', os.arch: 'x86_64', os.version: '13.5.2', java.version: '1.8.0_333'
Driver info: org.openqa.selenium.chrome.ChromeDriver
Capabilities {acceptInsecureCerts: false, browserName: chrome, browserVersion: 118.0.5993.70, chrome: {chromedriverVersion: 118.0.5993.70 (e52f33f30b91..., userDataDir: /var/folders/xj/ypscvp816dg...}, fedcm:accounts: true, goog:chromeOptions: {debuggerAddress: localhost:61776}, javascriptEnabled: true, networkConnectionEnabled: false, pageLoadStrategy: normal, platform: MAC, platformName: MAC, proxy: Proxy(), setWindowRect: true, strictFileInteractability: false, timeouts: {implicit: 0, pageLoad: 300000, script: 30000}, unhandledPromptBehavior: dismiss and notify, webauthn:extension:credBlob: true, webauthn:extension:largeBlob: true, webauthn:extension:minPinLength: true, webauthn:extension:prf: true, webauthn:virtualAuthenticators: true}
Session ID: 7dd89e282f51120836629ab36a9f875e
*** Element info: {Using=xpath, value=//*[.='LOGIN']}
2023-10-15 12:50:59,810 INFO m.WDListener [WDListener.java:34] org.openqa.selenium.NoSuchElementException: no such element: Unable to locate element: {"method":"xpath","selector":"//*[.='LOGIN']"}
  (Session info: chrome=118.0.5993.70)
For documentation on this error, please visit: https://www.seleniumhq.org/exceptions/no_such_element.html
Build info: version: '3.141.59', revision: 'e82be7d358', time: '2018-11-14T08:17:03'
System info: host: 'MacBook-Elena', ip: 'fdc4:b336:629f:4bd4:894:bc40:15f8:74f6%en0', os.name: 'Mac OS X', os.arch: 'x86_64', os.version: '13.5.2', java.version: '1.8.0_333'
Driver info: org.openqa.selenium.chrome.ChromeDriver
Capabilities {acceptInsecureCerts: false, browserName: chrome, browserVersion: 118.0.5993.70, chrome: {chromedriverVersion: 118.0.5993.70 (e52f33f30b91..., userDataDir: /var/folders/xj/ypscvp816dg...}, fedcm:accounts: true, goog:chromeOptions: {debuggerAddress: localhost:61776}, javascriptEnabled: true, networkConnectionEnabled: false, pageLoadStrategy: normal, platform: MAC, platformName: MAC, proxy: Proxy(), setWindowRect: true, strictFileInteractability: false, timeouts: {implicit: 0, pageLoad: 300000, script: 30000}, unhandledPromptBehavior: dismiss and notify, webauthn:extension:credBlob: true, webauthn:extension:largeBlob: true, webauthn:extension:minPinLength: true, webauthn:extension:prf: true, webauthn:virtualAuthenticators: true}
Session ID: 7dd89e282f51120836629ab36a9f875e
*** Element info: {Using=xpath, value=//*[.='LOGIN']}
2023-10-15 12:51:00,336 INFO m.WDListener [WDListener.java:39] Here is the path to screenshot with error --> src/test/ScreenShots/screenshot-3059.png
2023-10-15 12:51:00,337 INFO m.NGListener [NGListener.java:27] Failure test --> org.openqa.selenium.NoSuchElementException: no such element: Unable to locate element: {"method":"xpath","selector":"//*[.='LOGIN']"}
  (Session info: chrome=118.0.5993.70)
For documentation on this error, please visit: https://www.seleniumhq.org/exceptions/no_such_element.html
Build info: version: '3.141.59', revision: 'e82be7d358', time: '2018-11-14T08:17:03'
System info: host: 'MacBook-Elena', ip: 'fdc4:b336:629f:4bd4:894:bc40:15f8:74f6%en0', os.name: 'Mac OS X', os.arch: 'x86_64', os.version: '13.5.2', java.version: '1.8.0_333'
Driver info: org.openqa.selenium.chrome.ChromeDriver
Capabilities {acceptInsecureCerts: false, browserName: chrome, browserVersion: 118.0.5993.70, chrome: {chromedriverVersion: 118.0.5993.70 (e52f33f30b91..., userDataDir: /var/folders/xj/ypscvp816dg...}, fedcm:accounts: true, goog:chromeOptions: {debuggerAddress: localhost:61776}, javascriptEnabled: true, networkConnectionEnabled: false, pageLoadStrategy: normal, platform: MAC, platformName: MAC, proxy: Proxy(), setWindowRect: true, strictFileInteractability: false, timeouts: {implicit: 0, pageLoad: 300000, script: 30000}, unhandledPromptBehavior: dismiss and notify, webauthn:extension:credBlob: true, webauthn:extension:largeBlob: true, webauthn:extension:minPinLength: true, webauthn:extension:prf: true, webauthn:virtualAuthenticators: true}
Session ID: 7dd89e282f51120836629ab36a9f875e
*** Element info: {Using=xpath, value=//*[.='LOGIN']}
2023-10-15 12:51:00,340 INFO t.TestBase [TestBase.java:26] Finished test ---->loginPositiveTestUserDTO
2023-10-15 12:51:00,341 INFO t.TestBase [TestBase.java:27] =====================================================================
2023-10-15 12:51:00,341 INFO t.TestBase [TestBase.java:22] Started test ---->loginPositiveTestUserDTO
2023-10-15 12:51:00,342 INFO m.NGListener [NGListener.java:15] Start of the test --> loginPositiveTestUserDTO
2023-10-15 12:51:00,342 INFO m.WDListener [WDListener.java:20] Start searching element by locator -->By.xpath: //*[.='LOGIN']
2023-10-15 12:51:03,394 INFO m.WDListener [WDListener.java:32] Something went wrong!!!
2023-10-15 12:51:03,395 INFO m.WDListener [WDListener.java:33] no such element: Unable to locate element: {"method":"xpath","selector":"//*[.='LOGIN']"}
  (Session info: chrome=118.0.5993.70)
For documentation on this error, please visit: https://www.seleniumhq.org/exceptions/no_such_element.html
Build info: version: '3.141.59', revision: 'e82be7d358', time: '2018-11-14T08:17:03'
System info: host: 'MacBook-Elena', ip: 'fdc4:b336:629f:4bd4:894:bc40:15f8:74f6%en0', os.name: 'Mac OS X', os.arch: 'x86_64', os.version: '13.5.2', java.version: '1.8.0_333'
Driver info: org.openqa.selenium.chrome.ChromeDriver
Capabilities {acceptInsecureCerts: false, browserName: chrome, browserVersion: 118.0.5993.70, chrome: {chromedriverVersion: 118.0.5993.70 (e52f33f30b91..., userDataDir: /var/folders/xj/ypscvp816dg...}, fedcm:accounts: true, goog:chromeOptions: {debuggerAddress: localhost:61776}, javascriptEnabled: true, networkConnectionEnabled: false, pageLoadStrategy: normal, platform: MAC, platformName: MAC, proxy: Proxy(), setWindowRect: true, strictFileInteractability: false, timeouts: {implicit: 0, pageLoad: 300000, script: 30000}, unhandledPromptBehavior: dismiss and notify, webauthn:extension:credBlob: true, webauthn:extension:largeBlob: true, webauthn:extension:minPinLength: true, webauthn:extension:prf: true, webauthn:virtualAuthenticators: true}
Session ID: 7dd89e282f51120836629ab36a9f875e
*** Element info: {Using=xpath, value=//*[.='LOGIN']}
2023-10-15 12:51:03,395 INFO m.WDListener [WDListener.java:34] org.openqa.selenium.NoSuchElementException: no such element: Unable to locate element: {"method":"xpath","selector":"//*[.='LOGIN']"}
  (Session info: chrome=118.0.5993.70)
For documentation on this error, please visit: https://www.seleniumhq.org/exceptions/no_such_element.html
Build info: version: '3.141.59', revision: 'e82be7d358', time: '2018-11-14T08:17:03'
System info: host: 'MacBook-Elena', ip: 'fdc4:b336:629f:4bd4:894:bc40:15f8:74f6%en0', os.name: 'Mac OS X', os.arch: 'x86_64', os.version: '13.5.2', java.version: '1.8.0_333'
Driver info: org.openqa.selenium.chrome.ChromeDriver
Capabilities {acceptInsecureCerts: false, browserName: chrome, browserVersion: 118.0.5993.70, chrome: {chromedriverVersion: 118.0.5993.70 (e52f33f30b91..., userDataDir: /var/folders/xj/ypscvp816dg...}, fedcm:accounts: true, goog:chromeOptions: {debuggerAddress: localhost:61776}, javascriptEnabled: true, networkConnectionEnabled: false, pageLoadStrategy: normal, platform: MAC, platformName: MAC, proxy: Proxy(), setWindowRect: true, strictFileInteractability: false, timeouts: {implicit: 0, pageLoad: 300000, script: 30000}, unhandledPromptBehavior: dismiss and notify, webauthn:extension:credBlob: true, webauthn:extension:largeBlob: true, webauthn:extension:minPinLength: true, webauthn:extension:prf: true, webauthn:virtualAuthenticators: true}
Session ID: 7dd89e282f51120836629ab36a9f875e
*** Element info: {Using=xpath, value=//*[.='LOGIN']}
2023-10-15 12:51:03,900 INFO m.WDListener [WDListener.java:39] Here is the path to screenshot with error --> src/test/ScreenShots/screenshot-3063.png
2023-10-15 12:51:03,901 INFO m.NGListener [NGListener.java:27] Failure test --> org.openqa.selenium.NoSuchElementException: no such element: Unable to locate element: {"method":"xpath","selector":"//*[.='LOGIN']"}
  (Session info: chrome=118.0.5993.70)
For documentation on this error, please visit: https://www.seleniumhq.org/exceptions/no_such_element.html
Build info: version: '3.141.59', revision: 'e82be7d358', time: '2018-11-14T08:17:03'
System info: host: 'MacBook-Elena', ip: 'fdc4:b336:629f:4bd4:894:bc40:15f8:74f6%en0', os.name: 'Mac OS X', os.arch: 'x86_64', os.version: '13.5.2', java.version: '1.8.0_333'
Driver info: org.openqa.selenium.chrome.ChromeDriver
Capabilities {acceptInsecureCerts: false, browserName: chrome, browserVersion: 118.0.5993.70, chrome: {chromedriverVersion: 118.0.5993.70 (e52f33f30b91..., userDataDir: /var/folders/xj/ypscvp816dg...}, fedcm:accounts: true, goog:chromeOptions: {debuggerAddress: localhost:61776}, javascriptEnabled: true, networkConnectionEnabled: false, pageLoadStrategy: normal, platform: MAC, platformName: MAC, proxy: Proxy(), setWindowRect: true, strictFileInteractability: false, timeouts: {implicit: 0, pageLoad: 300000, script: 30000}, unhandledPromptBehavior: dismiss and notify, webauthn:extension:credBlob: true, webauthn:extension:largeBlob: true, webauthn:extension:minPinLength: true, webauthn:extension:prf: true, webauthn:virtualAuthenticators: true}
Session ID: 7dd89e282f51120836629ab36a9f875e
*** Element info: {Using=xpath, value=//*[.='LOGIN']}
2023-10-15 12:51:03,902 INFO t.TestBase [TestBase.java:26] Finished test ---->loginPositiveTestUserDTO
2023-10-15 12:51:03,902 INFO t.TestBase [TestBase.java:27] =====================================================================
2023-10-15 12:51:03,918 INFO m.ApplicationManager [ApplicationManager.java:49] Test completed
