2023-10-11 12:39:57,576 INFO m.ApplicationManager [ApplicationManager.java:27] Navigated to the link --->https://telranedu.web.app/home
2023-10-11 12:39:57,594 INFO t.TestBase [TestBase.java:19] Started test ---->loginNegativeTestWrongEmail
2023-10-11 12:39:57,594 INFO m.NGListener [NGListener.java:15] Start of the test --> loginNegativeTestWrongEmail
2023-10-11 12:39:57,595 INFO m.WDListener [WDListener.java:20] Start searching element by locator -->By.xpath: //*[.='LOGIN']
2023-10-11 12:39:57,609 INFO m.WDListener [WDListener.java:26] Element with locator -->By.xpath: //*[.='LOGIN']is found
2023-10-11 12:39:57,652 INFO m.WDListener [WDListener.java:20] Start searching element by locator -->By.xpath: //input[1]
2023-10-11 12:39:57,659 INFO m.WDListener [WDListener.java:26] Element with locator -->By.xpath: //input[1]is found
2023-10-11 12:39:57,847 INFO m.WDListener [WDListener.java:20] Start searching element by locator -->By.xpath: //input[2]
2023-10-11 12:39:57,854 INFO m.WDListener [WDListener.java:26] Element with locator -->By.xpath: //input[2]is found
2023-10-11 12:39:57,897 INFO m.WDListener [WDListener.java:20] Start searching element by locator -->By.xpath: //button[1]
2023-10-11 12:39:57,907 INFO m.WDListener [WDListener.java:26] Element with locator -->By.xpath: //button[1]is found
2023-10-11 12:40:07,964 INFO m.NGListener [NGListener.java:21] Success test --> loginNegativeTestWrongEmail
2023-10-11 12:40:07,966 INFO t.TestBase [TestBase.java:23] Finished test ---->loginNegativeTestWrongEmail
2023-10-11 12:40:07,966 INFO t.TestBase [TestBase.java:24] =====================================================================
2023-10-11 12:40:07,967 INFO t.TestBase [TestBase.java:19] Started test ---->loginNegativeTestWrongPasswordHW
2023-10-11 12:40:07,968 INFO m.NGListener [NGListener.java:15] Start of the test --> loginNegativeTestWrongPasswordHW
2023-10-11 12:40:07,968 INFO m.WDListener [WDListener.java:20] Start searching element by locator -->By.xpath: //*[.='LOGIN']
2023-10-11 12:40:07,977 INFO m.WDListener [WDListener.java:26] Element with locator -->By.xpath: //*[.='LOGIN']is found
2023-10-11 12:40:08,034 INFO m.WDListener [WDListener.java:20] Start searching element by locator -->By.xpath: //input[1]
2023-10-11 12:40:08,040 INFO m.WDListener [WDListener.java:26] Element with locator -->By.xpath: //input[1]is found
2023-10-11 12:40:08,093 INFO m.WDListener [WDListener.java:20] Start searching element by locator -->By.xpath: //input[2]
2023-10-11 12:40:08,098 INFO m.WDListener [WDListener.java:26] Element with locator -->By.xpath: //input[2]is found
2023-10-11 12:40:08,182 INFO m.WDListener [WDListener.java:20] Start searching element by locator -->By.xpath: //button[1]
2023-10-11 12:40:08,188 INFO m.WDListener [WDListener.java:26] Element with locator -->By.xpath: //button[1]is found
2023-10-11 12:40:18,229 INFO m.NGListener [NGListener.java:21] Success test --> loginNegativeTestWrongPasswordHW
2023-10-11 12:40:18,230 INFO t.TestBase [TestBase.java:23] Finished test ---->loginNegativeTestWrongPasswordHW
2023-10-11 12:40:18,231 INFO t.TestBase [TestBase.java:24] =====================================================================
2023-10-11 12:40:18,232 INFO t.TestBase [TestBase.java:19] Started test ---->loginPositiveTest
2023-10-11 12:40:18,232 INFO m.NGListener [NGListener.java:15] Start of the test --> loginPositiveTest
2023-10-11 12:40:18,233 INFO m.WDListener [WDListener.java:20] Start searching element by locator -->By.xpath: //*[.='LOGIN']
2023-10-11 12:40:18,244 INFO m.WDListener [WDListener.java:26] Element with locator -->By.xpath: //*[.='LOGIN']is found
2023-10-11 12:40:18,293 INFO m.WDListener [WDListener.java:20] Start searching element by locator -->By.xpath: //input[1]
2023-10-11 12:40:18,300 INFO m.WDListener [WDListener.java:26] Element with locator -->By.xpath: //input[1]is found
2023-10-11 12:40:18,353 INFO m.WDListener [WDListener.java:20] Start searching element by locator -->By.xpath: //input[2]
2023-10-11 12:40:18,358 INFO m.WDListener [WDListener.java:26] Element with locator -->By.xpath: //input[2]is found
2023-10-11 12:40:18,428 INFO m.WDListener [WDListener.java:20] Start searching element by locator -->By.xpath: //button[1]
2023-10-11 12:40:18,433 INFO m.WDListener [WDListener.java:26] Element with locator -->By.xpath: //button[1]is found
2023-10-11 12:40:28,455 INFO m.WDListener [WDListener.java:20] Start searching element by locator -->By.tagName: button
2023-10-11 12:40:28,481 INFO m.WDListener [WDListener.java:26] Element with locator -->By.tagName: buttonis found
2023-10-11 12:40:28,482 INFO m.NGListener [NGListener.java:21] Success test --> loginPositiveTest
2023-10-11 12:40:28,482 INFO t.TestBase [TestBase.java:23] Finished test ---->loginPositiveTest
2023-10-11 12:40:28,482 INFO t.TestBase [TestBase.java:24] =====================================================================
2023-10-11 12:40:28,483 INFO t.TestBase [TestBase.java:19] Started test ---->loginPositiveTestUser
2023-10-11 12:40:28,483 INFO m.NGListener [NGListener.java:15] Start of the test --> loginPositiveTestUser
2023-10-11 12:40:28,485 INFO m.WDListener [WDListener.java:20] Start searching element by locator -->By.xpath: //*[.='LOGIN']
2023-10-11 12:40:31,555 INFO m.WDListener [WDListener.java:32] Something went wrong!!!
2023-10-11 12:40:31,556 INFO m.WDListener [WDListener.java:33] no such element: Unable to locate element: {"method":"xpath","selector":"//*[.='LOGIN']"}
  (Session info: chrome=117.0.5938.149)
For documentation on this error, please visit: https://www.seleniumhq.org/exceptions/no_such_element.html
Build info: version: '3.141.59', revision: 'e82be7d358', time: '2018-11-14T08:17:03'
System info: host: 'MacBook-Elena', ip: 'fdc4:b336:629f:4bd4:894:bc40:15f8:74f6%en0', os.name: 'Mac OS X', os.arch: 'aarch64', os.version: '13.5.2', java.version: '17.0.8'
Driver info: org.openqa.selenium.chrome.ChromeDriver
Capabilities {acceptInsecureCerts: false, browserName: chrome, browserVersion: 117.0.5938.149, chrome: {chromedriverVersion: 116.0.5845.96 (1a3918166880..., userDataDir: /var/folders/xj/ypscvp816dg...}, fedcm:accounts: true, goog:chromeOptions: {debuggerAddress: localhost:61949}, javascriptEnabled: true, networkConnectionEnabled: false, pageLoadStrategy: normal, platform: MAC, platformName: MAC, proxy: Proxy(), setWindowRect: true, strictFileInteractability: false, timeouts: {implicit: 0, pageLoad: 300000, script: 30000}, unhandledPromptBehavior: dismiss and notify, webauthn:extension:credBlob: true, webauthn:extension:largeBlob: true, webauthn:extension:minPinLength: true, webauthn:extension:prf: true, webauthn:virtualAuthenticators: true}
Session ID: a61ac83e5643e4a3b872e80c1aba5943
*** Element info: {Using=xpath, value=//*[.='LOGIN']}
2023-10-11 12:40:31,556 INFO m.WDListener [WDListener.java:34] org.openqa.selenium.NoSuchElementException: no such element: Unable to locate element: {"method":"xpath","selector":"//*[.='LOGIN']"}
  (Session info: chrome=117.0.5938.149)
For documentation on this error, please visit: https://www.seleniumhq.org/exceptions/no_such_element.html
Build info: version: '3.141.59', revision: 'e82be7d358', time: '2018-11-14T08:17:03'
System info: host: 'MacBook-Elena', ip: 'fdc4:b336:629f:4bd4:894:bc40:15f8:74f6%en0', os.name: 'Mac OS X', os.arch: 'aarch64', os.version: '13.5.2', java.version: '17.0.8'
Driver info: org.openqa.selenium.chrome.ChromeDriver
Capabilities {acceptInsecureCerts: false, browserName: chrome, browserVersion: 117.0.5938.149, chrome: {chromedriverVersion: 116.0.5845.96 (1a3918166880..., userDataDir: /var/folders/xj/ypscvp816dg...}, fedcm:accounts: true, goog:chromeOptions: {debuggerAddress: localhost:61949}, javascriptEnabled: true, networkConnectionEnabled: false, pageLoadStrategy: normal, platform: MAC, platformName: MAC, proxy: Proxy(), setWindowRect: true, strictFileInteractability: false, timeouts: {implicit: 0, pageLoad: 300000, script: 30000}, unhandledPromptBehavior: dismiss and notify, webauthn:extension:credBlob: true, webauthn:extension:largeBlob: true, webauthn:extension:minPinLength: true, webauthn:extension:prf: true, webauthn:virtualAuthenticators: true}
Session ID: a61ac83e5643e4a3b872e80c1aba5943
*** Element info: {Using=xpath, value=//*[.='LOGIN']}
2023-10-11 12:40:32,009 INFO m.WDListener [WDListener.java:39] Here is the path to screenshot with error --> src/test/ScreenShots/screenshot-2431.png
2023-10-11 12:40:32,009 INFO m.NGListener [NGListener.java:27] Failure test --> org.openqa.selenium.NoSuchElementException: no such element: Unable to locate element: {"method":"xpath","selector":"//*[.='LOGIN']"}
  (Session info: chrome=117.0.5938.149)
For documentation on this error, please visit: https://www.seleniumhq.org/exceptions/no_such_element.html
Build info: version: '3.141.59', revision: 'e82be7d358', time: '2018-11-14T08:17:03'
System info: host: 'MacBook-Elena', ip: 'fdc4:b336:629f:4bd4:894:bc40:15f8:74f6%en0', os.name: 'Mac OS X', os.arch: 'aarch64', os.version: '13.5.2', java.version: '17.0.8'
Driver info: org.openqa.selenium.chrome.ChromeDriver
Capabilities {acceptInsecureCerts: false, browserName: chrome, browserVersion: 117.0.5938.149, chrome: {chromedriverVersion: 116.0.5845.96 (1a3918166880..., userDataDir: /var/folders/xj/ypscvp816dg...}, fedcm:accounts: true, goog:chromeOptions: {debuggerAddress: localhost:61949}, javascriptEnabled: true, networkConnectionEnabled: false, pageLoadStrategy: normal, platform: MAC, platformName: MAC, proxy: Proxy(), setWindowRect: true, strictFileInteractability: false, timeouts: {implicit: 0, pageLoad: 300000, script: 30000}, unhandledPromptBehavior: dismiss and notify, webauthn:extension:credBlob: true, webauthn:extension:largeBlob: true, webauthn:extension:minPinLength: true, webauthn:extension:prf: true, webauthn:virtualAuthenticators: true}
Session ID: a61ac83e5643e4a3b872e80c1aba5943
*** Element info: {Using=xpath, value=//*[.='LOGIN']}
2023-10-11 12:40:32,010 INFO t.TestBase [TestBase.java:23] Finished test ---->loginPositiveTestUser
2023-10-11 12:40:32,010 INFO t.TestBase [TestBase.java:24] =====================================================================
2023-10-11 12:40:32,011 INFO m.ApplicationManager [ApplicationManager.java:36] Test completed
