2023-10-15 20:04:53,578 INFO m.ApplicationManager [ApplicationManager.java:44] Test started on Chrome
2023-10-15 20:04:54,723 INFO m.ApplicationManager [ApplicationManager.java:52] Navigated to the link --->https://telranedu.web.app/home
2023-10-15 20:04:54,768 INFO t.TestBase [TestBase.java:23] Started test ---->loginPositiveTestProps
2023-10-15 20:04:54,964 INFO m.WDListener [WDListener.java:20] Start searching element by locator -->By.xpath: //button[.='Sign Out']
2023-10-15 20:04:58,015 INFO m.WDListener [WDListener.java:26] Element with locator -->By.xpath: //button[.='Sign Out']is found
2023-10-15 20:04:58,020 INFO m.NGListener [NGListener.java:15] Start of the test --> loginPositiveTestProps
2023-10-15 20:04:58,022 INFO m.WDListener [WDListener.java:20] Start searching element by locator -->By.xpath: //*[.='LOGIN']
2023-10-15 20:04:58,050 INFO m.WDListener [WDListener.java:26] Element with locator -->By.xpath: //*[.='LOGIN']is found
2023-10-15 20:04:58,430 INFO m.WDListener [WDListener.java:20] Start searching element by locator -->By.xpath: //input[1]
2023-10-15 20:04:58,557 INFO m.WDListener [WDListener.java:26] Element with locator -->By.xpath: //input[1]is found
2023-10-15 20:04:59,239 INFO m.WDListener [WDListener.java:20] Start searching element by locator -->By.xpath: //input[2]
2023-10-15 20:04:59,251 INFO m.WDListener [WDListener.java:26] Element with locator -->By.xpath: //input[2]is found
2023-10-15 20:04:59,473 INFO m.WDListener [WDListener.java:20] Start searching element by locator -->By.xpath: //button[1]
2023-10-15 20:04:59,484 INFO m.WDListener [WDListener.java:26] Element with locator -->By.xpath: //button[1]is found
2023-10-15 20:05:00,663 INFO m.WDListener [WDListener.java:20] Start searching element by locator -->By.tagName: button
2023-10-15 20:05:00,751 INFO m.WDListener [WDListener.java:32] Something went wrong!!!
2023-10-15 20:05:00,752 INFO m.WDListener [WDListener.java:33] unexpected alert open: {Alert text : Wrong email or password}
  (Session info: chrome=118.0.5993.70): Wrong email or password
Build info: version: '3.141.59', revision: 'e82be7d358', time: '2018-11-14T08:17:03'
System info: host: 'MacBook-Elena', ip: 'fdc4:b336:629f:4bd4:894:bc40:15f8:74f6%en0', os.name: 'Mac OS X', os.arch: 'x86_64', os.version: '13.5.2', java.version: '1.8.0_333'
Driver info: org.openqa.selenium.chrome.ChromeDriver
Capabilities {acceptInsecureCerts: false, browserName: chrome, browserVersion: 118.0.5993.70, chrome: {chromedriverVersion: 118.0.5993.70 (e52f33f30b91..., userDataDir: /var/folders/xj/ypscvp816dg...}, fedcm:accounts: true, goog:chromeOptions: {debuggerAddress: localhost:64996}, javascriptEnabled: true, networkConnectionEnabled: false, pageLoadStrategy: normal, platform: MAC, platformName: MAC, proxy: Proxy(), setWindowRect: true, strictFileInteractability: false, timeouts: {implicit: 0, pageLoad: 300000, script: 30000}, unhandledPromptBehavior: dismiss and notify, webauthn:extension:credBlob: true, webauthn:extension:largeBlob: true, webauthn:extension:minPinLength: true, webauthn:extension:prf: true, webauthn:virtualAuthenticators: true}
Session ID: 0c1dee0956d294c190876e90e05fdc5e
*** Element info: {Using=tag name, value=button}
2023-10-15 20:05:00,752 INFO m.WDListener [WDListener.java:34] org.openqa.selenium.UnhandledAlertException: unexpected alert open: {Alert text : Wrong email or password}
  (Session info: chrome=118.0.5993.70): Wrong email or password
Build info: version: '3.141.59', revision: 'e82be7d358', time: '2018-11-14T08:17:03'
System info: host: 'MacBook-Elena', ip: 'fdc4:b336:629f:4bd4:894:bc40:15f8:74f6%en0', os.name: 'Mac OS X', os.arch: 'x86_64', os.version: '13.5.2', java.version: '1.8.0_333'
Driver info: org.openqa.selenium.chrome.ChromeDriver
Capabilities {acceptInsecureCerts: false, browserName: chrome, browserVersion: 118.0.5993.70, chrome: {chromedriverVersion: 118.0.5993.70 (e52f33f30b91..., userDataDir: /var/folders/xj/ypscvp816dg...}, fedcm:accounts: true, goog:chromeOptions: {debuggerAddress: localhost:64996}, javascriptEnabled: true, networkConnectionEnabled: false, pageLoadStrategy: normal, platform: MAC, platformName: MAC, proxy: Proxy(), setWindowRect: true, strictFileInteractability: false, timeouts: {implicit: 0, pageLoad: 300000, script: 30000}, unhandledPromptBehavior: dismiss and notify, webauthn:extension:credBlob: true, webauthn:extension:largeBlob: true, webauthn:extension:minPinLength: true, webauthn:extension:prf: true, webauthn:virtualAuthenticators: true}
Session ID: 0c1dee0956d294c190876e90e05fdc5e
*** Element info: {Using=tag name, value=button}
2023-10-15 20:05:00,764 INFO m.NGListener [NGListener.java:27] Failure test --> org.openqa.selenium.UnhandledAlertException: unexpected alert open: {Alert text : Wrong email or password}
  (Session info: chrome=118.0.5993.70): Wrong email or password
Build info: version: '3.141.59', revision: 'e82be7d358', time: '2018-11-14T08:17:03'
System info: host: 'MacBook-Elena', ip: 'fdc4:b336:629f:4bd4:894:bc40:15f8:74f6%en0', os.name: 'Mac OS X', os.arch: 'x86_64', os.version: '13.5.2', java.version: '1.8.0_333'
Driver info: org.openqa.selenium.chrome.ChromeDriver
Capabilities {acceptInsecureCerts: false, browserName: chrome, browserVersion: 118.0.5993.70, chrome: {chromedriverVersion: 118.0.5993.70 (e52f33f30b91..., userDataDir: /var/folders/xj/ypscvp816dg...}, fedcm:accounts: true, goog:chromeOptions: {debuggerAddress: localhost:64996}, javascriptEnabled: true, networkConnectionEnabled: false, pageLoadStrategy: normal, platform: MAC, platformName: MAC, proxy: Proxy(), setWindowRect: true, strictFileInteractability: false, timeouts: {implicit: 0, pageLoad: 300000, script: 30000}, unhandledPromptBehavior: dismiss and notify, webauthn:extension:credBlob: true, webauthn:extension:largeBlob: true, webauthn:extension:minPinLength: true, webauthn:extension:prf: true, webauthn:virtualAuthenticators: true}
Session ID: 0c1dee0956d294c190876e90e05fdc5e
2023-10-15 20:05:00,770 INFO t.TestBase [TestBase.java:27] Finished test ---->loginPositiveTestProps
2023-10-15 20:05:00,770 INFO t.TestBase [TestBase.java:28] =====================================================================
2023-10-15 20:05:00,774 INFO m.ApplicationManager [ApplicationManager.java:61] Test completed
