2023-10-15 12:56:36,637 INFO m.ApplicationManager [ApplicationManager.java:32] Test started on Chrome
2023-10-15 12:56:37,443 INFO m.ApplicationManager [ApplicationManager.java:40] Navigated to the link --->https://telranedu.web.app/home
2023-10-15 12:56:37,489 INFO t.TestBase [TestBase.java:22] Started test ---->loginPositiveTestUserDTO
2023-10-15 12:56:37,675 INFO m.WDListener [WDListener.java:20] Start searching element by locator -->By.xpath: //button[.='Sign Out']
2023-10-15 12:56:40,722 INFO m.WDListener [WDListener.java:26] Element with locator -->By.xpath: //button[.='Sign Out']is found
2023-10-15 12:56:40,725 INFO m.NGListener [NGListener.java:15] Start of the test --> loginPositiveTestUserDTO
2023-10-15 12:56:40,726 INFO m.WDListener [WDListener.java:20] Start searching element by locator -->By.xpath: //*[.='LOGIN']
2023-10-15 12:56:40,757 INFO m.WDListener [WDListener.java:26] Element with locator -->By.xpath: //*[.='LOGIN']is found
2023-10-15 12:56:41,109 INFO m.WDListener [WDListener.java:20] Start searching element by locator -->By.xpath: //input[1]
2023-10-15 12:56:41,247 INFO m.WDListener [WDListener.java:26] Element with locator -->By.xpath: //input[1]is found
2023-10-15 12:56:41,928 INFO m.WDListener [WDListener.java:20] Start searching element by locator -->By.xpath: //input[2]
2023-10-15 12:56:41,940 INFO m.WDListener [WDListener.java:26] Element with locator -->By.xpath: //input[2]is found
2023-10-15 12:56:42,174 INFO m.WDListener [WDListener.java:20] Start searching element by locator -->By.xpath: //button[1]
2023-10-15 12:56:42,187 INFO m.WDListener [WDListener.java:26] Element with locator -->By.xpath: //button[1]is found
2023-10-15 12:56:45,375 INFO m.WDListener [WDListener.java:20] Start searching element by locator -->By.tagName: button
2023-10-15 12:56:45,414 INFO m.WDListener [WDListener.java:26] Element with locator -->By.tagName: buttonis found
2023-10-15 12:56:45,421 INFO m.NGListener [NGListener.java:21] Success test --> loginPositiveTestUserDTO
2023-10-15 12:56:45,424 INFO t.TestBase [TestBase.java:26] Finished test ---->loginPositiveTestUserDTO
2023-10-15 12:56:45,424 INFO t.TestBase [TestBase.java:27] =====================================================================
2023-10-15 12:56:45,425 INFO t.TestBase [TestBase.java:22] Started test ---->loginPositiveTestUserDTO
2023-10-15 12:56:45,600 INFO m.WDListener [WDListener.java:20] Start searching element by locator -->By.xpath: //button[.='Sign Out']
2023-10-15 12:56:45,646 INFO m.WDListener [WDListener.java:26] Element with locator -->By.xpath: //button[.='Sign Out']is found
2023-10-15 12:56:45,647 INFO m.WDListener [WDListener.java:20] Start searching element by locator -->By.xpath: //*[.=Sign Out]
2023-10-15 12:56:45,716 INFO m.WDListener [WDListener.java:32] Something went wrong!!!
2023-10-15 12:56:45,717 INFO m.WDListener [WDListener.java:33] invalid selector: Unable to locate an element with the xpath expression //*[.=Sign Out] because of the following error:
SyntaxError: Failed to execute 'evaluate' on 'Document': The string '//*[.=Sign Out]' is not a valid XPath expression.
  (Session info: chrome=118.0.5993.70)
For documentation on this error, please visit: https://www.seleniumhq.org/exceptions/invalid_selector_exception.html
Build info: version: '3.141.59', revision: 'e82be7d358', time: '2018-11-14T08:17:03'
System info: host: 'MacBook-Elena', ip: 'fdc4:b336:629f:4bd4:894:bc40:15f8:74f6%en0', os.name: 'Mac OS X', os.arch: 'x86_64', os.version: '13.5.2', java.version: '1.8.0_333'
Driver info: org.openqa.selenium.chrome.ChromeDriver
Capabilities {acceptInsecureCerts: false, browserName: chrome, browserVersion: 118.0.5993.70, chrome: {chromedriverVersion: 118.0.5993.70 (e52f33f30b91..., userDataDir: /var/folders/xj/ypscvp816dg...}, fedcm:accounts: true, goog:chromeOptions: {debuggerAddress: localhost:61838}, javascriptEnabled: true, networkConnectionEnabled: false, pageLoadStrategy: normal, platform: MAC, platformName: MAC, proxy: Proxy(), setWindowRect: true, strictFileInteractability: false, timeouts: {implicit: 0, pageLoad: 300000, script: 30000}, unhandledPromptBehavior: dismiss and notify, webauthn:extension:credBlob: true, webauthn:extension:largeBlob: true, webauthn:extension:minPinLength: true, webauthn:extension:prf: true, webauthn:virtualAuthenticators: true}
Session ID: cc54e7db61e76aed9195eeb7ae43f8b7
*** Element info: {Using=xpath, value=//*[.=Sign Out]}
2023-10-15 12:56:45,717 INFO m.WDListener [WDListener.java:34] org.openqa.selenium.InvalidSelectorException: invalid selector: Unable to locate an element with the xpath expression //*[.=Sign Out] because of the following error:
SyntaxError: Failed to execute 'evaluate' on 'Document': The string '//*[.=Sign Out]' is not a valid XPath expression.
  (Session info: chrome=118.0.5993.70)
For documentation on this error, please visit: https://www.seleniumhq.org/exceptions/invalid_selector_exception.html
Build info: version: '3.141.59', revision: 'e82be7d358', time: '2018-11-14T08:17:03'
System info: host: 'MacBook-Elena', ip: 'fdc4:b336:629f:4bd4:894:bc40:15f8:74f6%en0', os.name: 'Mac OS X', os.arch: 'x86_64', os.version: '13.5.2', java.version: '1.8.0_333'
Driver info: org.openqa.selenium.chrome.ChromeDriver
Capabilities {acceptInsecureCerts: false, browserName: chrome, browserVersion: 118.0.5993.70, chrome: {chromedriverVersion: 118.0.5993.70 (e52f33f30b91..., userDataDir: /var/folders/xj/ypscvp816dg...}, fedcm:accounts: true, goog:chromeOptions: {debuggerAddress: localhost:61838}, javascriptEnabled: true, networkConnectionEnabled: false, pageLoadStrategy: normal, platform: MAC, platformName: MAC, proxy: Proxy(), setWindowRect: true, strictFileInteractability: false, timeouts: {implicit: 0, pageLoad: 300000, script: 30000}, unhandledPromptBehavior: dismiss and notify, webauthn:extension:credBlob: true, webauthn:extension:largeBlob: true, webauthn:extension:minPinLength: true, webauthn:extension:prf: true, webauthn:virtualAuthenticators: true}
Session ID: cc54e7db61e76aed9195eeb7ae43f8b7
*** Element info: {Using=xpath, value=//*[.=Sign Out]}
2023-10-15 12:56:46,239 INFO m.WDListener [WDListener.java:39] Here is the path to screenshot with error --> src/test/ScreenShots/screenshot-3405.png
2023-10-15 12:56:46,259 INFO m.NGListener [NGListener.java:15] Start of the test --> loginPositiveTestUserDTO
2023-10-15 12:56:46,262 INFO t.TestBase [TestBase.java:26] Finished test ---->loginPositiveTestUserDTO
2023-10-15 12:56:46,262 INFO t.TestBase [TestBase.java:27] =====================================================================
2023-10-15 12:56:46,263 INFO t.TestBase [TestBase.java:22] Started test ---->loginPositiveTestUserDTO
2023-10-15 12:56:46,388 INFO m.WDListener [WDListener.java:20] Start searching element by locator -->By.xpath: //button[.='Sign Out']
2023-10-15 12:56:46,399 INFO m.WDListener [WDListener.java:26] Element with locator -->By.xpath: //button[.='Sign Out']is found
2023-10-15 12:56:46,401 INFO m.WDListener [WDListener.java:20] Start searching element by locator -->By.xpath: //*[.=Sign Out]
2023-10-15 12:56:46,417 INFO m.WDListener [WDListener.java:32] Something went wrong!!!
2023-10-15 12:56:46,417 INFO m.WDListener [WDListener.java:33] invalid selector: Unable to locate an element with the xpath expression //*[.=Sign Out] because of the following error:
SyntaxError: Failed to execute 'evaluate' on 'Document': The string '//*[.=Sign Out]' is not a valid XPath expression.
  (Session info: chrome=118.0.5993.70)
For documentation on this error, please visit: https://www.seleniumhq.org/exceptions/invalid_selector_exception.html
Build info: version: '3.141.59', revision: 'e82be7d358', time: '2018-11-14T08:17:03'
System info: host: 'MacBook-Elena', ip: 'fdc4:b336:629f:4bd4:894:bc40:15f8:74f6%en0', os.name: 'Mac OS X', os.arch: 'x86_64', os.version: '13.5.2', java.version: '1.8.0_333'
Driver info: org.openqa.selenium.chrome.ChromeDriver
Capabilities {acceptInsecureCerts: false, browserName: chrome, browserVersion: 118.0.5993.70, chrome: {chromedriverVersion: 118.0.5993.70 (e52f33f30b91..., userDataDir: /var/folders/xj/ypscvp816dg...}, fedcm:accounts: true, goog:chromeOptions: {debuggerAddress: localhost:61838}, javascriptEnabled: true, networkConnectionEnabled: false, pageLoadStrategy: normal, platform: MAC, platformName: MAC, proxy: Proxy(), setWindowRect: true, strictFileInteractability: false, timeouts: {implicit: 0, pageLoad: 300000, script: 30000}, unhandledPromptBehavior: dismiss and notify, webauthn:extension:credBlob: true, webauthn:extension:largeBlob: true, webauthn:extension:minPinLength: true, webauthn:extension:prf: true, webauthn:virtualAuthenticators: true}
Session ID: cc54e7db61e76aed9195eeb7ae43f8b7
*** Element info: {Using=xpath, value=//*[.=Sign Out]}
2023-10-15 12:56:46,417 INFO m.WDListener [WDListener.java:34] org.openqa.selenium.InvalidSelectorException: invalid selector: Unable to locate an element with the xpath expression //*[.=Sign Out] because of the following error:
SyntaxError: Failed to execute 'evaluate' on 'Document': The string '//*[.=Sign Out]' is not a valid XPath expression.
  (Session info: chrome=118.0.5993.70)
For documentation on this error, please visit: https://www.seleniumhq.org/exceptions/invalid_selector_exception.html
Build info: version: '3.141.59', revision: 'e82be7d358', time: '2018-11-14T08:17:03'
System info: host: 'MacBook-Elena', ip: 'fdc4:b336:629f:4bd4:894:bc40:15f8:74f6%en0', os.name: 'Mac OS X', os.arch: 'x86_64', os.version: '13.5.2', java.version: '1.8.0_333'
Driver info: org.openqa.selenium.chrome.ChromeDriver
Capabilities {acceptInsecureCerts: false, browserName: chrome, browserVersion: 118.0.5993.70, chrome: {chromedriverVersion: 118.0.5993.70 (e52f33f30b91..., userDataDir: /var/folders/xj/ypscvp816dg...}, fedcm:accounts: true, goog:chromeOptions: {debuggerAddress: localhost:61838}, javascriptEnabled: true, networkConnectionEnabled: false, pageLoadStrategy: normal, platform: MAC, platformName: MAC, proxy: Proxy(), setWindowRect: true, strictFileInteractability: false, timeouts: {implicit: 0, pageLoad: 300000, script: 30000}, unhandledPromptBehavior: dismiss and notify, webauthn:extension:credBlob: true, webauthn:extension:largeBlob: true, webauthn:extension:minPinLength: true, webauthn:extension:prf: true, webauthn:virtualAuthenticators: true}
Session ID: cc54e7db61e76aed9195eeb7ae43f8b7
*** Element info: {Using=xpath, value=//*[.=Sign Out]}
2023-10-15 12:56:46,906 INFO m.WDListener [WDListener.java:39] Here is the path to screenshot with error --> src/test/ScreenShots/screenshot-3406.png
2023-10-15 12:56:46,908 INFO m.NGListener [NGListener.java:15] Start of the test --> loginPositiveTestUserDTO
2023-10-15 12:56:46,909 INFO t.TestBase [TestBase.java:26] Finished test ---->loginPositiveTestUserDTO
2023-10-15 12:56:46,910 INFO t.TestBase [TestBase.java:27] =====================================================================
2023-10-15 12:56:46,912 INFO t.TestBase [TestBase.java:22] Started test ---->loginPositiveTestUserDTO
2023-10-15 12:56:47,026 INFO m.WDListener [WDListener.java:20] Start searching element by locator -->By.xpath: //button[.='Sign Out']
2023-10-15 12:56:47,041 INFO m.WDListener [WDListener.java:26] Element with locator -->By.xpath: //button[.='Sign Out']is found
2023-10-15 12:56:47,042 INFO m.WDListener [WDListener.java:20] Start searching element by locator -->By.xpath: //*[.=Sign Out]
2023-10-15 12:56:47,071 INFO m.WDListener [WDListener.java:32] Something went wrong!!!
2023-10-15 12:56:47,071 INFO m.WDListener [WDListener.java:33] invalid selector: Unable to locate an element with the xpath expression //*[.=Sign Out] because of the following error:
SyntaxError: Failed to execute 'evaluate' on 'Document': The string '//*[.=Sign Out]' is not a valid XPath expression.
  (Session info: chrome=118.0.5993.70)
For documentation on this error, please visit: https://www.seleniumhq.org/exceptions/invalid_selector_exception.html
Build info: version: '3.141.59', revision: 'e82be7d358', time: '2018-11-14T08:17:03'
System info: host: 'MacBook-Elena', ip: 'fdc4:b336:629f:4bd4:894:bc40:15f8:74f6%en0', os.name: 'Mac OS X', os.arch: 'x86_64', os.version: '13.5.2', java.version: '1.8.0_333'
Driver info: org.openqa.selenium.chrome.ChromeDriver
Capabilities {acceptInsecureCerts: false, browserName: chrome, browserVersion: 118.0.5993.70, chrome: {chromedriverVersion: 118.0.5993.70 (e52f33f30b91..., userDataDir: /var/folders/xj/ypscvp816dg...}, fedcm:accounts: true, goog:chromeOptions: {debuggerAddress: localhost:61838}, javascriptEnabled: true, networkConnectionEnabled: false, pageLoadStrategy: normal, platform: MAC, platformName: MAC, proxy: Proxy(), setWindowRect: true, strictFileInteractability: false, timeouts: {implicit: 0, pageLoad: 300000, script: 30000}, unhandledPromptBehavior: dismiss and notify, webauthn:extension:credBlob: true, webauthn:extension:largeBlob: true, webauthn:extension:minPinLength: true, webauthn:extension:prf: true, webauthn:virtualAuthenticators: true}
Session ID: cc54e7db61e76aed9195eeb7ae43f8b7
*** Element info: {Using=xpath, value=//*[.=Sign Out]}
2023-10-15 12:56:47,071 INFO m.WDListener [WDListener.java:34] org.openqa.selenium.InvalidSelectorException: invalid selector: Unable to locate an element with the xpath expression //*[.=Sign Out] because of the following error:
SyntaxError: Failed to execute 'evaluate' on 'Document': The string '//*[.=Sign Out]' is not a valid XPath expression.
  (Session info: chrome=118.0.5993.70)
For documentation on this error, please visit: https://www.seleniumhq.org/exceptions/invalid_selector_exception.html
Build info: version: '3.141.59', revision: 'e82be7d358', time: '2018-11-14T08:17:03'
System info: host: 'MacBook-Elena', ip: 'fdc4:b336:629f:4bd4:894:bc40:15f8:74f6%en0', os.name: 'Mac OS X', os.arch: 'x86_64', os.version: '13.5.2', java.version: '1.8.0_333'
Driver info: org.openqa.selenium.chrome.ChromeDriver
Capabilities {acceptInsecureCerts: false, browserName: chrome, browserVersion: 118.0.5993.70, chrome: {chromedriverVersion: 118.0.5993.70 (e52f33f30b91..., userDataDir: /var/folders/xj/ypscvp816dg...}, fedcm:accounts: true, goog:chromeOptions: {debuggerAddress: localhost:61838}, javascriptEnabled: true, networkConnectionEnabled: false, pageLoadStrategy: normal, platform: MAC, platformName: MAC, proxy: Proxy(), setWindowRect: true, strictFileInteractability: false, timeouts: {implicit: 0, pageLoad: 300000, script: 30000}, unhandledPromptBehavior: dismiss and notify, webauthn:extension:credBlob: true, webauthn:extension:largeBlob: true, webauthn:extension:minPinLength: true, webauthn:extension:prf: true, webauthn:virtualAuthenticators: true}
Session ID: cc54e7db61e76aed9195eeb7ae43f8b7
*** Element info: {Using=xpath, value=//*[.=Sign Out]}
2023-10-15 12:56:47,527 INFO m.WDListener [WDListener.java:39] Here is the path to screenshot with error --> src/test/ScreenShots/screenshot-3407.png
2023-10-15 12:56:47,530 INFO m.NGListener [NGListener.java:15] Start of the test --> loginPositiveTestUserDTO
2023-10-15 12:56:47,531 INFO t.TestBase [TestBase.java:26] Finished test ---->loginPositiveTestUserDTO
2023-10-15 12:56:47,531 INFO t.TestBase [TestBase.java:27] =====================================================================
2023-10-15 12:56:47,540 INFO m.ApplicationManager [ApplicationManager.java:49] Test completed
