2023-09-30 17:03:35,410 INFO m.ApplicationManager [ApplicationManager.java:26] Navigated to the link --->https://telranedu.web.app/home
2023-09-30 17:03:35,460 INFO t.TestBase [TestBase.java:19] Started test ---->loginNegativeTestWrongEmail
2023-09-30 17:03:35,462 INFO m.NGListener [NGListener.java:15] Start of the test --> loginNegativeTestWrongEmail
2023-09-30 17:03:35,463 INFO m.WDListener [WDListener.java:20] Start searching element by locator -->By.xpath: //*[.='LOGIN']
2023-09-30 17:03:35,551 INFO m.WDListener [WDListener.java:26] Element with locator -->By.xpath: //*[.='LOGIN']is found
2023-09-30 17:03:36,046 INFO m.WDListener [WDListener.java:20] Start searching element by locator -->By.xpath: //input[1]
2023-09-30 17:03:36,154 INFO m.WDListener [WDListener.java:26] Element with locator -->By.xpath: //input[1]is found
2023-09-30 17:03:36,975 INFO m.WDListener [WDListener.java:20] Start searching element by locator -->By.xpath: //input[2]
2023-09-30 17:03:36,990 INFO m.WDListener [WDListener.java:26] Element with locator -->By.xpath: //input[2]is found
2023-09-30 17:03:37,210 INFO m.WDListener [WDListener.java:20] Start searching element by locator -->By.xpath: //button[1]
2023-09-30 17:03:37,228 INFO m.WDListener [WDListener.java:26] Element with locator -->By.xpath: //button[1]is found
2023-09-30 17:03:52,771 INFO m.NGListener [NGListener.java:27] Failure test --> org.openqa.selenium.TimeoutException: Expected condition failed: waiting for alert to be present (tried for 5 second(s) with 500 milliseconds interval)
Build info: version: '3.141.59', revision: 'e82be7d358', time: '2018-11-14T08:17:03'
System info: host: 'MacBook-Elena', ip: 'fdc4:b336:629f:4bd4:894:bc40:15f8:74f6%en0', os.name: 'Mac OS X', os.arch: 'x86_64', os.version: '13.5.2', java.version: '1.8.0_333'
Driver info: org.openqa.selenium.support.events.EventFiringWebDriver
Capabilities {acceptInsecureCerts: false, browserName: chrome, browserVersion: 117.0.5938.132, chrome: {chromedriverVersion: 116.0.5845.96 (1a3918166880..., userDataDir: /var/folders/xj/ypscvp816dg...}, fedcm:accounts: true, goog:chromeOptions: {debuggerAddress: localhost:59050}, javascriptEnabled: true, networkConnectionEnabled: false, pageLoadStrategy: normal, platform: MAC, platformName: MAC, proxy: Proxy(), setWindowRect: true, strictFileInteractability: false, timeouts: {implicit: 0, pageLoad: 300000, script: 30000}, unhandledPromptBehavior: dismiss and notify, webauthn:extension:credBlob: true, webauthn:extension:largeBlob: true, webauthn:extension:minPinLength: true, webauthn:extension:prf: true, webauthn:virtualAuthenticators: true}
Session ID: 9be1e2372d15bae5b906cc5bd2c90ce5
2023-09-30 17:03:52,789 INFO t.TestBase [TestBase.java:23] Finished test ---->loginNegativeTestWrongEmail
2023-09-30 17:03:52,789 INFO t.TestBase [TestBase.java:24] =====================================================================
2023-09-30 17:03:52,813 INFO t.TestBase [TestBase.java:19] Started test ---->loginNegativeTestWrongPasswordHW
2023-09-30 17:03:52,815 INFO m.NGListener [NGListener.java:15] Start of the test --> loginNegativeTestWrongPasswordHW
2023-09-30 17:03:52,816 INFO m.WDListener [WDListener.java:20] Start searching element by locator -->By.xpath: //*[.='LOGIN']
2023-09-30 17:03:52,855 INFO m.WDListener [WDListener.java:26] Element with locator -->By.xpath: //*[.='LOGIN']is found
2023-09-30 17:03:52,956 INFO m.WDListener [WDListener.java:20] Start searching element by locator -->By.xpath: //input[1]
2023-09-30 17:03:52,978 INFO m.WDListener [WDListener.java:26] Element with locator -->By.xpath: //input[1]is found
2023-09-30 17:03:53,166 INFO m.WDListener [WDListener.java:20] Start searching element by locator -->By.xpath: //input[2]
2023-09-30 17:03:53,203 INFO m.WDListener [WDListener.java:26] Element with locator -->By.xpath: //input[2]is found
2023-09-30 17:03:53,424 INFO m.WDListener [WDListener.java:20] Start searching element by locator -->By.xpath: //button[1]
2023-09-30 17:03:53,457 INFO m.WDListener [WDListener.java:26] Element with locator -->By.xpath: //button[1]is found
2023-09-30 17:04:08,932 INFO m.NGListener [NGListener.java:27] Failure test --> org.openqa.selenium.TimeoutException: Expected condition failed: waiting for alert to be present (tried for 5 second(s) with 500 milliseconds interval)
Build info: version: '3.141.59', revision: 'e82be7d358', time: '2018-11-14T08:17:03'
System info: host: 'MacBook-Elena', ip: 'fdc4:b336:629f:4bd4:894:bc40:15f8:74f6%en0', os.name: 'Mac OS X', os.arch: 'x86_64', os.version: '13.5.2', java.version: '1.8.0_333'
Driver info: org.openqa.selenium.support.events.EventFiringWebDriver
Capabilities {acceptInsecureCerts: false, browserName: chrome, browserVersion: 117.0.5938.132, chrome: {chromedriverVersion: 116.0.5845.96 (1a3918166880..., userDataDir: /var/folders/xj/ypscvp816dg...}, fedcm:accounts: true, goog:chromeOptions: {debuggerAddress: localhost:59050}, javascriptEnabled: true, networkConnectionEnabled: false, pageLoadStrategy: normal, platform: MAC, platformName: MAC, proxy: Proxy(), setWindowRect: true, strictFileInteractability: false, timeouts: {implicit: 0, pageLoad: 300000, script: 30000}, unhandledPromptBehavior: dismiss and notify, webauthn:extension:credBlob: true, webauthn:extension:largeBlob: true, webauthn:extension:minPinLength: true, webauthn:extension:prf: true, webauthn:virtualAuthenticators: true}
Session ID: 9be1e2372d15bae5b906cc5bd2c90ce5
2023-09-30 17:04:08,940 INFO t.TestBase [TestBase.java:23] Finished test ---->loginNegativeTestWrongPasswordHW
2023-09-30 17:04:08,944 INFO t.TestBase [TestBase.java:24] =====================================================================
2023-09-30 17:04:08,948 INFO t.TestBase [TestBase.java:19] Started test ---->loginPositiveTest
2023-09-30 17:04:08,950 INFO m.NGListener [NGListener.java:15] Start of the test --> loginPositiveTest
2023-09-30 17:04:08,952 INFO m.WDListener [WDListener.java:20] Start searching element by locator -->By.xpath: //*[.='LOGIN']
2023-09-30 17:04:08,970 INFO m.WDListener [WDListener.java:26] Element with locator -->By.xpath: //*[.='LOGIN']is found
2023-09-30 17:04:09,379 INFO m.WDListener [WDListener.java:20] Start searching element by locator -->By.xpath: //input[1]
2023-09-30 17:04:09,388 INFO m.WDListener [WDListener.java:26] Element with locator -->By.xpath: //input[1]is found
2023-09-30 17:04:09,635 INFO m.WDListener [WDListener.java:20] Start searching element by locator -->By.xpath: //input[2]
2023-09-30 17:04:09,678 INFO m.WDListener [WDListener.java:26] Element with locator -->By.xpath: //input[2]is found
2023-09-30 17:04:09,899 INFO m.WDListener [WDListener.java:20] Start searching element by locator -->By.xpath: //button[1]
2023-09-30 17:04:09,932 INFO m.WDListener [WDListener.java:26] Element with locator -->By.xpath: //button[1]is found
2023-09-30 17:04:20,118 INFO m.WDListener [WDListener.java:20] Start searching element by locator -->By.tagName: button
2023-09-30 17:04:20,178 INFO m.WDListener [WDListener.java:26] Element with locator -->By.tagName: buttonis found
2023-09-30 17:04:20,182 INFO m.NGListener [NGListener.java:21] Success test --> loginPositiveTest
2023-09-30 17:04:20,185 INFO t.TestBase [TestBase.java:23] Finished test ---->loginPositiveTest
2023-09-30 17:04:20,185 INFO t.TestBase [TestBase.java:24] =====================================================================
2023-09-30 17:04:20,189 INFO t.TestBase [TestBase.java:19] Started test ---->loginPositiveTestUser
2023-09-30 17:04:20,189 INFO m.NGListener [NGListener.java:15] Start of the test --> loginPositiveTestUser
2023-09-30 17:04:20,196 INFO m.WDListener [WDListener.java:20] Start searching element by locator -->By.xpath: //*[.='LOGIN']
2023-09-30 17:04:23,242 INFO m.WDListener [WDListener.java:32] Something went wrong!!!
2023-09-30 17:04:23,246 INFO m.WDListener [WDListener.java:33] no such element: Unable to locate element: {"method":"xpath","selector":"//*[.='LOGIN']"}
  (Session info: chrome=117.0.5938.132)
For documentation on this error, please visit: https://www.seleniumhq.org/exceptions/no_such_element.html
Build info: version: '3.141.59', revision: 'e82be7d358', time: '2018-11-14T08:17:03'
System info: host: 'MacBook-Elena', ip: 'fdc4:b336:629f:4bd4:894:bc40:15f8:74f6%en0', os.name: 'Mac OS X', os.arch: 'x86_64', os.version: '13.5.2', java.version: '1.8.0_333'
Driver info: org.openqa.selenium.chrome.ChromeDriver
Capabilities {acceptInsecureCerts: false, browserName: chrome, browserVersion: 117.0.5938.132, chrome: {chromedriverVersion: 116.0.5845.96 (1a3918166880..., userDataDir: /var/folders/xj/ypscvp816dg...}, fedcm:accounts: true, goog:chromeOptions: {debuggerAddress: localhost:59050}, javascriptEnabled: true, networkConnectionEnabled: false, pageLoadStrategy: normal, platform: MAC, platformName: MAC, proxy: Proxy(), setWindowRect: true, strictFileInteractability: false, timeouts: {implicit: 0, pageLoad: 300000, script: 30000}, unhandledPromptBehavior: dismiss and notify, webauthn:extension:credBlob: true, webauthn:extension:largeBlob: true, webauthn:extension:minPinLength: true, webauthn:extension:prf: true, webauthn:virtualAuthenticators: true}
Session ID: 9be1e2372d15bae5b906cc5bd2c90ce5
*** Element info: {Using=xpath, value=//*[.='LOGIN']}
2023-09-30 17:04:23,247 INFO m.WDListener [WDListener.java:34] org.openqa.selenium.NoSuchElementException: no such element: Unable to locate element: {"method":"xpath","selector":"//*[.='LOGIN']"}
  (Session info: chrome=117.0.5938.132)
For documentation on this error, please visit: https://www.seleniumhq.org/exceptions/no_such_element.html
Build info: version: '3.141.59', revision: 'e82be7d358', time: '2018-11-14T08:17:03'
System info: host: 'MacBook-Elena', ip: 'fdc4:b336:629f:4bd4:894:bc40:15f8:74f6%en0', os.name: 'Mac OS X', os.arch: 'x86_64', os.version: '13.5.2', java.version: '1.8.0_333'
Driver info: org.openqa.selenium.chrome.ChromeDriver
Capabilities {acceptInsecureCerts: false, browserName: chrome, browserVersion: 117.0.5938.132, chrome: {chromedriverVersion: 116.0.5845.96 (1a3918166880..., userDataDir: /var/folders/xj/ypscvp816dg...}, fedcm:accounts: true, goog:chromeOptions: {debuggerAddress: localhost:59050}, javascriptEnabled: true, networkConnectionEnabled: false, pageLoadStrategy: normal, platform: MAC, platformName: MAC, proxy: Proxy(), setWindowRect: true, strictFileInteractability: false, timeouts: {implicit: 0, pageLoad: 300000, script: 30000}, unhandledPromptBehavior: dismiss and notify, webauthn:extension:credBlob: true, webauthn:extension:largeBlob: true, webauthn:extension:minPinLength: true, webauthn:extension:prf: true, webauthn:virtualAuthenticators: true}
Session ID: 9be1e2372d15bae5b906cc5bd2c90ce5
*** Element info: {Using=xpath, value=//*[.='LOGIN']}
2023-09-30 17:04:23,928 INFO m.WDListener [WDListener.java:39] Here is the path to screenshot with error --> src/test/ScreenShots/screenshot-263.png
2023-09-30 17:04:23,931 INFO m.NGListener [NGListener.java:27] Failure test --> org.openqa.selenium.NoSuchElementException: no such element: Unable to locate element: {"method":"xpath","selector":"//*[.='LOGIN']"}
  (Session info: chrome=117.0.5938.132)
For documentation on this error, please visit: https://www.seleniumhq.org/exceptions/no_such_element.html
Build info: version: '3.141.59', revision: 'e82be7d358', time: '2018-11-14T08:17:03'
System info: host: 'MacBook-Elena', ip: 'fdc4:b336:629f:4bd4:894:bc40:15f8:74f6%en0', os.name: 'Mac OS X', os.arch: 'x86_64', os.version: '13.5.2', java.version: '1.8.0_333'
Driver info: org.openqa.selenium.chrome.ChromeDriver
Capabilities {acceptInsecureCerts: false, browserName: chrome, browserVersion: 117.0.5938.132, chrome: {chromedriverVersion: 116.0.5845.96 (1a3918166880..., userDataDir: /var/folders/xj/ypscvp816dg...}, fedcm:accounts: true, goog:chromeOptions: {debuggerAddress: localhost:59050}, javascriptEnabled: true, networkConnectionEnabled: false, pageLoadStrategy: normal, platform: MAC, platformName: MAC, proxy: Proxy(), setWindowRect: true, strictFileInteractability: false, timeouts: {implicit: 0, pageLoad: 300000, script: 30000}, unhandledPromptBehavior: dismiss and notify, webauthn:extension:credBlob: true, webauthn:extension:largeBlob: true, webauthn:extension:minPinLength: true, webauthn:extension:prf: true, webauthn:virtualAuthenticators: true}
Session ID: 9be1e2372d15bae5b906cc5bd2c90ce5
*** Element info: {Using=xpath, value=//*[.='LOGIN']}
2023-09-30 17:04:23,936 INFO t.TestBase [TestBase.java:23] Finished test ---->loginPositiveTestUser
2023-09-30 17:04:23,937 INFO t.TestBase [TestBase.java:24] =====================================================================
2023-09-30 17:04:23,950 INFO m.ApplicationManager [ApplicationManager.java:35] Test completed
