2023-10-08 19:09:45,057 INFO m.ApplicationManager [ApplicationManager.java:27] Navigated to the link --->https://telranedu.web.app/home
2023-10-08 19:09:45,076 INFO t.TestBase [TestBase.java:19] Started test ---->addNewContactPositive
2023-10-08 19:09:45,076 INFO m.WDListener [WDListener.java:20] Start searching element by locator -->By.xpath: //button[.='Sign Out']
2023-10-08 19:09:48,120 INFO m.WDListener [WDListener.java:26] Element with locator -->By.xpath: //button[.='Sign Out']is found
2023-10-08 19:09:48,121 INFO m.WDListener [WDListener.java:20] Start searching element by locator -->By.xpath: //*[.='LOGIN']
2023-10-08 19:09:48,136 INFO m.WDListener [WDListener.java:26] Element with locator -->By.xpath: //*[.='LOGIN']is found
2023-10-08 19:09:48,185 INFO m.WDListener [WDListener.java:20] Start searching element by locator -->By.xpath: //input[@placeholder='Email']
2023-10-08 19:09:48,194 INFO m.WDListener [WDListener.java:26] Element with locator -->By.xpath: //input[@placeholder='Email']is found
2023-10-08 19:09:48,365 INFO m.WDListener [WDListener.java:20] Start searching element by locator -->By.xpath: //input[@placeholder='Password']
2023-10-08 19:09:48,373 INFO m.WDListener [WDListener.java:26] Element with locator -->By.xpath: //input[@placeholder='Password']is found
2023-10-08 19:09:48,417 INFO m.WDListener [WDListener.java:20] Start searching element by locator -->By.xpath: //button[1]
2023-10-08 19:09:48,425 INFO m.WDListener [WDListener.java:26] Element with locator -->By.xpath: //button[1]is found
2023-10-08 19:09:48,453 INFO m.NGListener [NGListener.java:15] Start of the test --> addNewContactPositive
2023-10-08 19:09:48,455 INFO m.WDListener [WDListener.java:20] Start searching element by locator -->By.xpath: //a[.='ADD']
2023-10-08 19:09:49,952 INFO m.WDListener [WDListener.java:26] Element with locator -->By.xpath: //a[.='ADD']is found
2023-10-08 19:09:49,991 INFO m.WDListener [WDListener.java:20] Start searching element by locator -->By.cssSelector: [placeholder='Name']
2023-10-08 19:09:49,999 INFO m.WDListener [WDListener.java:26] Element with locator -->By.cssSelector: [placeholder='Name']is found
2023-10-08 19:09:50,054 INFO m.WDListener [WDListener.java:20] Start searching element by locator -->By.cssSelector: [placeholder='Last Name']
2023-10-08 19:09:50,061 INFO m.WDListener [WDListener.java:26] Element with locator -->By.cssSelector: [placeholder='Last Name']is found
2023-10-08 19:09:50,099 INFO m.WDListener [WDListener.java:20] Start searching element by locator -->By.cssSelector: [placeholder='Phone']
2023-10-08 19:09:50,106 INFO m.WDListener [WDListener.java:26] Element with locator -->By.cssSelector: [placeholder='Phone']is found
2023-10-08 19:09:50,148 INFO m.WDListener [WDListener.java:20] Start searching element by locator -->By.cssSelector: [placeholder='email']
2023-10-08 19:09:50,154 INFO m.WDListener [WDListener.java:26] Element with locator -->By.cssSelector: [placeholder='email']is found
2023-10-08 19:09:50,197 INFO m.WDListener [WDListener.java:20] Start searching element by locator -->By.cssSelector: [placeholder='Address']
2023-10-08 19:09:50,204 INFO m.WDListener [WDListener.java:26] Element with locator -->By.cssSelector: [placeholder='Address']is found
2023-10-08 19:09:50,243 INFO m.WDListener [WDListener.java:20] Start searching element by locator -->By.cssSelector: [placeholder='description']
2023-10-08 19:09:50,250 INFO m.WDListener [WDListener.java:26] Element with locator -->By.cssSelector: [placeholder='description']is found
2023-10-08 19:09:50,296 INFO m.WDListener [WDListener.java:20] Start searching element by locator -->By.xpath: //button[.='Save']
2023-10-08 19:09:50,304 INFO m.WDListener [WDListener.java:26] Element with locator -->By.xpath: //button[.='Save']is found
2023-10-08 19:09:50,323 INFO m.WDListener [WDListener.java:20] Start searching element by locator -->By.xpath: //div[@class='contact-item_card__2SOIM'][last()]//h3
2023-10-08 19:09:51,182 INFO m.WDListener [WDListener.java:26] Element with locator -->By.xpath: //div[@class='contact-item_card__2SOIM'][last()]//h3is found
2023-10-08 19:09:51,198 INFO m.NGListener [NGListener.java:21] Success test --> addNewContactPositive
2023-10-08 19:09:51,199 INFO t.TestBase [TestBase.java:23] Finished test ---->addNewContactPositive
2023-10-08 19:09:51,199 INFO t.TestBase [TestBase.java:24] =====================================================================
2023-10-08 19:09:51,200 INFO t.TestBase [TestBase.java:19] Started test ---->addNewContactPositive
2023-10-08 19:09:51,200 INFO m.WDListener [WDListener.java:20] Start searching element by locator -->By.xpath: //button[.='Sign Out']
2023-10-08 19:09:51,207 INFO m.WDListener [WDListener.java:26] Element with locator -->By.xpath: //button[.='Sign Out']is found
2023-10-08 19:09:51,207 INFO m.NGListener [NGListener.java:15] Start of the test --> addNewContactPositive
2023-10-08 19:09:51,208 INFO m.WDListener [WDListener.java:20] Start searching element by locator -->By.xpath: //a[.='ADD']
2023-10-08 19:09:51,214 INFO m.WDListener [WDListener.java:26] Element with locator -->By.xpath: //a[.='ADD']is found
2023-10-08 19:09:51,235 INFO m.WDListener [WDListener.java:20] Start searching element by locator -->By.cssSelector: [placeholder='Name']
2023-10-08 19:09:51,242 INFO m.WDListener [WDListener.java:26] Element with locator -->By.cssSelector: [placeholder='Name']is found
2023-10-08 19:09:51,295 INFO m.WDListener [WDListener.java:20] Start searching element by locator -->By.cssSelector: [placeholder='Last Name']
2023-10-08 19:09:51,302 INFO m.WDListener [WDListener.java:26] Element with locator -->By.cssSelector: [placeholder='Last Name']is found
2023-10-08 19:09:51,344 INFO m.WDListener [WDListener.java:20] Start searching element by locator -->By.cssSelector: [placeholder='Phone']
2023-10-08 19:09:51,349 INFO m.WDListener [WDListener.java:26] Element with locator -->By.cssSelector: [placeholder='Phone']is found
2023-10-08 19:09:51,391 INFO m.WDListener [WDListener.java:20] Start searching element by locator -->By.cssSelector: [placeholder='email']
2023-10-08 19:09:51,396 INFO m.WDListener [WDListener.java:26] Element with locator -->By.cssSelector: [placeholder='email']is found
2023-10-08 19:09:51,441 INFO m.WDListener [WDListener.java:20] Start searching element by locator -->By.cssSelector: [placeholder='Address']
2023-10-08 19:09:51,446 INFO m.WDListener [WDListener.java:26] Element with locator -->By.cssSelector: [placeholder='Address']is found
2023-10-08 19:09:51,495 INFO m.WDListener [WDListener.java:20] Start searching element by locator -->By.cssSelector: [placeholder='description']
2023-10-08 19:09:51,500 INFO m.WDListener [WDListener.java:26] Element with locator -->By.cssSelector: [placeholder='description']is found
2023-10-08 19:09:51,547 INFO m.WDListener [WDListener.java:20] Start searching element by locator -->By.xpath: //button[.='Save']
2023-10-08 19:09:51,553 INFO m.WDListener [WDListener.java:26] Element with locator -->By.xpath: //button[.='Save']is found
2023-10-08 19:09:51,571 INFO m.WDListener [WDListener.java:20] Start searching element by locator -->By.xpath: //div[@class='contact-item_card__2SOIM'][last()]//h3
2023-10-08 19:09:51,975 INFO m.WDListener [WDListener.java:26] Element with locator -->By.xpath: //div[@class='contact-item_card__2SOIM'][last()]//h3is found
2023-10-08 19:09:51,983 INFO m.NGListener [NGListener.java:21] Success test --> addNewContactPositive
2023-10-08 19:09:51,983 INFO t.TestBase [TestBase.java:23] Finished test ---->addNewContactPositive
2023-10-08 19:09:51,984 INFO t.TestBase [TestBase.java:24] =====================================================================
2023-10-08 19:09:51,984 INFO t.TestBase [TestBase.java:19] Started test ---->addNewContactPositive
2023-10-08 19:09:51,984 INFO m.WDListener [WDListener.java:20] Start searching element by locator -->By.xpath: //button[.='Sign Out']
2023-10-08 19:09:51,992 INFO m.WDListener [WDListener.java:26] Element with locator -->By.xpath: //button[.='Sign Out']is found
2023-10-08 19:09:51,992 INFO m.NGListener [NGListener.java:15] Start of the test --> addNewContactPositive
2023-10-08 19:09:51,993 INFO m.WDListener [WDListener.java:20] Start searching element by locator -->By.xpath: //a[.='ADD']
2023-10-08 19:09:51,999 INFO m.WDListener [WDListener.java:26] Element with locator -->By.xpath: //a[.='ADD']is found
2023-10-08 19:09:52,021 INFO m.WDListener [WDListener.java:20] Start searching element by locator -->By.cssSelector: [placeholder='Name']
2023-10-08 19:09:52,029 INFO m.WDListener [WDListener.java:26] Element with locator -->By.cssSelector: [placeholder='Name']is found
2023-10-08 19:09:52,078 INFO m.WDListener [WDListener.java:20] Start searching element by locator -->By.cssSelector: [placeholder='Last Name']
2023-10-08 19:09:52,085 INFO m.WDListener [WDListener.java:26] Element with locator -->By.cssSelector: [placeholder='Last Name']is found
2023-10-08 19:09:52,126 INFO m.WDListener [WDListener.java:20] Start searching element by locator -->By.cssSelector: [placeholder='Phone']
2023-10-08 19:09:52,131 INFO m.WDListener [WDListener.java:26] Element with locator -->By.cssSelector: [placeholder='Phone']is found
2023-10-08 19:09:52,173 INFO m.WDListener [WDListener.java:20] Start searching element by locator -->By.cssSelector: [placeholder='email']
2023-10-08 19:09:52,178 INFO m.WDListener [WDListener.java:26] Element with locator -->By.cssSelector: [placeholder='email']is found
2023-10-08 19:09:52,222 INFO m.WDListener [WDListener.java:20] Start searching element by locator -->By.cssSelector: [placeholder='Address']
2023-10-08 19:09:52,228 INFO m.WDListener [WDListener.java:26] Element with locator -->By.cssSelector: [placeholder='Address']is found
2023-10-08 19:09:52,275 INFO m.WDListener [WDListener.java:20] Start searching element by locator -->By.cssSelector: [placeholder='description']
2023-10-08 19:09:52,281 INFO m.WDListener [WDListener.java:26] Element with locator -->By.cssSelector: [placeholder='description']is found
2023-10-08 19:09:52,331 INFO m.WDListener [WDListener.java:20] Start searching element by locator -->By.xpath: //button[.='Save']
2023-10-08 19:09:52,337 INFO m.WDListener [WDListener.java:26] Element with locator -->By.xpath: //button[.='Save']is found
2023-10-08 19:09:52,354 INFO m.WDListener [WDListener.java:20] Start searching element by locator -->By.xpath: //div[@class='contact-item_card__2SOIM'][last()]//h3
2023-10-08 19:09:52,763 INFO m.WDListener [WDListener.java:26] Element with locator -->By.xpath: //div[@class='contact-item_card__2SOIM'][last()]//h3is found
2023-10-08 19:09:52,768 INFO m.NGListener [NGListener.java:21] Success test --> addNewContactPositive
2023-10-08 19:09:52,769 INFO t.TestBase [TestBase.java:23] Finished test ---->addNewContactPositive
2023-10-08 19:09:52,769 INFO t.TestBase [TestBase.java:24] =====================================================================
2023-10-08 19:09:52,769 INFO t.TestBase [TestBase.java:19] Started test ---->addNewContactPositive
2023-10-08 19:09:52,769 INFO m.WDListener [WDListener.java:20] Start searching element by locator -->By.xpath: //button[.='Sign Out']
2023-10-08 19:09:52,775 INFO m.WDListener [WDListener.java:26] Element with locator -->By.xpath: //button[.='Sign Out']is found
2023-10-08 19:09:52,776 INFO m.NGListener [NGListener.java:15] Start of the test --> addNewContactPositive
2023-10-08 19:09:52,776 INFO m.WDListener [WDListener.java:20] Start searching element by locator -->By.xpath: //a[.='ADD']
2023-10-08 19:09:52,781 INFO m.WDListener [WDListener.java:26] Element with locator -->By.xpath: //a[.='ADD']is found
2023-10-08 19:09:52,800 INFO m.WDListener [WDListener.java:20] Start searching element by locator -->By.cssSelector: [placeholder='Name']
2023-10-08 19:09:52,805 INFO m.WDListener [WDListener.java:26] Element with locator -->By.cssSelector: [placeholder='Name']is found
2023-10-08 19:09:52,854 INFO m.WDListener [WDListener.java:20] Start searching element by locator -->By.cssSelector: [placeholder='Last Name']
2023-10-08 19:09:52,858 INFO m.WDListener [WDListener.java:26] Element with locator -->By.cssSelector: [placeholder='Last Name']is found
2023-10-08 19:09:52,897 INFO m.WDListener [WDListener.java:20] Start searching element by locator -->By.cssSelector: [placeholder='Phone']
2023-10-08 19:09:52,902 INFO m.WDListener [WDListener.java:26] Element with locator -->By.cssSelector: [placeholder='Phone']is found
2023-10-08 19:09:52,942 INFO m.WDListener [WDListener.java:20] Start searching element by locator -->By.cssSelector: [placeholder='email']
2023-10-08 19:09:52,947 INFO m.WDListener [WDListener.java:26] Element with locator -->By.cssSelector: [placeholder='email']is found
2023-10-08 19:09:52,990 INFO m.WDListener [WDListener.java:20] Start searching element by locator -->By.cssSelector: [placeholder='Address']
2023-10-08 19:09:52,997 INFO m.WDListener [WDListener.java:26] Element with locator -->By.cssSelector: [placeholder='Address']is found
2023-10-08 19:09:53,045 INFO m.WDListener [WDListener.java:20] Start searching element by locator -->By.cssSelector: [placeholder='description']
2023-10-08 19:09:53,050 INFO m.WDListener [WDListener.java:26] Element with locator -->By.cssSelector: [placeholder='description']is found
2023-10-08 19:09:53,096 INFO m.WDListener [WDListener.java:20] Start searching element by locator -->By.xpath: //button[.='Save']
2023-10-08 19:09:53,101 INFO m.WDListener [WDListener.java:26] Element with locator -->By.xpath: //button[.='Save']is found
2023-10-08 19:09:53,118 INFO m.WDListener [WDListener.java:20] Start searching element by locator -->By.xpath: //div[@class='contact-item_card__2SOIM'][last()]//h3
2023-10-08 19:09:53,525 INFO m.WDListener [WDListener.java:26] Element with locator -->By.xpath: //div[@class='contact-item_card__2SOIM'][last()]//h3is found
2023-10-08 19:09:53,532 INFO m.NGListener [NGListener.java:21] Success test --> addNewContactPositive
2023-10-08 19:09:53,532 INFO t.TestBase [TestBase.java:23] Finished test ---->addNewContactPositive
2023-10-08 19:09:53,532 INFO t.TestBase [TestBase.java:24] =====================================================================
2023-10-08 19:09:53,533 INFO t.TestBase [TestBase.java:19] Started test ---->addNewContactPositive
2023-10-08 19:09:53,533 INFO m.WDListener [WDListener.java:20] Start searching element by locator -->By.xpath: //button[.='Sign Out']
2023-10-08 19:09:53,540 INFO m.WDListener [WDListener.java:26] Element with locator -->By.xpath: //button[.='Sign Out']is found
2023-10-08 19:09:53,540 INFO m.NGListener [NGListener.java:15] Start of the test --> addNewContactPositive
2023-10-08 19:09:53,540 INFO m.WDListener [WDListener.java:20] Start searching element by locator -->By.xpath: //a[.='ADD']
2023-10-08 19:09:53,547 INFO m.WDListener [WDListener.java:26] Element with locator -->By.xpath: //a[.='ADD']is found
2023-10-08 19:09:53,567 INFO m.WDListener [WDListener.java:20] Start searching element by locator -->By.cssSelector: [placeholder='Name']
2023-10-08 19:09:53,573 INFO m.WDListener [WDListener.java:26] Element with locator -->By.cssSelector: [placeholder='Name']is found
2023-10-08 19:09:53,622 INFO m.WDListener [WDListener.java:20] Start searching element by locator -->By.cssSelector: [placeholder='Last Name']
2023-10-08 19:09:53,627 INFO m.WDListener [WDListener.java:26] Element with locator -->By.cssSelector: [placeholder='Last Name']is found
2023-10-08 19:09:53,666 INFO m.WDListener [WDListener.java:20] Start searching element by locator -->By.cssSelector: [placeholder='Phone']
2023-10-08 19:09:53,671 INFO m.WDListener [WDListener.java:26] Element with locator -->By.cssSelector: [placeholder='Phone']is found
2023-10-08 19:09:53,714 INFO m.WDListener [WDListener.java:20] Start searching element by locator -->By.cssSelector: [placeholder='email']
2023-10-08 19:09:53,719 INFO m.WDListener [WDListener.java:26] Element with locator -->By.cssSelector: [placeholder='email']is found
2023-10-08 19:09:53,761 INFO m.WDListener [WDListener.java:20] Start searching element by locator -->By.cssSelector: [placeholder='Address']
2023-10-08 19:09:53,767 INFO m.WDListener [WDListener.java:26] Element with locator -->By.cssSelector: [placeholder='Address']is found
2023-10-08 19:09:53,812 INFO m.WDListener [WDListener.java:20] Start searching element by locator -->By.cssSelector: [placeholder='description']
2023-10-08 19:09:53,818 INFO m.WDListener [WDListener.java:26] Element with locator -->By.cssSelector: [placeholder='description']is found
2023-10-08 19:09:53,864 INFO m.WDListener [WDListener.java:20] Start searching element by locator -->By.xpath: //button[.='Save']
2023-10-08 19:09:53,869 INFO m.WDListener [WDListener.java:26] Element with locator -->By.xpath: //button[.='Save']is found
2023-10-08 19:09:53,886 INFO m.WDListener [WDListener.java:20] Start searching element by locator -->By.xpath: //div[@class='contact-item_card__2SOIM'][last()]//h3
2023-10-08 19:09:54,290 INFO m.WDListener [WDListener.java:26] Element with locator -->By.xpath: //div[@class='contact-item_card__2SOIM'][last()]//h3is found
2023-10-08 19:09:54,297 INFO m.NGListener [NGListener.java:21] Success test --> addNewContactPositive
2023-10-08 19:09:54,298 INFO t.TestBase [TestBase.java:23] Finished test ---->addNewContactPositive
2023-10-08 19:09:54,298 INFO t.TestBase [TestBase.java:24] =====================================================================
2023-10-08 19:09:54,300 INFO t.TestBase [TestBase.java:19] Started test ---->loginNegativeTestWrongEmail
2023-10-08 19:09:54,300 INFO m.NGListener [NGListener.java:15] Start of the test --> loginNegativeTestWrongEmail
2023-10-08 19:09:54,300 INFO m.WDListener [WDListener.java:20] Start searching element by locator -->By.xpath: //*[.='LOGIN']
2023-10-08 19:09:57,346 INFO m.WDListener [WDListener.java:32] Something went wrong!!!
2023-10-08 19:09:57,347 INFO m.WDListener [WDListener.java:33] no such element: Unable to locate element: {"method":"xpath","selector":"//*[.='LOGIN']"}
  (Session info: chrome=117.0.5938.149)
For documentation on this error, please visit: https://www.seleniumhq.org/exceptions/no_such_element.html
Build info: version: '3.141.59', revision: 'e82be7d358', time: '2018-11-14T08:17:03'
System info: host: 'MacBook-Elena', ip: 'fdc4:b336:629f:4bd4:894:bc40:15f8:74f6%en0', os.name: 'Mac OS X', os.arch: 'aarch64', os.version: '13.5.2', java.version: '17.0.8'
Driver info: org.openqa.selenium.chrome.ChromeDriver
Capabilities {acceptInsecureCerts: false, browserName: chrome, browserVersion: 117.0.5938.149, chrome: {chromedriverVersion: 116.0.5845.96 (1a3918166880..., userDataDir: /var/folders/xj/ypscvp816dg...}, fedcm:accounts: true, goog:chromeOptions: {debuggerAddress: localhost:53004}, javascriptEnabled: true, networkConnectionEnabled: false, pageLoadStrategy: normal, platform: MAC, platformName: MAC, proxy: Proxy(), setWindowRect: true, strictFileInteractability: false, timeouts: {implicit: 0, pageLoad: 300000, script: 30000}, unhandledPromptBehavior: dismiss and notify, webauthn:extension:credBlob: true, webauthn:extension:largeBlob: true, webauthn:extension:minPinLength: true, webauthn:extension:prf: true, webauthn:virtualAuthenticators: true}
Session ID: 9f80e8db16887341c4cff6a6cbd19022
*** Element info: {Using=xpath, value=//*[.='LOGIN']}
2023-10-08 19:09:57,347 INFO m.WDListener [WDListener.java:34] org.openqa.selenium.NoSuchElementException: no such element: Unable to locate element: {"method":"xpath","selector":"//*[.='LOGIN']"}
  (Session info: chrome=117.0.5938.149)
For documentation on this error, please visit: https://www.seleniumhq.org/exceptions/no_such_element.html
Build info: version: '3.141.59', revision: 'e82be7d358', time: '2018-11-14T08:17:03'
System info: host: 'MacBook-Elena', ip: 'fdc4:b336:629f:4bd4:894:bc40:15f8:74f6%en0', os.name: 'Mac OS X', os.arch: 'aarch64', os.version: '13.5.2', java.version: '17.0.8'
Driver info: org.openqa.selenium.chrome.ChromeDriver
Capabilities {acceptInsecureCerts: false, browserName: chrome, browserVersion: 117.0.5938.149, chrome: {chromedriverVersion: 116.0.5845.96 (1a3918166880..., userDataDir: /var/folders/xj/ypscvp816dg...}, fedcm:accounts: true, goog:chromeOptions: {debuggerAddress: localhost:53004}, javascriptEnabled: true, networkConnectionEnabled: false, pageLoadStrategy: normal, platform: MAC, platformName: MAC, proxy: Proxy(), setWindowRect: true, strictFileInteractability: false, timeouts: {implicit: 0, pageLoad: 300000, script: 30000}, unhandledPromptBehavior: dismiss and notify, webauthn:extension:credBlob: true, webauthn:extension:largeBlob: true, webauthn:extension:minPinLength: true, webauthn:extension:prf: true, webauthn:virtualAuthenticators: true}
Session ID: 9f80e8db16887341c4cff6a6cbd19022
*** Element info: {Using=xpath, value=//*[.='LOGIN']}
2023-10-08 19:09:57,790 INFO m.WDListener [WDListener.java:39] Here is the path to screenshot with error --> src/test/ScreenShots/screenshot-597.png
2023-10-08 19:09:57,790 INFO m.NGListener [NGListener.java:27] Failure test --> org.openqa.selenium.NoSuchElementException: no such element: Unable to locate element: {"method":"xpath","selector":"//*[.='LOGIN']"}
  (Session info: chrome=117.0.5938.149)
For documentation on this error, please visit: https://www.seleniumhq.org/exceptions/no_such_element.html
Build info: version: '3.141.59', revision: 'e82be7d358', time: '2018-11-14T08:17:03'
System info: host: 'MacBook-Elena', ip: 'fdc4:b336:629f:4bd4:894:bc40:15f8:74f6%en0', os.name: 'Mac OS X', os.arch: 'aarch64', os.version: '13.5.2', java.version: '17.0.8'
Driver info: org.openqa.selenium.chrome.ChromeDriver
Capabilities {acceptInsecureCerts: false, browserName: chrome, browserVersion: 117.0.5938.149, chrome: {chromedriverVersion: 116.0.5845.96 (1a3918166880..., userDataDir: /var/folders/xj/ypscvp816dg...}, fedcm:accounts: true, goog:chromeOptions: {debuggerAddress: localhost:53004}, javascriptEnabled: true, networkConnectionEnabled: false, pageLoadStrategy: normal, platform: MAC, platformName: MAC, proxy: Proxy(), setWindowRect: true, strictFileInteractability: false, timeouts: {implicit: 0, pageLoad: 300000, script: 30000}, unhandledPromptBehavior: dismiss and notify, webauthn:extension:credBlob: true, webauthn:extension:largeBlob: true, webauthn:extension:minPinLength: true, webauthn:extension:prf: true, webauthn:virtualAuthenticators: true}
Session ID: 9f80e8db16887341c4cff6a6cbd19022
*** Element info: {Using=xpath, value=//*[.='LOGIN']}
2023-10-08 19:09:57,791 INFO t.TestBase [TestBase.java:23] Finished test ---->loginNegativeTestWrongEmail
2023-10-08 19:09:57,791 INFO t.TestBase [TestBase.java:24] =====================================================================
2023-10-08 19:09:57,791 INFO t.TestBase [TestBase.java:19] Started test ---->loginNegativeTestWrongPasswordHW
2023-10-08 19:09:57,791 INFO m.NGListener [NGListener.java:15] Start of the test --> loginNegativeTestWrongPasswordHW
2023-10-08 19:09:57,791 INFO m.WDListener [WDListener.java:20] Start searching element by locator -->By.xpath: //*[.='LOGIN']
2023-10-08 19:10:00,835 INFO m.WDListener [WDListener.java:32] Something went wrong!!!
2023-10-08 19:10:00,836 INFO m.WDListener [WDListener.java:33] no such element: Unable to locate element: {"method":"xpath","selector":"//*[.='LOGIN']"}
  (Session info: chrome=117.0.5938.149)
For documentation on this error, please visit: https://www.seleniumhq.org/exceptions/no_such_element.html
Build info: version: '3.141.59', revision: 'e82be7d358', time: '2018-11-14T08:17:03'
System info: host: 'MacBook-Elena', ip: 'fdc4:b336:629f:4bd4:894:bc40:15f8:74f6%en0', os.name: 'Mac OS X', os.arch: 'aarch64', os.version: '13.5.2', java.version: '17.0.8'
Driver info: org.openqa.selenium.chrome.ChromeDriver
Capabilities {acceptInsecureCerts: false, browserName: chrome, browserVersion: 117.0.5938.149, chrome: {chromedriverVersion: 116.0.5845.96 (1a3918166880..., userDataDir: /var/folders/xj/ypscvp816dg...}, fedcm:accounts: true, goog:chromeOptions: {debuggerAddress: localhost:53004}, javascriptEnabled: true, networkConnectionEnabled: false, pageLoadStrategy: normal, platform: MAC, platformName: MAC, proxy: Proxy(), setWindowRect: true, strictFileInteractability: false, timeouts: {implicit: 0, pageLoad: 300000, script: 30000}, unhandledPromptBehavior: dismiss and notify, webauthn:extension:credBlob: true, webauthn:extension:largeBlob: true, webauthn:extension:minPinLength: true, webauthn:extension:prf: true, webauthn:virtualAuthenticators: true}
Session ID: 9f80e8db16887341c4cff6a6cbd19022
*** Element info: {Using=xpath, value=//*[.='LOGIN']}
2023-10-08 19:10:00,836 INFO m.WDListener [WDListener.java:34] org.openqa.selenium.NoSuchElementException: no such element: Unable to locate element: {"method":"xpath","selector":"//*[.='LOGIN']"}
  (Session info: chrome=117.0.5938.149)
For documentation on this error, please visit: https://www.seleniumhq.org/exceptions/no_such_element.html
Build info: version: '3.141.59', revision: 'e82be7d358', time: '2018-11-14T08:17:03'
System info: host: 'MacBook-Elena', ip: 'fdc4:b336:629f:4bd4:894:bc40:15f8:74f6%en0', os.name: 'Mac OS X', os.arch: 'aarch64', os.version: '13.5.2', java.version: '17.0.8'
Driver info: org.openqa.selenium.chrome.ChromeDriver
Capabilities {acceptInsecureCerts: false, browserName: chrome, browserVersion: 117.0.5938.149, chrome: {chromedriverVersion: 116.0.5845.96 (1a3918166880..., userDataDir: /var/folders/xj/ypscvp816dg...}, fedcm:accounts: true, goog:chromeOptions: {debuggerAddress: localhost:53004}, javascriptEnabled: true, networkConnectionEnabled: false, pageLoadStrategy: normal, platform: MAC, platformName: MAC, proxy: Proxy(), setWindowRect: true, strictFileInteractability: false, timeouts: {implicit: 0, pageLoad: 300000, script: 30000}, unhandledPromptBehavior: dismiss and notify, webauthn:extension:credBlob: true, webauthn:extension:largeBlob: true, webauthn:extension:minPinLength: true, webauthn:extension:prf: true, webauthn:virtualAuthenticators: true}
Session ID: 9f80e8db16887341c4cff6a6cbd19022
*** Element info: {Using=xpath, value=//*[.='LOGIN']}
2023-10-08 19:10:01,245 INFO m.WDListener [WDListener.java:39] Here is the path to screenshot with error --> src/test/ScreenShots/screenshot-600.png
2023-10-08 19:10:01,246 INFO m.NGListener [NGListener.java:27] Failure test --> org.openqa.selenium.NoSuchElementException: no such element: Unable to locate element: {"method":"xpath","selector":"//*[.='LOGIN']"}
  (Session info: chrome=117.0.5938.149)
For documentation on this error, please visit: https://www.seleniumhq.org/exceptions/no_such_element.html
Build info: version: '3.141.59', revision: 'e82be7d358', time: '2018-11-14T08:17:03'
System info: host: 'MacBook-Elena', ip: 'fdc4:b336:629f:4bd4:894:bc40:15f8:74f6%en0', os.name: 'Mac OS X', os.arch: 'aarch64', os.version: '13.5.2', java.version: '17.0.8'
Driver info: org.openqa.selenium.chrome.ChromeDriver
Capabilities {acceptInsecureCerts: false, browserName: chrome, browserVersion: 117.0.5938.149, chrome: {chromedriverVersion: 116.0.5845.96 (1a3918166880..., userDataDir: /var/folders/xj/ypscvp816dg...}, fedcm:accounts: true, goog:chromeOptions: {debuggerAddress: localhost:53004}, javascriptEnabled: true, networkConnectionEnabled: false, pageLoadStrategy: normal, platform: MAC, platformName: MAC, proxy: Proxy(), setWindowRect: true, strictFileInteractability: false, timeouts: {implicit: 0, pageLoad: 300000, script: 30000}, unhandledPromptBehavior: dismiss and notify, webauthn:extension:credBlob: true, webauthn:extension:largeBlob: true, webauthn:extension:minPinLength: true, webauthn:extension:prf: true, webauthn:virtualAuthenticators: true}
Session ID: 9f80e8db16887341c4cff6a6cbd19022
*** Element info: {Using=xpath, value=//*[.='LOGIN']}
2023-10-08 19:10:01,246 INFO t.TestBase [TestBase.java:23] Finished test ---->loginNegativeTestWrongPasswordHW
2023-10-08 19:10:01,246 INFO t.TestBase [TestBase.java:24] =====================================================================
2023-10-08 19:10:01,246 INFO t.TestBase [TestBase.java:19] Started test ---->loginPositiveTest
2023-10-08 19:10:01,247 INFO m.NGListener [NGListener.java:15] Start of the test --> loginPositiveTest
2023-10-08 19:10:01,247 INFO m.WDListener [WDListener.java:20] Start searching element by locator -->By.xpath: //*[.='LOGIN']
2023-10-08 19:10:04,310 INFO m.WDListener [WDListener.java:32] Something went wrong!!!
2023-10-08 19:10:04,311 INFO m.WDListener [WDListener.java:33] no such element: Unable to locate element: {"method":"xpath","selector":"//*[.='LOGIN']"}
  (Session info: chrome=117.0.5938.149)
For documentation on this error, please visit: https://www.seleniumhq.org/exceptions/no_such_element.html
Build info: version: '3.141.59', revision: 'e82be7d358', time: '2018-11-14T08:17:03'
System info: host: 'MacBook-Elena', ip: 'fdc4:b336:629f:4bd4:894:bc40:15f8:74f6%en0', os.name: 'Mac OS X', os.arch: 'aarch64', os.version: '13.5.2', java.version: '17.0.8'
Driver info: org.openqa.selenium.chrome.ChromeDriver
Capabilities {acceptInsecureCerts: false, browserName: chrome, browserVersion: 117.0.5938.149, chrome: {chromedriverVersion: 116.0.5845.96 (1a3918166880..., userDataDir: /var/folders/xj/ypscvp816dg...}, fedcm:accounts: true, goog:chromeOptions: {debuggerAddress: localhost:53004}, javascriptEnabled: true, networkConnectionEnabled: false, pageLoadStrategy: normal, platform: MAC, platformName: MAC, proxy: Proxy(), setWindowRect: true, strictFileInteractability: false, timeouts: {implicit: 0, pageLoad: 300000, script: 30000}, unhandledPromptBehavior: dismiss and notify, webauthn:extension:credBlob: true, webauthn:extension:largeBlob: true, webauthn:extension:minPinLength: true, webauthn:extension:prf: true, webauthn:virtualAuthenticators: true}
Session ID: 9f80e8db16887341c4cff6a6cbd19022
*** Element info: {Using=xpath, value=//*[.='LOGIN']}
2023-10-08 19:10:04,311 INFO m.WDListener [WDListener.java:34] org.openqa.selenium.NoSuchElementException: no such element: Unable to locate element: {"method":"xpath","selector":"//*[.='LOGIN']"}
  (Session info: chrome=117.0.5938.149)
For documentation on this error, please visit: https://www.seleniumhq.org/exceptions/no_such_element.html
Build info: version: '3.141.59', revision: 'e82be7d358', time: '2018-11-14T08:17:03'
System info: host: 'MacBook-Elena', ip: 'fdc4:b336:629f:4bd4:894:bc40:15f8:74f6%en0', os.name: 'Mac OS X', os.arch: 'aarch64', os.version: '13.5.2', java.version: '17.0.8'
Driver info: org.openqa.selenium.chrome.ChromeDriver
Capabilities {acceptInsecureCerts: false, browserName: chrome, browserVersion: 117.0.5938.149, chrome: {chromedriverVersion: 116.0.5845.96 (1a3918166880..., userDataDir: /var/folders/xj/ypscvp816dg...}, fedcm:accounts: true, goog:chromeOptions: {debuggerAddress: localhost:53004}, javascriptEnabled: true, networkConnectionEnabled: false, pageLoadStrategy: normal, platform: MAC, platformName: MAC, proxy: Proxy(), setWindowRect: true, strictFileInteractability: false, timeouts: {implicit: 0, pageLoad: 300000, script: 30000}, unhandledPromptBehavior: dismiss and notify, webauthn:extension:credBlob: true, webauthn:extension:largeBlob: true, webauthn:extension:minPinLength: true, webauthn:extension:prf: true, webauthn:virtualAuthenticators: true}
Session ID: 9f80e8db16887341c4cff6a6cbd19022
*** Element info: {Using=xpath, value=//*[.='LOGIN']}
2023-10-08 19:10:04,708 INFO m.WDListener [WDListener.java:39] Here is the path to screenshot with error --> src/test/ScreenShots/screenshot-604.png
2023-10-08 19:10:04,708 INFO m.NGListener [NGListener.java:27] Failure test --> org.openqa.selenium.NoSuchElementException: no such element: Unable to locate element: {"method":"xpath","selector":"//*[.='LOGIN']"}
  (Session info: chrome=117.0.5938.149)
For documentation on this error, please visit: https://www.seleniumhq.org/exceptions/no_such_element.html
Build info: version: '3.141.59', revision: 'e82be7d358', time: '2018-11-14T08:17:03'
System info: host: 'MacBook-Elena', ip: 'fdc4:b336:629f:4bd4:894:bc40:15f8:74f6%en0', os.name: 'Mac OS X', os.arch: 'aarch64', os.version: '13.5.2', java.version: '17.0.8'
Driver info: org.openqa.selenium.chrome.ChromeDriver
Capabilities {acceptInsecureCerts: false, browserName: chrome, browserVersion: 117.0.5938.149, chrome: {chromedriverVersion: 116.0.5845.96 (1a3918166880..., userDataDir: /var/folders/xj/ypscvp816dg...}, fedcm:accounts: true, goog:chromeOptions: {debuggerAddress: localhost:53004}, javascriptEnabled: true, networkConnectionEnabled: false, pageLoadStrategy: normal, platform: MAC, platformName: MAC, proxy: Proxy(), setWindowRect: true, strictFileInteractability: false, timeouts: {implicit: 0, pageLoad: 300000, script: 30000}, unhandledPromptBehavior: dismiss and notify, webauthn:extension:credBlob: true, webauthn:extension:largeBlob: true, webauthn:extension:minPinLength: true, webauthn:extension:prf: true, webauthn:virtualAuthenticators: true}
Session ID: 9f80e8db16887341c4cff6a6cbd19022
*** Element info: {Using=xpath, value=//*[.='LOGIN']}
2023-10-08 19:10:04,709 INFO t.TestBase [TestBase.java:23] Finished test ---->loginPositiveTest
2023-10-08 19:10:04,709 INFO t.TestBase [TestBase.java:24] =====================================================================
2023-10-08 19:10:04,709 INFO t.TestBase [TestBase.java:19] Started test ---->loginPositiveTestUser
2023-10-08 19:10:04,709 INFO m.NGListener [NGListener.java:15] Start of the test --> loginPositiveTestUser
2023-10-08 19:10:04,709 INFO m.WDListener [WDListener.java:20] Start searching element by locator -->By.xpath: //*[.='LOGIN']
2023-10-08 19:10:07,723 INFO m.WDListener [WDListener.java:32] Something went wrong!!!
2023-10-08 19:10:07,724 INFO m.WDListener [WDListener.java:33] no such element: Unable to locate element: {"method":"xpath","selector":"//*[.='LOGIN']"}
  (Session info: chrome=117.0.5938.149)
For documentation on this error, please visit: https://www.seleniumhq.org/exceptions/no_such_element.html
Build info: version: '3.141.59', revision: 'e82be7d358', time: '2018-11-14T08:17:03'
System info: host: 'MacBook-Elena', ip: 'fdc4:b336:629f:4bd4:894:bc40:15f8:74f6%en0', os.name: 'Mac OS X', os.arch: 'aarch64', os.version: '13.5.2', java.version: '17.0.8'
Driver info: org.openqa.selenium.chrome.ChromeDriver
Capabilities {acceptInsecureCerts: false, browserName: chrome, browserVersion: 117.0.5938.149, chrome: {chromedriverVersion: 116.0.5845.96 (1a3918166880..., userDataDir: /var/folders/xj/ypscvp816dg...}, fedcm:accounts: true, goog:chromeOptions: {debuggerAddress: localhost:53004}, javascriptEnabled: true, networkConnectionEnabled: false, pageLoadStrategy: normal, platform: MAC, platformName: MAC, proxy: Proxy(), setWindowRect: true, strictFileInteractability: false, timeouts: {implicit: 0, pageLoad: 300000, script: 30000}, unhandledPromptBehavior: dismiss and notify, webauthn:extension:credBlob: true, webauthn:extension:largeBlob: true, webauthn:extension:minPinLength: true, webauthn:extension:prf: true, webauthn:virtualAuthenticators: true}
Session ID: 9f80e8db16887341c4cff6a6cbd19022
*** Element info: {Using=xpath, value=//*[.='LOGIN']}
2023-10-08 19:10:07,724 INFO m.WDListener [WDListener.java:34] org.openqa.selenium.NoSuchElementException: no such element: Unable to locate element: {"method":"xpath","selector":"//*[.='LOGIN']"}
  (Session info: chrome=117.0.5938.149)
For documentation on this error, please visit: https://www.seleniumhq.org/exceptions/no_such_element.html
Build info: version: '3.141.59', revision: 'e82be7d358', time: '2018-11-14T08:17:03'
System info: host: 'MacBook-Elena', ip: 'fdc4:b336:629f:4bd4:894:bc40:15f8:74f6%en0', os.name: 'Mac OS X', os.arch: 'aarch64', os.version: '13.5.2', java.version: '17.0.8'
Driver info: org.openqa.selenium.chrome.ChromeDriver
Capabilities {acceptInsecureCerts: false, browserName: chrome, browserVersion: 117.0.5938.149, chrome: {chromedriverVersion: 116.0.5845.96 (1a3918166880..., userDataDir: /var/folders/xj/ypscvp816dg...}, fedcm:accounts: true, goog:chromeOptions: {debuggerAddress: localhost:53004}, javascriptEnabled: true, networkConnectionEnabled: false, pageLoadStrategy: normal, platform: MAC, platformName: MAC, proxy: Proxy(), setWindowRect: true, strictFileInteractability: false, timeouts: {implicit: 0, pageLoad: 300000, script: 30000}, unhandledPromptBehavior: dismiss and notify, webauthn:extension:credBlob: true, webauthn:extension:largeBlob: true, webauthn:extension:minPinLength: true, webauthn:extension:prf: true, webauthn:virtualAuthenticators: true}
Session ID: 9f80e8db16887341c4cff6a6cbd19022
*** Element info: {Using=xpath, value=//*[.='LOGIN']}
2023-10-08 19:10:08,129 INFO m.WDListener [WDListener.java:39] Here is the path to screenshot with error --> src/test/ScreenShots/screenshot-607.png
2023-10-08 19:10:08,129 INFO m.NGListener [NGListener.java:27] Failure test --> org.openqa.selenium.NoSuchElementException: no such element: Unable to locate element: {"method":"xpath","selector":"//*[.='LOGIN']"}
  (Session info: chrome=117.0.5938.149)
For documentation on this error, please visit: https://www.seleniumhq.org/exceptions/no_such_element.html
Build info: version: '3.141.59', revision: 'e82be7d358', time: '2018-11-14T08:17:03'
System info: host: 'MacBook-Elena', ip: 'fdc4:b336:629f:4bd4:894:bc40:15f8:74f6%en0', os.name: 'Mac OS X', os.arch: 'aarch64', os.version: '13.5.2', java.version: '17.0.8'
Driver info: org.openqa.selenium.chrome.ChromeDriver
Capabilities {acceptInsecureCerts: false, browserName: chrome, browserVersion: 117.0.5938.149, chrome: {chromedriverVersion: 116.0.5845.96 (1a3918166880..., userDataDir: /var/folders/xj/ypscvp816dg...}, fedcm:accounts: true, goog:chromeOptions: {debuggerAddress: localhost:53004}, javascriptEnabled: true, networkConnectionEnabled: false, pageLoadStrategy: normal, platform: MAC, platformName: MAC, proxy: Proxy(), setWindowRect: true, strictFileInteractability: false, timeouts: {implicit: 0, pageLoad: 300000, script: 30000}, unhandledPromptBehavior: dismiss and notify, webauthn:extension:credBlob: true, webauthn:extension:largeBlob: true, webauthn:extension:minPinLength: true, webauthn:extension:prf: true, webauthn:virtualAuthenticators: true}
Session ID: 9f80e8db16887341c4cff6a6cbd19022
*** Element info: {Using=xpath, value=//*[.='LOGIN']}
2023-10-08 19:10:08,130 INFO t.TestBase [TestBase.java:23] Finished test ---->loginPositiveTestUser
2023-10-08 19:10:08,130 INFO t.TestBase [TestBase.java:24] =====================================================================
2023-10-08 19:10:08,130 INFO t.TestBase [TestBase.java:19] Started test ---->registrationNegativeWrongEmailHW
2023-10-08 19:10:08,216 INFO m.WDListener [WDListener.java:20] Start searching element by locator -->By.xpath: //button[.='Sign Out']
2023-10-08 19:10:08,222 INFO m.WDListener [WDListener.java:26] Element with locator -->By.xpath: //button[.='Sign Out']is found
2023-10-08 19:10:08,222 INFO m.WDListener [WDListener.java:20] Start searching element by locator -->By.xpath: //*[.=Sign Out]
2023-10-08 19:10:08,237 INFO m.WDListener [WDListener.java:32] Something went wrong!!!
2023-10-08 19:10:08,237 INFO m.WDListener [WDListener.java:33] invalid selector: Unable to locate an element with the xpath expression //*[.=Sign Out] because of the following error:
SyntaxError: Failed to execute 'evaluate' on 'Document': The string '//*[.=Sign Out]' is not a valid XPath expression.
  (Session info: chrome=117.0.5938.149)
For documentation on this error, please visit: https://www.seleniumhq.org/exceptions/invalid_selector_exception.html
Build info: version: '3.141.59', revision: 'e82be7d358', time: '2018-11-14T08:17:03'
System info: host: 'MacBook-Elena', ip: 'fdc4:b336:629f:4bd4:894:bc40:15f8:74f6%en0', os.name: 'Mac OS X', os.arch: 'aarch64', os.version: '13.5.2', java.version: '17.0.8'
Driver info: org.openqa.selenium.chrome.ChromeDriver
Capabilities {acceptInsecureCerts: false, browserName: chrome, browserVersion: 117.0.5938.149, chrome: {chromedriverVersion: 116.0.5845.96 (1a3918166880..., userDataDir: /var/folders/xj/ypscvp816dg...}, fedcm:accounts: true, goog:chromeOptions: {debuggerAddress: localhost:53004}, javascriptEnabled: true, networkConnectionEnabled: false, pageLoadStrategy: normal, platform: MAC, platformName: MAC, proxy: Proxy(), setWindowRect: true, strictFileInteractability: false, timeouts: {implicit: 0, pageLoad: 300000, script: 30000}, unhandledPromptBehavior: dismiss and notify, webauthn:extension:credBlob: true, webauthn:extension:largeBlob: true, webauthn:extension:minPinLength: true, webauthn:extension:prf: true, webauthn:virtualAuthenticators: true}
Session ID: 9f80e8db16887341c4cff6a6cbd19022
*** Element info: {Using=xpath, value=//*[.=Sign Out]}
2023-10-08 19:10:08,237 INFO m.WDListener [WDListener.java:34] org.openqa.selenium.InvalidSelectorException: invalid selector: Unable to locate an element with the xpath expression //*[.=Sign Out] because of the following error:
SyntaxError: Failed to execute 'evaluate' on 'Document': The string '//*[.=Sign Out]' is not a valid XPath expression.
  (Session info: chrome=117.0.5938.149)
For documentation on this error, please visit: https://www.seleniumhq.org/exceptions/invalid_selector_exception.html
Build info: version: '3.141.59', revision: 'e82be7d358', time: '2018-11-14T08:17:03'
System info: host: 'MacBook-Elena', ip: 'fdc4:b336:629f:4bd4:894:bc40:15f8:74f6%en0', os.name: 'Mac OS X', os.arch: 'aarch64', os.version: '13.5.2', java.version: '17.0.8'
Driver info: org.openqa.selenium.chrome.ChromeDriver
Capabilities {acceptInsecureCerts: false, browserName: chrome, browserVersion: 117.0.5938.149, chrome: {chromedriverVersion: 116.0.5845.96 (1a3918166880..., userDataDir: /var/folders/xj/ypscvp816dg...}, fedcm:accounts: true, goog:chromeOptions: {debuggerAddress: localhost:53004}, javascriptEnabled: true, networkConnectionEnabled: false, pageLoadStrategy: normal, platform: MAC, platformName: MAC, proxy: Proxy(), setWindowRect: true, strictFileInteractability: false, timeouts: {implicit: 0, pageLoad: 300000, script: 30000}, unhandledPromptBehavior: dismiss and notify, webauthn:extension:credBlob: true, webauthn:extension:largeBlob: true, webauthn:extension:minPinLength: true, webauthn:extension:prf: true, webauthn:virtualAuthenticators: true}
Session ID: 9f80e8db16887341c4cff6a6cbd19022
*** Element info: {Using=xpath, value=//*[.=Sign Out]}
2023-10-08 19:10:08,610 INFO m.WDListener [WDListener.java:39] Here is the path to screenshot with error --> src/test/ScreenShots/screenshot-608.png
2023-10-08 19:10:08,611 INFO m.NGListener [NGListener.java:15] Start of the test --> registrationNegativeWrongEmailHW
2023-10-08 19:10:08,612 INFO m.NGListener [NGListener.java:15] Start of the test --> registrationPositiveTest
2023-10-08 19:10:08,613 INFO m.ApplicationManager [ApplicationManager.java:36] Test completed
