2023-09-27 20:03:30,545 INFO m.ApplicationManager [ApplicationManager.java:26] Navigated to the link --->https://telranedu.web.app/home
2023-09-27 20:03:30,592 INFO t.TestBase [TestBase.java:19] Started test ---->loginPositiveTest
2023-09-27 20:03:30,594 INFO m.NGListener [NGListener.java:15] Start of the test --> loginPositiveTest
2023-09-27 20:03:30,597 INFO m.WDListener [WDListener.java:20] Start searching element by locator -->By.xpath: //*[.='LOGIN']
2023-09-27 20:03:30,675 INFO m.WDListener [WDListener.java:26] Element with locator -->By.xpath: //*[.='LOGIN']is found
2023-09-27 20:03:31,078 INFO m.WDListener [WDListener.java:20] Start searching element by locator -->By.xpath: //input[1]
2023-09-27 20:03:31,194 INFO m.WDListener [WDListener.java:26] Element with locator -->By.xpath: //input[1]is found
2023-09-27 20:03:31,963 INFO m.WDListener [WDListener.java:20] Start searching element by locator -->By.xpath: input[2]
2023-09-27 20:03:35,061 INFO m.WDListener [WDListener.java:32] Something went wrong!!!
2023-09-27 20:03:35,062 INFO m.WDListener [WDListener.java:33] no such element: Unable to locate element: {"method":"xpath","selector":"input[2]"}
  (Session info: chrome=117.0.5938.92)
For documentation on this error, please visit: https://www.seleniumhq.org/exceptions/no_such_element.html
Build info: version: '3.141.59', revision: 'e82be7d358', time: '2018-11-14T08:17:03'
System info: host: 'MacBook-Elena', ip: 'fdc4:b336:629f:4bd4:894:bc40:15f8:74f6%en0', os.name: 'Mac OS X', os.arch: 'x86_64', os.version: '13.5.2', java.version: '1.8.0_333'
Driver info: org.openqa.selenium.chrome.ChromeDriver
Capabilities {acceptInsecureCerts: false, browserName: chrome, browserVersion: 117.0.5938.92, chrome: {chromedriverVersion: 116.0.5845.96 (1a3918166880..., userDataDir: /var/folders/xj/ypscvp816dg...}, fedcm:accounts: true, goog:chromeOptions: {debuggerAddress: localhost:58793}, javascriptEnabled: true, networkConnectionEnabled: false, pageLoadStrategy: normal, platform: MAC, platformName: MAC, proxy: Proxy(), setWindowRect: true, strictFileInteractability: false, timeouts: {implicit: 0, pageLoad: 300000, script: 30000}, unhandledPromptBehavior: dismiss and notify, webauthn:extension:credBlob: true, webauthn:extension:largeBlob: true, webauthn:extension:minPinLength: true, webauthn:extension:prf: true, webauthn:virtualAuthenticators: true}
Session ID: 9e373afc2db9ea2bb3e131a971e09764
*** Element info: {Using=xpath, value=input[2]}
2023-09-27 20:03:35,062 INFO m.WDListener [WDListener.java:34] org.openqa.selenium.NoSuchElementException: no such element: Unable to locate element: {"method":"xpath","selector":"input[2]"}
  (Session info: chrome=117.0.5938.92)
For documentation on this error, please visit: https://www.seleniumhq.org/exceptions/no_such_element.html
Build info: version: '3.141.59', revision: 'e82be7d358', time: '2018-11-14T08:17:03'
System info: host: 'MacBook-Elena', ip: 'fdc4:b336:629f:4bd4:894:bc40:15f8:74f6%en0', os.name: 'Mac OS X', os.arch: 'x86_64', os.version: '13.5.2', java.version: '1.8.0_333'
Driver info: org.openqa.selenium.chrome.ChromeDriver
Capabilities {acceptInsecureCerts: false, browserName: chrome, browserVersion: 117.0.5938.92, chrome: {chromedriverVersion: 116.0.5845.96 (1a3918166880..., userDataDir: /var/folders/xj/ypscvp816dg...}, fedcm:accounts: true, goog:chromeOptions: {debuggerAddress: localhost:58793}, javascriptEnabled: true, networkConnectionEnabled: false, pageLoadStrategy: normal, platform: MAC, platformName: MAC, proxy: Proxy(), setWindowRect: true, strictFileInteractability: false, timeouts: {implicit: 0, pageLoad: 300000, script: 30000}, unhandledPromptBehavior: dismiss and notify, webauthn:extension:credBlob: true, webauthn:extension:largeBlob: true, webauthn:extension:minPinLength: true, webauthn:extension:prf: true, webauthn:virtualAuthenticators: true}
Session ID: 9e373afc2db9ea2bb3e131a971e09764
*** Element info: {Using=xpath, value=input[2]}
2023-09-27 20:03:35,629 INFO m.WDListener [WDListener.java:39] Here is the path to screenshot with error --> src/test/ScreenShots/screenshot-215.png
2023-09-27 20:03:35,632 INFO m.NGListener [NGListener.java:27] Failure test --> org.openqa.selenium.NoSuchElementException: no such element: Unable to locate element: {"method":"xpath","selector":"input[2]"}
  (Session info: chrome=117.0.5938.92)
For documentation on this error, please visit: https://www.seleniumhq.org/exceptions/no_such_element.html
Build info: version: '3.141.59', revision: 'e82be7d358', time: '2018-11-14T08:17:03'
System info: host: 'MacBook-Elena', ip: 'fdc4:b336:629f:4bd4:894:bc40:15f8:74f6%en0', os.name: 'Mac OS X', os.arch: 'x86_64', os.version: '13.5.2', java.version: '1.8.0_333'
Driver info: org.openqa.selenium.chrome.ChromeDriver
Capabilities {acceptInsecureCerts: false, browserName: chrome, browserVersion: 117.0.5938.92, chrome: {chromedriverVersion: 116.0.5845.96 (1a3918166880..., userDataDir: /var/folders/xj/ypscvp816dg...}, fedcm:accounts: true, goog:chromeOptions: {debuggerAddress: localhost:58793}, javascriptEnabled: true, networkConnectionEnabled: false, pageLoadStrategy: normal, platform: MAC, platformName: MAC, proxy: Proxy(), setWindowRect: true, strictFileInteractability: false, timeouts: {implicit: 0, pageLoad: 300000, script: 30000}, unhandledPromptBehavior: dismiss and notify, webauthn:extension:credBlob: true, webauthn:extension:largeBlob: true, webauthn:extension:minPinLength: true, webauthn:extension:prf: true, webauthn:virtualAuthenticators: true}
Session ID: 9e373afc2db9ea2bb3e131a971e09764
*** Element info: {Using=xpath, value=input[2]}
2023-09-27 20:03:35,644 INFO t.TestBase [TestBase.java:23] Finished test ---->loginPositiveTest
2023-09-27 20:03:35,644 INFO t.TestBase [TestBase.java:24] =====================================================================
2023-09-27 20:03:35,665 INFO m.ApplicationManager [ApplicationManager.java:34] Test completed
